#
# There is insufficient memory for the Java Runtime Environment to continue.
# Native memory allocation (malloc) failed to allocate 4092 bytes for AllocateHeap
# Possible reasons:
#   The system is out of physical RAM or swap space
#   In 32 bit mode, the process size limit was hit
# Possible solutions:
#   Reduce memory load on the system
#   Increase physical memory or swap space
#   Check if swap backing store is full
#   Use 64 bit Java on a 64 bit OS
#   Decrease Java heap size (-Xmx/-Xms)
#   Decrease number of Java threads
#   Decrease Java thread stack sizes (-Xss)
#   Set larger code cache with -XX:ReservedCodeCacheSize=
# This output file may be truncated or incomplete.
#
#  Out of Memory Error (memory/allocation.inline.hpp:61), pid=7024, tid=6012
#
# JRE version: Java(TM) SE Runtime Environment (8.0_73-b02) (build 1.8.0_73-b02)
# Java VM: Java HotSpot(TM) Client VM (25.73-b02 mixed mode windows-x86 )
# Failed to write core dump. Minidumps are not enabled by default on client versions of Windows
#

---------------  T H R E A D  ---------------

Current thread (0x021cc800):  VMThread [stack: 0x021d0000,0x02220000] [id=6012]

Stack: [0x021d0000,0x02220000],  sp=0x0221f0a4,  free space=316k
Native frames: (J=compiled Java code, j=interpreted, Vv=VM code, C=native code)
V  [jvm.dll+0x1a7f9b]
V  [jvm.dll+0x1a0888]
V  [jvm.dll+0x9369d]
V  [jvm.dll+0xc792f]
V  [jvm.dll+0xbc73b]
V  [jvm.dll+0xd18f8]
V  [jvm.dll+0x1b3569]
V  [jvm.dll+0x1b369c]
V  [jvm.dll+0x1786e3]
V  [jvm.dll+0x17720a]
V  [jvm.dll+0x97230]
V  [jvm.dll+0x98521]
V  [jvm.dll+0x9a300]
V  [jvm.dll+0x9a769]
V  [jvm.dll+0x994ef]
V  [jvm.dll+0xa5752]
V  [jvm.dll+0x980f3]
V  [jvm.dll+0x92095]
V  [jvm.dll+0x1b68f6]
V  [jvm.dll+0x18118b]
V  [jvm.dll+0x1805a1]
V  [jvm.dll+0x1809b7]
V  [jvm.dll+0x180bb2]
V  [jvm.dll+0x1c0636]
C  [msvcr100.dll+0x5c556]
C  [msvcr100.dll+0x5c600]
C  [KERNEL32.DLL+0x4198]
C  [ntdll.dll+0x52cb1]
C  [ntdll.dll+0x52c7f]

VM_Operation (0x44faf094): GenCollectForAllocation, mode: safepoint, requested by thread 0x44de3c00


---------------  P R O C E S S  ---------------

Java Threads: ( => current thread )
  0x44def000 JavaThread "pool-2-thread-4" [_thread_blocked, id=6552, stack(0x450a0000,0x450f0000)]
  0x44dec400 JavaThread "pool-2-thread-3" [_thread_blocked, id=7780, stack(0x45050000,0x450a0000)]
  0x44de5000 JavaThread "pool-2-thread-2" [_thread_blocked, id=1932, stack(0x45000000,0x45050000)]
  0x44de4400 JavaThread "pool-3-thread-1" [_thread_blocked, id=7584, stack(0x44fb0000,0x45000000)]
  0x44de3c00 JavaThread "pool-2-thread-1" [_thread_blocked, id=6136, stack(0x44f60000,0x44fb0000)]
  0x44cbec00 JavaThread "Service Thread" daemon [_thread_blocked, id=4588, stack(0x44ec0000,0x44f10000)]
  0x44c9cc00 JavaThread "C1 CompilerThread0" daemon [_thread_blocked, id=7332, stack(0x44e70000,0x44ec0000)]
  0x44c9bc00 JavaThread "Attach Listener" daemon [_thread_blocked, id=5796, stack(0x045b0000,0x04600000)]
  0x44c99000 JavaThread "Signal Dispatcher" daemon [_thread_blocked, id=5876, stack(0x04560000,0x045b0000)]
  0x44c76800 JavaThread "Finalizer" daemon [_thread_blocked, id=4524, stack(0x02400000,0x02450000)]
  0x021ce800 JavaThread "Reference Handler" daemon [_thread_blocked, id=6988, stack(0x02220000,0x02270000)]
  0x0247bc00 JavaThread "main" [_thread_blocked, id=6852, stack(0x01fb0000,0x02000000)]

Other Threads:
=>0x021cc800 VMThread [stack: 0x021d0000,0x02220000] [id=6012]
  0x44ccb800 WatcherThread [stack: 0x44f10000,0x44f60000] [id=7256]

VM state:at safepoint (normal execution)

VM Mutex/Monitor currently owned by a thread:  ([mutex/lock_event])
[0x0247a600] Threads_lock - owner thread: 0x021cc800
[0x0247b0e8] Heap_lock - owner thread: 0x44de3c00

Heap:
 def new generation   total 13504K, used 1472K [0x04600000, 0x054a0000, 0x19b50000)
  eden space 12032K,   0% used [0x04600000, 0x04600000, 0x051c0000)
  from space 1472K, 100% used [0x05330000, 0x054a0000, 0x054a0000)
  to   space 1472K,   0% used [0x051c0000, 0x051c0000, 0x05330000)
 tenured generation   total 30024K, used 29976K [0x19b50000, 0x1b8a2000, 0x44600000)
   the space 30024K,  99% used [0x19b50000, 0x1b896270, 0x1b896400, 0x1b8a2000)
 Metaspace       used 3483K, capacity 3534K, committed 3648K, reserved 4480K

Card table byte_map: [0x44600000,0x44810000] byte_map_base: 0x445dd000

Polling page: 0x02000000

CodeCache: size=32768Kb used=2725Kb max_used=2725Kb free=30042Kb
 bounds [0x02480000, 0x02730000, 0x04480000]
 total_blobs=1317 nmethods=1170 adapters=77
 compilation: enabled

Compilation events (10 events):
Event: 4.505 Thread 0x44c9cc00 1168             com.android.dx.rop.type.Type::asUninitialized (140 bytes)
Event: 4.506 Thread 0x44c9cc00 nmethod 1168 0x02727f48 code [0x02728140, 0x027288c0]
Event: 4.510 Thread 0x44c9cc00 1169             java.util.concurrent.locks.ReentrantLock$Sync::tryRelease (45 bytes)
Event: 4.510 Thread 0x44c9cc00 nmethod 1169 0x02728f48 code [0x02729050, 0x0272918c]
Event: 4.512 Thread 0x44c9cc00 1170             com.android.dx.cf.direct.MemberListParser::parseIfNecessary (12 bytes)
Event: 4.513 Thread 0x44c9cc00 nmethod 1170 0x02729208 code [0x02729300, 0x0272939c]
Event: 4.516 Thread 0x44c9cc00 1171             com.android.dx.command.dexer.Main::access$1400 (4 bytes)
Event: 4.516 Thread 0x44c9cc00 nmethod 1171 0x02729408 code [0x02729500, 0x02729570]
Event: 4.517 Thread 0x44c9cc00 1172             java.util.concurrent.ThreadPoolExecutor::isRunning (10 bytes)
Event: 4.518 Thread 0x44c9cc00 nmethod 1172 0x027295c8 code [0x027296c0, 0x02729740]

GC Heap History (10 events):
Event: 3.582 GC heap after
Heap after GC invocations=28 (full 2):
 def new generation   total 12288K, used 1344K [0x04600000, 0x05350000, 0x19b50000)
  eden space 10944K,   0% used [0x04600000, 0x04600000, 0x050b0000)
  from space 1344K, 100% used [0x05200000, 0x05350000, 0x05350000)
  to   space 1344K,   0% used [0x050b0000, 0x050b0000, 0x05200000)
 tenured generation   total 27208K, used 23772K [0x19b50000, 0x1b5e2000, 0x44600000)
   the space 27208K,  87% used [0x19b50000, 0x1b287268, 0x1b287400, 0x1b5e2000)
 Metaspace       used 3482K, capacity 3534K, committed 3648K, reserved 4480K
}
Event: 3.706 GC heap before
{Heap before GC invocations=28 (full 2):
 def new generation   total 12288K, used 12288K [0x04600000, 0x05350000, 0x19b50000)
  eden space 10944K, 100% used [0x04600000, 0x050b0000, 0x050b0000)
  from space 1344K, 100% used [0x05200000, 0x05350000, 0x05350000)
  to   space 1344K,   0% used [0x050b0000, 0x050b0000, 0x05200000)
 tenured generation   total 27208K, used 23772K [0x19b50000, 0x1b5e2000, 0x44600000)
   the space 27208K,  87% used [0x19b50000, 0x1b287268, 0x1b287400, 0x1b5e2000)
 Metaspace       used 3482K, capacity 3534K, committed 3648K, reserved 4480K
Event: 3.722 GC heap after
Heap after GC invocations=29 (full 2):
 def new generation   total 12288K, used 1344K [0x04600000, 0x05350000, 0x19b50000)
  eden space 10944K,   0% used [0x04600000, 0x04600000, 0x050b0000)
  from space 1344K, 100% used [0x050b0000, 0x05200000, 0x05200000)
  to   space 1344K,   0% used [0x05200000, 0x05200000, 0x05350000)
 tenured generation   total 27208K, used 25176K [0x19b50000, 0x1b5e2000, 0x44600000)
   the space 27208K,  92% used [0x19b50000, 0x1b3e61d8, 0x1b3e6200, 0x1b5e2000)
 Metaspace       used 3482K, capacity 3534K, committed 3648K, reserved 4480K
}
Event: 3.784 GC heap before
{Heap before GC invocations=29 (full 2):
 def new generation   total 12288K, used 12288K [0x04600000, 0x05350000, 0x19b50000)
  eden space 10944K, 100% used [0x04600000, 0x050b0000, 0x050b0000)
  from space 1344K, 100% used [0x050b0000, 0x05200000, 0x05200000)
  to   space 1344K,   0% used [0x05200000, 0x05200000, 0x05350000)
 tenured generation   total 27208K, used 25176K [0x19b50000, 0x1b5e2000, 0x44600000)
   the space 27208K,  92% used [0x19b50000, 0x1b3e61d8, 0x1b3e6200, 0x1b5e2000)
 Metaspace       used 3482K, capacity 3534K, committed 3648K, reserved 4480K
Event: 3.803 GC heap after
Heap after GC invocations=30 (full 2):
 def new generation   total 12288K, used 1343K [0x04600000, 0x05350000, 0x19b50000)
  eden space 10944K,   0% used [0x04600000, 0x04600000, 0x050b0000)
  from space 1344K,  99% used [0x05200000, 0x0534fff8, 0x05350000)
  to   space 1344K,   0% used [0x050b0000, 0x050b0000, 0x05200000)
 tenured generation   total 27208K, used 26973K [0x19b50000, 0x1b5e2000, 0x44600000)
   the space 27208K,  99% used [0x19b50000, 0x1b5a77f8, 0x1b5a7800, 0x1b5e2000)
 Metaspace       used 3482K, capacity 3534K, committed 3648K, reserved 4480K
}
Event: 3.971 GC heap before
{Heap before GC invocations=30 (full 2):
 def new generation   total 12288K, used 12287K [0x04600000, 0x05350000, 0x19b50000)
  eden space 10944K, 100% used [0x04600000, 0x050b0000, 0x050b0000)
  from space 1344K,  99% used [0x05200000, 0x0534fff8, 0x05350000)
  to   space 1344K,   0% used [0x050b0000, 0x050b0000, 0x05200000)
 tenured generation   total 27208K, used 26973K [0x19b50000, 0x1b5e2000, 0x44600000)
   the space 27208K,  99% used [0x19b50000, 0x1b5a77f8, 0x1b5a7800, 0x1b5e2000)
 Metaspace       used 3482K, capacity 3534K, committed 3648K, reserved 4480K
Event: 4.169 GC heap after
Heap after GC invocations=31 (full 3):
 def new generation   total 13056K, used 424K [0x04600000, 0x05420000, 0x19b50000)
  eden space 11648K,   3% used [0x04600000, 0x0466a180, 0x05160000)
  from space 1408K,   0% used [0x05160000, 0x05160000, 0x052c0000)
  to   space 1408K,   0% used [0x052c0000, 0x052c0000, 0x05420000)
 tenured generation   total 28872K, used 28871K [0x19b50000, 0x1b782000, 0x44600000)
   the space 28872K,  99% used [0x19b50000, 0x1b781fe0, 0x1b782000, 0x1b782000)
 Metaspace       used 3482K, capacity 3534K, committed 3648K, reserved 4480K
}
Event: 4.207 GC heap before
{Heap before GC invocations=31 (full 3):
 def new generation   total 13056K, used 11648K [0x04600000, 0x05420000, 0x19b50000)
  eden space 11648K, 100% used [0x04600000, 0x05160000, 0x05160000)
  from space 1408K,   0% used [0x05160000, 0x05160000, 0x052c0000)
  to   space 1408K,   0% used [0x052c0000, 0x052c0000, 0x05420000)
 tenured generation   total 28872K, used 28871K [0x19b50000, 0x1b782000, 0x44600000)
   the space 28872K,  99% used [0x19b50000, 0x1b781fe0, 0x1b782000, 0x1b782000)
 Metaspace       used 3483K, capacity 3534K, committed 3648K, reserved 4480K
Event: 4.484 GC heap after
Heap after GC invocations=32 (full 4):
 def new generation   total 13504K, used 0K [0x04600000, 0x054a0000, 0x19b50000)
  eden space 12032K,   0% used [0x04600000, 0x04600000, 0x051c0000)
  from space 1472K,   0% used [0x051c0000, 0x051c0000, 0x05330000)
  to   space 1472K,   0% used [0x05330000, 0x05330000, 0x054a0000)
 tenured generation   total 29896K, used 29421K [0x19b50000, 0x1b882000, 0x44600000)
   the space 29896K,  98% used [0x19b50000, 0x1b80b6b0, 0x1b80b800, 0x1b882000)
 Metaspace       used 3483K, capacity 3534K, committed 3648K, reserved 4480K
}
Event: 4.520 GC heap before
{Heap before GC invocations=32 (full 4):
 def new generation   total 13504K, used 12032K [0x04600000, 0x054a0000, 0x19b50000)
  eden space 12032K, 100% used [0x04600000, 0x051c0000, 0x051c0000)
  from space 1472K,   0% used [0x051c0000, 0x051c0000, 0x05330000)
  to   space 1472K,   0% used [0x05330000, 0x05330000, 0x054a0000)
 tenured generation   total 29896K, used 29421K [0x19b50000, 0x1b882000, 0x44600000)
   the space 29896K,  98% used [0x19b50000, 0x1b80b6b0, 0x1b80b800, 0x1b882000)
 Metaspace       used 3483K, capacity 3534K, committed 3648K, reserved 4480K

Deoptimization events (0 events):
No events

Internal exceptions (5 events):
Event: 0.068 Thread 0x0247bc00 Exception <a 'java/lang/NoSuchMethodError': Method sun.misc.Unsafe.defineClass(Ljava/lang/String;[BII)Ljava/lang/Class; name or signature does not match> (0x04610a08) thrown at [D:\re\workspace\8-2-build-windows-i586-cygwin\jdk8u73\6086\hotspot\src\share\vüî†±?
Event: 0.068 Thread 0x0247bc00 Exception <a 'java/lang/NoSuchMethodError': Method sun.misc.Unsafe.prefetchRead(Ljava/lang/Object;J)V name or signature does not match> (0x04610cd8) thrown at [D:\re\workspace\8-2-build-windows-i586-cygwin\jdk8u73\6086\hotspot\src\share\vm\prims\jni.cpp, lþ°§ŒF½	@
Event: 3.217 Thread 0x44dec400 Exception <a 'java/lang/ArrayIndexOutOfBoundsException': 18> (0x04cdb7a8) thrown at [D:\re\workspace\8-2-build-windows-i586-cygwin\jdk8u73\6086\hotspot\src\share\vm\interpreter\interpreterRuntime.cpp, line 366]
Event: 3.218 Thread 0x44dec400 Exception <a 'java/lang/ArrayIndexOutOfBoundsException': 145> (0x04cdd048) thrown at [D:\re\workspace\8-2-build-windows-i586-cygwin\jdk8u73\6086\hotspot\src\share\vm\interpreter\interpreterRuntime.cpp, line 366]
Event: 3.219 Thread 0x44dec400 Exception <a 'java/lang/ArrayIndexOutOfBoundsException': 40> (0x04cde128) thrown at [D:\re\workspace\8-2-build-windows-i586-cygwin\jdk8u73\6086\hotspot\src\share\vm\interpreter\interpreterRuntime.cpp, line 366]

Events (10 events):
Event: 3.582 Executing VM operation: GenCollectForAllocation done
Event: 3.701 Executing VM operation: GenCollectForAllocation
Event: 3.723 Executing VM operation: GenCollectForAllocation done
Event: 3.778 Executing VM operation: GenCollectForAllocation
Event: 3.804 Executing VM operation: GenCollectForAllocation done
Event: 3.905 Executing VM operation: GenCollectForAllocation
Event: 4.169 Executing VM operation: GenCollectForAllocation done
Event: 4.207 Executing VM operation: GenCollectForAllocation
Event: 4.484 Executing VM operation: GenCollectForAllocation done
Event: 4.520 Executing VM operation: GenCollectForAllocation


Dynamic libraries:
0x00360000 - 0x00393000 	C:\Program Files\Java\jdk1.8.0_73\bin\java.exe
0x77c40000 - 0x77daa000 	C:\Windows\SYSTEM32\ntdll.dll
0x76050000 - 0x76150000 	C:\Windows\system32\KERNEL32.DLL
0x75740000 - 0x75819000 	C:\Windows\system32\KERNELBASE.dll
0x743b0000 - 0x74450000 	C:\Windows\system32\apphelp.dll
0x65140000 - 0x653a6000 	C:\Windows\AppPatch\AcGenral.DLL
0x76150000 - 0x76213000 	C:\Windows\system32\msvcrt.dll
0x758a0000 - 0x758e1000 	C:\Windows\SYSTEM32\sechost.dll
0x75820000 - 0x75843000 	C:\Windows\system32\SspiCli.dll
0x75850000 - 0x75895000 	C:\Windows\system32\SHLWAPI.dll
0x74490000 - 0x7457e000 	C:\Windows\SYSTEM32\UxTheme.dll
0x75da0000 - 0x75ef5000 	C:\Windows\system32\USER32.dll
0x759d0000 - 0x75ae2000 	C:\Windows\system32\GDI32.dll
0x73d30000 - 0x73d53000 	C:\Windows\SYSTEM32\WINMM.dll
0x706f0000 - 0x70703000 	C:\Windows\SYSTEM32\samcli.dll
0x75af0000 - 0x75c19000 	C:\Windows\system32\ole32.dll
0x76220000 - 0x762b7000 	C:\Windows\system32\OLEAUT32.dll
0x505c0000 - 0x505d7000 	C:\Windows\SYSTEM32\MSACM32.dll
0x73830000 - 0x73838000 	C:\Windows\SYSTEM32\VERSION.dll
0x762c0000 - 0x7757a000 	C:\Windows\system32\SHELL32.dll
0x74c50000 - 0x74c6b000 	C:\Windows\SYSTEM32\USERENV.dll
0x73d60000 - 0x73d7a000 	C:\Windows\SYSTEM32\dwmapi.dll
0x72f40000 - 0x7308c000 	C:\Windows\SYSTEM32\urlmon.dll
0x75f00000 - 0x75f7c000 	C:\Windows\system32\ADVAPI32.dll
0x6d780000 - 0x6d7e5000 	C:\Windows\SYSTEM32\WINSPOOL.DRV
0x6f490000 - 0x6f4a6000 	C:\Windows\SYSTEM32\MPR.dll
0x77ae0000 - 0x77bb0000 	C:\Windows\system32\RPCRT4.dll
0x75c20000 - 0x75d9d000 	C:\Windows\SYSTEM32\combase.dll
0x73800000 - 0x73823000 	C:\Windows\SYSTEM32\WINMMBASE.dll
0x75420000 - 0x7542f000 	C:\Windows\SYSTEM32\profapi.dll
0x72d00000 - 0x72f34000 	C:\Windows\SYSTEM32\iertutil.dll
0x727b0000 - 0x72a0d000 	C:\Windows\SYSTEM32\WININET.dll
0x754a0000 - 0x754dc000 	C:\Windows\SYSTEM32\cfgmgr32.dll
0x745c0000 - 0x745e1000 	C:\Windows\SYSTEM32\DEVOBJ.dll
0x758f0000 - 0x7597b000 	C:\Windows\system32\SHCORE.DLL
0x75980000 - 0x759a6000 	C:\Windows\system32\IMM32.DLL
0x779c0000 - 0x77ad2000 	C:\Windows\system32\MSCTF.dll
0x73b20000 - 0x73d26000 	C:\Windows\WinSxS\x86_microsoft.windows.common-controls_6595b64144ccf1df_6.0.9600.18006_none_a9ec6aab013aafee\COMCTL32.dll
0x65080000 - 0x6513f000 	C:\Program Files\Java\jdk1.8.0_73\jre\bin\msvcr100.dll
0x6cdf0000 - 0x6d1b8000 	C:\Program Files\Java\jdk1.8.0_73\jre\bin\client\jvm.dll
0x6c3b0000 - 0x6c3b8000 	C:\Windows\SYSTEM32\WSOCK32.dll
0x759b0000 - 0x759b6000 	C:\Windows\system32\PSAPI.DLL
0x76000000 - 0x7604f000 	C:\Windows\system32\WS2_32.dll
0x759c0000 - 0x759c7000 	C:\Windows\system32\NSI.dll
0x72aa0000 - 0x72aac000 	C:\Program Files\Java\jdk1.8.0_73\jre\bin\verify.dll
0x72a70000 - 0x72a91000 	C:\Program Files\Java\jdk1.8.0_73\jre\bin\java.dll
0x723c0000 - 0x723d3000 	C:\Program Files\Java\jdk1.8.0_73\jre\bin\zip.dll

VM Arguments:
jvm_args: -Djava.awt.headless=true -Xmx1024M -Dfile.encoding=windows-1251 -Duser.country=RU -Duser.language=ru -Duser.variant 
java_command: com.android.dx.command.Main --dex --force-jumbo --num-threads=4 --multi-dex --output C:\Users\Admin\Desktop\hobby\app\build\intermediates\transforms\dex\debug\folders\1000\10\com.facebook.android-facebook-android-sdk-4.8.2_78dbd0e40b46651fbac45e306ec45a024a460ede C:\Users\Admin\Desktop\hobby\app\build\intermediates\exploded-aar\com.facebook.android\facebook-android-sdk\4.8.2\jars\classes.jar
java_class_path (initial): C:\Users\Admin\AppData\Local\Android\sdk\build-tools\23.0.2\lib\dx.jar
Launcher Type: SUN_STANDARD

Environment Variables:
JAVA_HOME=c:\Program Files\Java\jdk1.8.0_73\
PATH=C:\ProgramData\Oracle\Java\javapath;C:\Windows\system32;C:\Windows;C:\Windows\System32\Wbem;C:\Windows\System32\WindowsPowerShell\v1.0\;C:\Program Files\TortoiseGit\bin;C:\Program Files\QuickTime\QTSystem\;c:\Python27\;c:\Python27\Scripts\;c:\Program Files\Java\jdk1.8.0_73\bin\;c:\Program Files\Java\jdk1.8.0_73\lib\;c:\openssl\bin\;C:\Program Files\Git\cmd;C:\Program Files\Skype\Phone\;C:\Program Files\nodejs\;C:\Users\Admin\AppData\Roaming\npm
USERNAME=Admin
OS=Windows_NT
PROCESSOR_IDENTIFIER=x86 Family 6 Model 37 Stepping 2, GenuineIntel



---------------  S Y S T E M  ---------------

OS: Windows 8.1 Build 9600 (6.3.9600.17415)

CPU:total 4 (2 cores per cpu, 2 threads per core) family 6 model 37 stepping 2, cmov, cx8, fxsr, mmx, sse, sse2, sse3, ssse3, sse4.1, sse4.2, popcnt, ht, tsc, tscinvbit

Memory: 4k page, physical 2546360k(131292k free), swap 5692088k(4724k free)

vm_info: Java HotSpot(TM) Client VM (25.73-b02) for windows-x86 JRE (1.8.0_73-b02), built on Jan 29 2016 17:05:52 by "java_re" with MS VC++ 10.0 (VS2010)

time: Wed May 10 16:52:42 2017
elapsed time: 4 seconds (0d 0h 0m 4s)

