#
# There is insufficient memory for the Java Runtime Environment to continue.
# Native memory allocation (malloc) failed to allocate 32756 bytes for ChunkPool::allocate
# Possible reasons:
#   The system is out of physical RAM or swap space
#   In 32 bit mode, the process size limit was hit
# Possible solutions:
#   Reduce memory load on the system
#   Increase physical memory or swap space
#   Check if swap backing store is full
#   Use 64 bit Java on a 64 bit OS
#   Decrease Java heap size (-Xmx/-Xms)
#   Decrease number of Java threads
#   Decrease Java thread stack sizes (-Xss)
#   Set larger code cache with -XX:ReservedCodeCacheSize=
# This output file may be truncated or incomplete.
#
#  Out of Memory Error (allocation.cpp:273), pid=1648, tid=32
#
# JRE version: Java(TM) SE Runtime Environment (8.0_73-b02) (build 1.8.0_73-b02)
# Java VM: Java HotSpot(TM) Client VM (25.73-b02 mixed mode windows-x86 )
# Failed to write core dump. Minidumps are not enabled by default on client versions of Windows
#

---------------  T H R E A D  ---------------

Current thread (0x4409d000):  JavaThread "C1 CompilerThread0" daemon [_thread_in_native, id=32, stack(0x443a0000,0x443f0000)]

Stack: [0x443a0000,0x443f0000],  sp=0x443eecb0,  free space=315k
Native frames: (J=compiled Java code, j=interpreted, Vv=VM code, C=native code)
V  [jvm.dll+0x1a7f9b]
V  [jvm.dll+0x1a0888]
V  [jvm.dll+0x8b771]
V  [jvm.dll+0x8b94d]
V  [jvm.dll+0x8bdc7]
V  [jvm.dll+0x1cdaa1]
V  [jvm.dll+0x2a8327]
V  [jvm.dll+0x2aa9d2]
V  [jvm.dll+0x2aab65]
V  [jvm.dll+0x2af916]
V  [jvm.dll+0x283e4e]
V  [jvm.dll+0x2a86ea]
V  [jvm.dll+0x296966]
V  [jvm.dll+0x2869af]
V  [jvm.dll+0x286d49]
V  [jvm.dll+0x286e1a]
V  [jvm.dll+0x286f88]
V  [jvm.dll+0x287202]
V  [jvm.dll+0x6f4ea]
V  [jvm.dll+0x6fc9f]
V  [jvm.dll+0x17c03c]
V  [jvm.dll+0x17c12a]
V  [jvm.dll+0x1c0636]
C  [msvcr100.dll+0x5c556]
C  [msvcr100.dll+0x5c600]
C  [KERNEL32.DLL+0x4198]
C  [ntdll.dll+0x52cb1]
C  [ntdll.dll+0x52c7f]
C  0x00000000


Current CompileTask:
C1:   1045   71             sun.nio.cs.UTF_8$Decoder::decode (779 bytes)


---------------  P R O C E S S  ---------------

Java Threads: ( => current thread )
  0x441ae800 JavaThread "pool-2-thread-4" [_thread_blocked, id=1396, stack(0x445d0000,0x44620000)]
  0x441ab800 JavaThread "pool-2-thread-3" [_thread_blocked, id=5008, stack(0x44580000,0x445d0000)]
  0x441a9400 JavaThread "pool-2-thread-2" [_thread_blocked, id=5688, stack(0x44530000,0x44580000)]
  0x441a6800 JavaThread "pool-3-thread-1" [_thread_blocked, id=284, stack(0x444e0000,0x44530000)]
  0x441aac00 JavaThread "pool-2-thread-1" [_thread_in_native, id=1724, stack(0x44490000,0x444e0000)]
  0x440bec00 JavaThread "Service Thread" daemon [_thread_blocked, id=3476, stack(0x443f0000,0x44440000)]
=>0x4409d000 JavaThread "C1 CompilerThread0" daemon [_thread_in_native, id=32, stack(0x443a0000,0x443f0000)]
  0x4409c000 JavaThread "Attach Listener" daemon [_thread_blocked, id=2236, stack(0x44350000,0x443a0000)]
  0x44099000 JavaThread "Signal Dispatcher" daemon [_thread_blocked, id=256, stack(0x039b0000,0x03a00000)]
  0x44076c00 JavaThread "Finalizer" daemon [_thread_blocked, id=3856, stack(0x01910000,0x01960000)]
  0x0173ec00 JavaThread "Reference Handler" daemon [_thread_blocked, id=1276, stack(0x01740000,0x01790000)]
  0x019abc00 JavaThread "main" [_thread_blocked, id=3160, stack(0x014e0000,0x01530000)]

Other Threads:
  0x0173c800 VMThread [stack: 0x015e0000,0x01630000] [id=3412]
  0x440cb800 WatcherThread [stack: 0x44440000,0x44490000] [id=3584]

VM state:not at safepoint (normal execution)

VM Mutex/Monitor currently owned by a thread: None

Heap:
 def new generation   total 4992K, used 355K [0x03a00000, 0x03f60000, 0x18f50000)
  eden space 4480K,   7% used [0x03a00000, 0x03a58eb0, 0x03e60000)
  from space 512K,   0% used [0x03e60000, 0x03e60000, 0x03ee0000)
  to   space 512K,   0% used [0x03ee0000, 0x03ee0000, 0x03f60000)
 tenured generation   total 10944K, used 1339K [0x18f50000, 0x19a00000, 0x43a00000)
   the space 10944K,  12% used [0x18f50000, 0x1909edd8, 0x1909ee00, 0x19a00000)
 Metaspace       used 2922K, capacity 3014K, committed 3136K, reserved 5504K

Card table byte_map: [0x43a00000,0x43c10000] byte_map_base: 0x439e3000

Polling page: 0x01530000

CodeCache: size=32768Kb used=768Kb max_used=768Kb free=31999Kb
 bounds [0x019b0000, 0x01a78000, 0x039b0000]
 total_blobs=216 nmethods=70 adapters=77
 compilation: enabled

Compilation events (10 events):
Event: 0.893 Thread 0x4409d000 nmethod 65 0x01a6f048 code [0x01a6f140, 0x01a6f1c0]
Event: 0.894 Thread 0x4409d000   66             java.nio.Buffer::checkIndex (22 bytes)
Event: 0.894 Thread 0x4409d000 nmethod 66 0x01a6f208 code [0x01a6f310, 0x01a6f41c]
Event: 0.895 Thread 0x4409d000   67             java.nio.DirectLongBufferU::ix (10 bytes)
Event: 0.895 Thread 0x4409d000 nmethod 67 0x01a6f4c8 code [0x01a6f5c0, 0x01a6f670]
Event: 0.895 Thread 0x4409d000   68             java.util.HashMap::get (23 bytes)
Event: 0.896 Thread 0x4409d000 nmethod 68 0x01a6f6c8 code [0x01a6f7e0, 0x01a6f8e8]
Event: 0.915 Thread 0x4409d000   70             java.lang.String::substring (79 bytes)
Event: 0.915 Thread 0x4409d000 nmethod 70 0x01a6fc48 code [0x01a6fd90, 0x01a6ffd0]
Event: 0.948 Thread 0x4409d000   71             sun.nio.cs.UTF_8$Decoder::decode (779 bytes)

GC Heap History (8 events):
Event: 0.867 GC heap before
{Heap before GC invocations=0 (full 0):
 def new generation   total 4928K, used 4416K [0x03a00000, 0x03f50000, 0x18f50000)
  eden space 4416K, 100% used [0x03a00000, 0x03e50000, 0x03e50000)
  from space 512K,   0% used [0x03e50000, 0x03e50000, 0x03ed0000)
  to   space 512K,   0% used [0x03ed0000, 0x03ed0000, 0x03f50000)
 tenured generation   total 10944K, used 0K [0x18f50000, 0x19a00000, 0x43a00000)
   the space 10944K,   0% used [0x18f50000, 0x18f50000, 0x18f50200, 0x19a00000)
 Metaspace       used 2647K, capacity 2758K, committed 2880K, reserved 4480K
Event: 0.874 GC heap after
Heap after GC invocations=1 (full 0):
 def new generation   total 4928K, used 512K [0x03a00000, 0x03f50000, 0x18f50000)
  eden space 4416K,   0% used [0x03a00000, 0x03a00000, 0x03e50000)
  from space 512K, 100% used [0x03ed0000, 0x03f50000, 0x03f50000)
  to   space 512K,   0% used [0x03e50000, 0x03e50000, 0x03ed0000)
 tenured generation   total 10944K, used 920K [0x18f50000, 0x19a00000, 0x43a00000)
   the space 10944K,   8% used [0x18f50000, 0x19036188, 0x19036200, 0x19a00000)
 Metaspace       used 2647K, capacity 2758K, committed 2880K, reserved 4480K
}
Event: 0.932 GC heap before
{Heap before GC invocations=1 (full 0):
 def new generation   total 4928K, used 1774K [0x03a00000, 0x03f50000, 0x18f50000)
  eden space 4416K,  28% used [0x03a00000, 0x03b3bba8, 0x03e50000)
  from space 512K, 100% used [0x03ed0000, 0x03f50000, 0x03f50000)
  to   space 512K,   0% used [0x03e50000, 0x03e50000, 0x03ed0000)
 tenured generation   total 10944K, used 920K [0x18f50000, 0x19a00000, 0x43a00000)
   the space 10944K,   8% used [0x18f50000, 0x19036188, 0x19036200, 0x19a00000)
 Metaspace       used 2880K, capacity 2982K, committed 3008K, reserved 6528K
Event: 0.941 GC heap after
Heap after GC invocations=2 (full 1):
 def new generation   total 4992K, used 0K [0x03a00000, 0x03f60000, 0x18f50000)
  eden space 4480K,   0% used [0x03a00000, 0x03a00000, 0x03e60000)
  from space 512K,   0% used [0x03e60000, 0x03e60000, 0x03ee0000)
  to   space 512K,   0% used [0x03ee0000, 0x03ee0000, 0x03f60000)
 tenured generation   total 10944K, used 1776K [0x18f50000, 0x19a00000, 0x43a00000)
   the space 10944K,  16% used [0x18f50000, 0x1910c358, 0x1910c400, 0x19a00000)
 Metaspace       used 2880K, capacity 2982K, committed 3008K, reserved 5504K
}
Event: 0.942 GC heap before
{Heap before GC invocations=2 (full 1):
 def new generation   total 4992K, used 0K [0x03a00000, 0x03f60000, 0x18f50000)
  eden space 4480K,   0% used [0x03a00000, 0x03a00000, 0x03e60000)
  from space 512K,   0% used [0x03e60000, 0x03e60000, 0x03ee0000)
  to   space 512K,   0% used [0x03ee0000, 0x03ee0000, 0x03f60000)
 tenured generation   total 10944K, used 1776K [0x18f50000, 0x19a00000, 0x43a00000)
   the space 10944K,  16% used [0x18f50000, 0x1910c358, 0x1910c400, 0x19a00000)
 Metaspace       used 2880K, capacity 2982K, committed 3008K, reserved 7552K
Event: 0.947 GC heap after
Heap after GC invocations=3 (full 2):
 def new generation   total 4992K, used 0K [0x03a00000, 0x03f60000, 0x18f50000)
  eden space 4480K,   0% used [0x03a00000, 0x03a00000, 0x03e60000)
  from space 512K,   0% used [0x03e60000, 0x03e60000, 0x03ee0000)
  to   space 512K,   0% used [0x03ee0000, 0x03ee0000, 0x03f60000)
 tenured generation   total 10944K, used 1776K [0x18f50000, 0x19a00000, 0x43a00000)
   the space 10944K,  16% used [0x18f50000, 0x1910c358, 0x1910c400, 0x19a00000)
 Metaspace       used 2880K, capacity 2982K, committed 3008K, reserved 5504K
}
Event: 0.949 GC heap before
{Heap before GC invocations=3 (full 2):
 def new generation   total 4992K, used 218K [0x03a00000, 0x03f60000, 0x18f50000)
  eden space 4480K,   4% used [0x03a00000, 0x03a36848, 0x03e60000)
  from space 512K,   0% used [0x03e60000, 0x03e60000, 0x03ee0000)
  to   space 512K,   0% used [0x03ee0000, 0x03ee0000, 0x03f60000)
 tenured generation   total 10944K, used 1776K [0x18f50000, 0x19a00000, 0x43a00000)
   the space 10944K,  16% used [0x18f50000, 0x1910c358, 0x1910c400, 0x19a00000)
 Metaspace       used 2881K, capacity 2982K, committed 3008K, reserved 8576K
Event: 0.956 GC heap after
Heap after GC invocations=4 (full 3):
 def new generation   total 4992K, used 0K [0x03a00000, 0x03f60000, 0x18f50000)
  eden space 4480K,   0% used [0x03a00000, 0x03a00000, 0x03e60000)
  from space 512K,   0% used [0x03e60000, 0x03e60000, 0x03ee0000)
  to   space 512K,   0% used [0x03ee0000, 0x03ee0000, 0x03f60000)
 tenured generation   total 10944K, used 1339K [0x18f50000, 0x19a00000, 0x43a00000)
   the space 10944K,  12% used [0x18f50000, 0x1909edd8, 0x1909ee00, 0x19a00000)
 Metaspace       used 2881K, capacity 2982K, committed 3008K, reserved 5504K
}

Deoptimization events (0 events):
No events

Internal exceptions (4 events):
Event: 0.125 Thread 0x019abc00 Exception <a 'java/lang/NoSuchMethodError': Method sun.misc.Unsafe.defineClass(Ljava/lang/String;[BII)Ljava/lang/Class; name or signature does not match> (0x03a10a08) thrown at [D:\re\workspace\8-2-build-windows-i586-cygwin\jdk8u73\6086\hotspot\src\share\vë∫’“j¿?
Event: 0.126 Thread 0x019abc00 Exception <a 'java/lang/NoSuchMethodError': Method sun.misc.Unsafe.prefetchRead(Ljava/lang/Object;J)V name or signature does not match> (0x03a10cd8) thrown at [D:\re\workspace\8-2-build-windows-i586-cygwin\jdk8u73\6086\hotspot\src\share\vm\prims\jni.cpp, l-Ú[3:RÓ?
Event: 0.948 Thread 0x019abc00 Exception <a 'java/lang/OutOfMemoryError'> (0x190c6980) thrown at [D:\re\workspace\8-2-build-windows-i586-cygwin\jdk8u73\6086\hotspot\src\share\vm\memory\metaspace.cpp, line 3569]
Event: 0.948 Thread 0x019abc00 Exception <a 'java/lang/OutOfMemoryError'> (0x190c6980) thrown at [D:\re\workspace\8-2-build-windows-i586-cygwin\jdk8u73\6086\hotspot\src\share\vm\prims\jvm.cpp, line 1390]

Events (10 events):
Event: 0.961 loading class com/android/dx/ssa/Optimizer
Event: 0.961 loading class com/android/dx/ssa/Optimizer done
Event: 0.962 loading class com/android/dx/ssa/Optimizer$OptionalStep
Event: 0.962 loading class com/android/dx/ssa/Optimizer$OptionalStep done
Event: 0.962 loading class java/util/EnumSet
Event: 0.962 loading class java/util/EnumSet done
Event: 0.962 loading class java/lang/Class$4
Event: 0.962 loading class java/lang/Class$4 done
Event: 0.963 loading class sun/reflect/NativeMethodAccessorImpl
Event: 0.983 loading class sun/reflect/NativeMethodAccessorImpl done


Dynamic libraries:
0x001a0000 - 0x001d3000 	C:\Program Files\Java\jdk1.8.0_73\bin\java.exe
0x773d0000 - 0x7753a000 	C:\Windows\SYSTEM32\ntdll.dll
0x75250000 - 0x75350000 	C:\Windows\system32\KERNEL32.DLL
0x74d30000 - 0x74e09000 	C:\Windows\system32\KERNELBASE.dll
0x73b40000 - 0x73be0000 	C:\Windows\system32\apphelp.dll
0x510c0000 - 0x51326000 	C:\Windows\AppPatch\AcGenral.DLL
0x75d20000 - 0x75de3000 	C:\Windows\system32\msvcrt.dll
0x75c80000 - 0x75cc1000 	C:\Windows\SYSTEM32\sechost.dll
0x74c30000 - 0x74c53000 	C:\Windows\system32\SspiCli.dll
0x75170000 - 0x751b5000 	C:\Windows\system32\SHLWAPI.dll
0x73c20000 - 0x73d0e000 	C:\Windows\SYSTEM32\UxTheme.dll
0x75df0000 - 0x75f45000 	C:\Windows\system32\USER32.dll
0x75f50000 - 0x76062000 	C:\Windows\system32\GDI32.dll
0x734c0000 - 0x734e3000 	C:\Windows\SYSTEM32\WINMM.dll
0x70270000 - 0x70283000 	C:\Windows\SYSTEM32\samcli.dll
0x753f0000 - 0x75519000 	C:\Windows\system32\ole32.dll
0x75350000 - 0x753e7000 	C:\Windows\system32\OLEAUT32.dll
0x5f610000 - 0x5f627000 	C:\Windows\SYSTEM32\MSACM32.dll
0x73280000 - 0x73288000 	C:\Windows\SYSTEM32\VERSION.dll
0x76110000 - 0x773ca000 	C:\Windows\system32\SHELL32.dll
0x74390000 - 0x743ab000 	C:\Windows\SYSTEM32\USERENV.dll
0x734f0000 - 0x7350a000 	C:\Windows\SYSTEM32\dwmapi.dll
0x72300000 - 0x7244c000 	C:\Windows\SYSTEM32\urlmon.dll
0x757d0000 - 0x7584c000 	C:\Windows\system32\ADVAPI32.dll
0x696d0000 - 0x69735000 	C:\Windows\SYSTEM32\WINSPOOL.DRV
0x6edd0000 - 0x6ede6000 	C:\Windows\SYSTEM32\MPR.dll
0x75590000 - 0x75660000 	C:\Windows\system32\RPCRT4.dll
0x74ff0000 - 0x7516d000 	C:\Windows\SYSTEM32\combase.dll
0x73100000 - 0x73123000 	C:\Windows\SYSTEM32\WINMMBASE.dll
0x74bb0000 - 0x74bbf000 	C:\Windows\SYSTEM32\profapi.dll
0x725c0000 - 0x727f4000 	C:\Windows\SYSTEM32\iertutil.dll
0x71fd0000 - 0x7222d000 	C:\Windows\SYSTEM32\WININET.dll
0x74fa0000 - 0x74fdc000 	C:\Windows\SYSTEM32\cfgmgr32.dll
0x73d50000 - 0x73d71000 	C:\Windows\SYSTEM32\DEVOBJ.dll
0x75bf0000 - 0x75c7b000 	C:\Windows\system32\SHCORE.DLL
0x75970000 - 0x75996000 	C:\Windows\system32\IMM32.DLL
0x75850000 - 0x75962000 	C:\Windows\system32\MSCTF.dll
0x732b0000 - 0x734b6000 	C:\Windows\WinSxS\x86_microsoft.windows.common-controls_6595b64144ccf1df_6.0.9600.18006_none_a9ec6aab013aafee\COMCTL32.dll
0x5e1d0000 - 0x5e28f000 	C:\Program Files\Java\jdk1.8.0_73\jre\bin\msvcr100.dll
0x6c990000 - 0x6cd58000 	C:\Program Files\Java\jdk1.8.0_73\jre\bin\client\jvm.dll
0x69d70000 - 0x69d78000 	C:\Windows\SYSTEM32\WSOCK32.dll
0x759a0000 - 0x759a6000 	C:\Windows\system32\PSAPI.DLL
0x75cd0000 - 0x75d1f000 	C:\Windows\system32\WS2_32.dll
0x74fe0000 - 0x74fe7000 	C:\Windows\system32\NSI.dll
0x6f770000 - 0x6f77c000 	C:\Program Files\Java\jdk1.8.0_73\jre\bin\verify.dll
0x68670000 - 0x68691000 	C:\Program Files\Java\jdk1.8.0_73\jre\bin\java.dll
0x68650000 - 0x68663000 	C:\Program Files\Java\jdk1.8.0_73\jre\bin\zip.dll

VM Arguments:
jvm_args: -Djava.awt.headless=true -Xmx1024M -Dfile.encoding=windows-1251 -Duser.country=RU -Duser.language=ru -Duser.variant 
java_command: com.android.dx.command.Main --dex --force-jumbo --num-threads=4 --multi-dex --output C:\Users\Admin\Desktop\hobby\app\build\intermediates\transforms\dex\debug\folders\1000\10\com.google.android.gms-play-services-tasks-10.2.4_1ca5b82e6d663771ecde41d1d329497049489c39 C:\Users\Admin\Desktop\hobby\app\build\intermediates\exploded-aar\com.google.android.gms\play-services-tasks\10.2.4\jars\classes.jar
java_class_path (initial): C:\Users\Admin\AppData\Local\Android\sdk\build-tools\23.0.2\lib\dx.jar
Launcher Type: SUN_STANDARD

Environment Variables:
JAVA_HOME=c:\Program Files\Java\jdk1.8.0_73\
PATH=C:\ProgramData\Oracle\Java\javapath;C:\Windows\system32;C:\Windows;C:\Windows\System32\Wbem;C:\Windows\System32\WindowsPowerShell\v1.0\;C:\Program Files\TortoiseGit\bin;C:\Program Files\QuickTime\QTSystem\;c:\Python27\;c:\Python27\Scripts\;c:\Program Files\Java\jdk1.8.0_73\bin\;c:\Program Files\Java\jdk1.8.0_73\lib\;c:\openssl\bin\;C:\Program Files\Git\cmd;C:\Program Files\nodejs\;c:\Users\Admin\AppData\Local\Android\sdk\platform-tools\;C:\Program Files\Skype\Phone\;C:\Program Files\PuTTY\;C:\Users\Admin\AppData\Roaming\npm
USERNAME=Admin
OS=Windows_NT
PROCESSOR_IDENTIFIER=x86 Family 6 Model 37 Stepping 2, GenuineIntel



---------------  S Y S T E M  ---------------

OS: Windows 8.1 Build 9600 (6.3.9600.17415)

CPU:total 4 (2 cores per cpu, 2 threads per core) family 6 model 37 stepping 2, cmov, cx8, fxsr, mmx, sse, sse2, sse3, ssse3, sse4.1, sse4.2, popcnt, ht, tsc, tscinvbit

Memory: 4k page, physical 2546360k(89628k free), swap 5692088k(5016k free)

vm_info: Java HotSpot(TM) Client VM (25.73-b02) for windows-x86 JRE (1.8.0_73-b02), built on Jan 29 2016 17:05:52 by "java_re" with MS VC++ 10.0 (VS2010)

time: Thu Aug 31 19:06:01 2017
elapsed time: 1 seconds (0d 0h 0m 1s)

