#
# There is insufficient memory for the Java Runtime Environment to continue.
# Native memory allocation (malloc) failed to allocate 4092 bytes for AllocateHeap
# Possible reasons:
#   The system is out of physical RAM or swap space
#   In 32 bit mode, the process size limit was hit
# Possible solutions:
#   Reduce memory load on the system
#   Increase physical memory or swap space
#   Check if swap backing store is full
#   Use 64 bit Java on a 64 bit OS
#   Decrease Java heap size (-Xmx/-Xms)
#   Decrease number of Java threads
#   Decrease Java thread stack sizes (-Xss)
#   Set larger code cache with -XX:ReservedCodeCacheSize=
# This output file may be truncated or incomplete.
#
#  Out of Memory Error (memory/allocation.inline.hpp:61), pid=6292, tid=6812
#
# JRE version: Java(TM) SE Runtime Environment (8.0_73-b02) (build 1.8.0_73-b02)
# Java VM: Java HotSpot(TM) Client VM (25.73-b02 mixed mode windows-x86 )
# Failed to write core dump. Minidumps are not enabled by default on client versions of Windows
#

---------------  T H R E A D  ---------------

Current thread (0x0172c800):  VMThread [stack: 0x015d0000,0x01620000] [id=6812]

Stack: [0x015d0000,0x01620000],  sp=0x0161ee74,  free space=315k
Native frames: (J=compiled Java code, j=interpreted, Vv=VM code, C=native code)
V  [jvm.dll+0x1a7f9b]
V  [jvm.dll+0x1a0888]
V  [jvm.dll+0x9369d]
V  [jvm.dll+0xc792f]
V  [jvm.dll+0xbc73b]
V  [jvm.dll+0xd18f8]
V  [jvm.dll+0x1b3569]
V  [jvm.dll+0x1b369c]
V  [jvm.dll+0x1786e3]
V  [jvm.dll+0x17720a]
V  [jvm.dll+0x97230]
V  [jvm.dll+0x98521]
V  [jvm.dll+0x9a300]
V  [jvm.dll+0x9a769]
V  [jvm.dll+0x994ef]
V  [jvm.dll+0xa5752]
V  [jvm.dll+0x980f3]
V  [jvm.dll+0x92095]
V  [jvm.dll+0x1b68f6]
V  [jvm.dll+0x18118b]
V  [jvm.dll+0x1805a1]
V  [jvm.dll+0x1809b7]
V  [jvm.dll+0x180bb2]
V  [jvm.dll+0x1c0636]
C  [msvcr100.dll+0x5c556]
C  [msvcr100.dll+0x5c600]
C  [KERNEL32.DLL+0x4198]
C  [ntdll.dll+0x52cb1]
C  [ntdll.dll+0x52c7f]

VM_Operation (0x4461ec38): GenCollectForAllocation, mode: safepoint, requested by thread 0x4417a000


---------------  P R O C E S S  ---------------

Java Threads: ( => current thread )
  0x44181000 JavaThread "pool-2-thread-4" [_thread_blocked, id=4564, stack(0x44620000,0x44670000)]
  0x4417a000 JavaThread "pool-2-thread-3" [_thread_blocked, id=6004, stack(0x445d0000,0x44620000)]
  0x44180800 JavaThread "pool-2-thread-2" [_thread_blocked, id=744, stack(0x44580000,0x445d0000)]
  0x44179000 JavaThread "pool-3-thread-1" [_thread_blocked, id=6316, stack(0x44530000,0x44580000)]
  0x4416c400 JavaThread "pool-2-thread-1" [_thread_blocked, id=6336, stack(0x444e0000,0x44530000)]
  0x44001c00 JavaThread "Service Thread" daemon [_thread_blocked, id=4104, stack(0x44440000,0x44490000)]
  0x44008800 JavaThread "C1 CompilerThread0" daemon [_thread_blocked, id=6632, stack(0x443f0000,0x44440000)]
  0x44007400 JavaThread "Attach Listener" daemon [_thread_blocked, id=2240, stack(0x443a0000,0x443f0000)]
  0x44005400 JavaThread "Signal Dispatcher" daemon [_thread_blocked, id=5288, stack(0x44350000,0x443a0000)]
  0x43fd6800 JavaThread "Finalizer" daemon [_thread_blocked, id=6920, stack(0x44220000,0x44270000)]
  0x0172e800 JavaThread "Reference Handler" daemon [_thread_blocked, id=5624, stack(0x441d0000,0x44220000)]
  0x0173bc00 JavaThread "main" [_thread_blocked, id=6872, stack(0x01580000,0x015d0000)]

Other Threads:
=>0x0172c800 VMThread [stack: 0x015d0000,0x01620000] [id=6812]
  0x4402a800 WatcherThread [stack: 0x44490000,0x444e0000] [id=6220]

VM state:at safepoint (normal execution)

VM Mutex/Monitor currently owned by a thread:  ([mutex/lock_event])
[0x0173a208] Threads_lock - owner thread: 0x0172c800
[0x0173ae90] Heap_lock - owner thread: 0x4417a000

Heap:
 def new generation   total 112896K, used 12479K [0x03800000, 0x0b270000, 0x18d50000)
  eden space 100416K,   0% used [0x03800000, 0x03800000, 0x09a10000)
  from space 12480K,  99% used [0x09a10000, 0x0a63fff8, 0x0a640000)
  to   space 12480K,   0% used [0x0a640000, 0x0a640000, 0x0b270000)
 tenured generation   total 445396K, used 445271K [0x18d50000, 0x34045000, 0x43800000)
   the space 445396K,  99% used [0x18d50000, 0x34025ce0, 0x34025e00, 0x34045000)
 Metaspace       used 3502K, capacity 3534K, committed 3648K, reserved 4480K

Card table byte_map: [0x43800000,0x43a10000] byte_map_base: 0x437e4000

Polling page: 0x007f0000

CodeCache: size=32768Kb used=3466Kb max_used=3466Kb free=29302Kb
 bounds [0x01760000, 0x01ac8000, 0x03760000]
 total_blobs=1825 nmethods=1678 adapters=77
 compilation: enabled

Compilation events (10 events):
Event: 16.764 Thread 0x44008800 1676             com.android.dx.cf.code.SwitchList::<init> (37 bytes)
Event: 16.764 Thread 0x44008800 nmethod 1676 0x01ac1c08 code [0x01ac1d20, 0x01ac1e98]
Event: 16.764 Thread 0x44008800 1677             com.android.dx.cf.code.SwitchList::setDefaultTarget (51 bytes)
Event: 16.765 Thread 0x44008800 nmethod 1677 0x01ac1f88 code [0x01ac20c0, 0x01ac22e0]
Event: 16.779 Thread 0x44008800 1678             sun.reflect.generics.reflectiveObjects.ParameterizedTypeImpl::getRawType (5 bytes)
Event: 16.780 Thread 0x44008800 nmethod 1678 0x01ac2488 code [0x01ac2580, 0x01ac2600]
Event: 16.780 Thread 0x44008800 1679             sun.reflect.generics.reflectiveObjects.ParameterizedTypeImpl::getRawType (5 bytes)
Event: 16.780 Thread 0x44008800 nmethod 1679 0x01ac2648 code [0x01ac2740, 0x01ac27c0]
Event: 16.780 Thread 0x44008800 1680             sun.reflect.generics.reflectiveObjects.ParameterizedTypeImpl::getActualTypeArguments (11 bytes)
Event: 16.780 Thread 0x44008800 nmethod 1680 0x01ac2808 code [0x01ac2910, 0x01ac29ec]

GC Heap History (10 events):
Event: 15.078 GC heap after
Heap after GC invocations=100 (full 7):
 def new generation   total 112896K, used 12479K [0x03800000, 0x0b270000, 0x18d50000)
  eden space 100416K,   0% used [0x03800000, 0x03800000, 0x09a10000)
  from space 12480K,  99% used [0x0a640000, 0x0b26fff8, 0x0b270000)
  to   space 12480K,   0% used [0x09a10000, 0x09a10000, 0x0a640000)
 tenured generation   total 430676K, used 373306K [0x18d50000, 0x331e5000, 0x43800000)
   the space 430676K,  86% used [0x18d50000, 0x2f9de888, 0x2f9dea00, 0x331e5000)
 Metaspace       used 3501K, capacity 3534K, committed 3648K, reserved 4480K
}
Event: 15.313 GC heap before
{Heap before GC invocations=100 (full 7):
 def new generation   total 112896K, used 112895K [0x03800000, 0x0b270000, 0x18d50000)
  eden space 100416K, 100% used [0x03800000, 0x09a10000, 0x09a10000)
  from space 12480K,  99% used [0x0a640000, 0x0b26fff8, 0x0b270000)
  to   space 12480K,   0% used [0x09a10000, 0x09a10000, 0x0a640000)
 tenured generation   total 430676K, used 373306K [0x18d50000, 0x331e5000, 0x43800000)
   the space 430676K,  86% used [0x18d50000, 0x2f9de888, 0x2f9dea00, 0x331e5000)
 Metaspace       used 3501K, capacity 3534K, committed 3648K, reserved 4480K
Event: 15.423 GC heap after
Heap after GC invocations=101 (full 7):
 def new generation   total 112896K, used 12480K [0x03800000, 0x0b270000, 0x18d50000)
  eden space 100416K,   0% used [0x03800000, 0x03800000, 0x09a10000)
  from space 12480K, 100% used [0x09a10000, 0x0a640000, 0x0a640000)
  to   space 12480K,   0% used [0x0a640000, 0x0a640000, 0x0b270000)
 tenured generation   total 430676K, used 386887K [0x18d50000, 0x331e5000, 0x43800000)
   the space 430676K,  89% used [0x18d50000, 0x30721d68, 0x30721e00, 0x331e5000)
 Metaspace       used 3501K, capacity 3534K, committed 3648K, reserved 4480K
}
Event: 15.704 GC heap before
{Heap before GC invocations=101 (full 7):
 def new generation   total 112896K, used 112896K [0x03800000, 0x0b270000, 0x18d50000)
  eden space 100416K, 100% used [0x03800000, 0x09a10000, 0x09a10000)
  from space 12480K, 100% used [0x09a10000, 0x0a640000, 0x0a640000)
  to   space 12480K,   0% used [0x0a640000, 0x0a640000, 0x0b270000)
 tenured generation   total 430676K, used 386887K [0x18d50000, 0x331e5000, 0x43800000)
   the space 430676K,  89% used [0x18d50000, 0x30721d68, 0x30721e00, 0x331e5000)
 Metaspace       used 3501K, capacity 3534K, committed 3648K, reserved 4480K
Event: 15.834 GC heap after
Heap after GC invocations=102 (full 7):
 def new generation   total 112896K, used 12480K [0x03800000, 0x0b270000, 0x18d50000)
  eden space 100416K,   0% used [0x03800000, 0x03800000, 0x09a10000)
  from space 12480K, 100% used [0x0a640000, 0x0b270000, 0x0b270000)
  to   space 12480K,   0% used [0x09a10000, 0x09a10000, 0x0a640000)
 tenured generation   total 430676K, used 401762K [0x18d50000, 0x331e5000, 0x43800000)
   the space 430676K,  93% used [0x18d50000, 0x315a88e8, 0x315a8a00, 0x331e5000)
 Metaspace       used 3501K, capacity 3534K, committed 3648K, reserved 4480K
}
Event: 16.079 GC heap before
{Heap before GC invocations=102 (full 7):
 def new generation   total 112896K, used 112896K [0x03800000, 0x0b270000, 0x18d50000)
  eden space 100416K, 100% used [0x03800000, 0x09a10000, 0x09a10000)
  from space 12480K, 100% used [0x0a640000, 0x0b270000, 0x0b270000)
  to   space 12480K,   0% used [0x09a10000, 0x09a10000, 0x0a640000)
 tenured generation   total 430676K, used 401762K [0x18d50000, 0x331e5000, 0x43800000)
   the space 430676K,  93% used [0x18d50000, 0x315a88e8, 0x315a8a00, 0x331e5000)
 Metaspace       used 3502K, capacity 3534K, committed 3648K, reserved 4480K
Event: 16.186 GC heap after
Heap after GC invocations=103 (full 7):
 def new generation   total 112896K, used 12480K [0x03800000, 0x0b270000, 0x18d50000)
  eden space 100416K,   0% used [0x03800000, 0x03800000, 0x09a10000)
  from space 12480K, 100% used [0x09a10000, 0x0a640000, 0x0a640000)
  to   space 12480K,   0% used [0x0a640000, 0x0a640000, 0x0b270000)
 tenured generation   total 430676K, used 415339K [0x18d50000, 0x331e5000, 0x43800000)
   the space 430676K,  96% used [0x18d50000, 0x322eaf00, 0x322eb000, 0x331e5000)
 Metaspace       used 3502K, capacity 3534K, committed 3648K, reserved 4480K
}
Event: 16.474 GC heap before
{Heap before GC invocations=103 (full 7):
 def new generation   total 112896K, used 112896K [0x03800000, 0x0b270000, 0x18d50000)
  eden space 100416K, 100% used [0x03800000, 0x09a10000, 0x09a10000)
  from space 12480K, 100% used [0x09a10000, 0x0a640000, 0x0a640000)
  to   space 12480K,   0% used [0x0a640000, 0x0a640000, 0x0b270000)
 tenured generation   total 430676K, used 415339K [0x18d50000, 0x331e5000, 0x43800000)
   the space 430676K,  96% used [0x18d50000, 0x322eaf00, 0x322eb000, 0x331e5000)
 Metaspace       used 3502K, capacity 3534K, committed 3648K, reserved 4480K
Event: 16.613 GC heap after
Heap after GC invocations=104 (full 7):
 def new generation   total 112896K, used 12480K [0x03800000, 0x0b270000, 0x18d50000)
  eden space 100416K,   0% used [0x03800000, 0x03800000, 0x09a10000)
  from space 12480K, 100% used [0x0a640000, 0x0b270000, 0x0b270000)
  to   space 12480K,   0% used [0x09a10000, 0x09a10000, 0x0a640000)
 tenured generation   total 430676K, used 430396K [0x18d50000, 0x331e5000, 0x43800000)
   the space 430676K,  99% used [0x18d50000, 0x3319f210, 0x3319f400, 0x331e5000)
 Metaspace       used 3502K, capacity 3534K, committed 3648K, reserved 4480K
}
Event: 16.987 GC heap before
{Heap before GC invocations=104 (full 7):
 def new generation   total 112896K, used 112896K [0x03800000, 0x0b270000, 0x18d50000)
  eden space 100416K, 100% used [0x03800000, 0x09a10000, 0x09a10000)
  from space 12480K, 100% used [0x0a640000, 0x0b270000, 0x0b270000)
  to   space 12480K,   0% used [0x09a10000, 0x09a10000, 0x0a640000)
 tenured generation   total 430676K, used 430396K [0x18d50000, 0x331e5000, 0x43800000)
   the space 430676K,  99% used [0x18d50000, 0x3319f210, 0x3319f400, 0x331e5000)
 Metaspace       used 3502K, capacity 3534K, committed 3648K, reserved 4480K

Deoptimization events (0 events):
No events

Internal exceptions (5 events):
Event: 0.094 Thread 0x0173bc00 Exception <a 'java/lang/NoSuchMethodError': Method sun.misc.Unsafe.defineClass(Ljava/lang/String;[BII)Ljava/lang/Class; name or signature does not match> (0x038109a8) thrown at [D:\re\workspace\8-2-build-windows-i586-cygwin\jdk8u73\6086\hotspot\src\share\v¤3pg@¸?
Event: 0.095 Thread 0x0173bc00 Exception <a 'java/lang/NoSuchMethodError': Method sun.misc.Unsafe.prefetchRead(Ljava/lang/Object;J)V name or signature does not match> (0x03810c78) thrown at [D:\re\workspace\8-2-build-windows-i586-cygwin\jdk8u73\6086\hotspot\src\share\vm\prims\jni.cpp, lÄ‚Ü£ð÷?
Event: 1.445 Thread 0x4417a000 Exception <a 'java/lang/ArrayIndexOutOfBoundsException': 18> (0x039a1498) thrown at [D:\re\workspace\8-2-build-windows-i586-cygwin\jdk8u73\6086\hotspot\src\share\vm\interpreter\interpreterRuntime.cpp, line 366]
Event: 1.446 Thread 0x4417a000 Exception <a 'java/lang/ArrayIndexOutOfBoundsException': 145> (0x039a2d38) thrown at [D:\re\workspace\8-2-build-windows-i586-cygwin\jdk8u73\6086\hotspot\src\share\vm\interpreter\interpreterRuntime.cpp, line 366]
Event: 1.447 Thread 0x4417a000 Exception <a 'java/lang/ArrayIndexOutOfBoundsException': 40> (0x039a3e18) thrown at [D:\re\workspace\8-2-build-windows-i586-cygwin\jdk8u73\6086\hotspot\src\share\vm\interpreter\interpreterRuntime.cpp, line 366]

Events (10 events):
Event: 15.078 Executing VM operation: GenCollectForAllocation done
Event: 15.312 Executing VM operation: GenCollectForAllocation
Event: 15.423 Executing VM operation: GenCollectForAllocation done
Event: 15.704 Executing VM operation: GenCollectForAllocation
Event: 15.834 Executing VM operation: GenCollectForAllocation done
Event: 16.079 Executing VM operation: GenCollectForAllocation
Event: 16.186 Executing VM operation: GenCollectForAllocation done
Event: 16.474 Executing VM operation: GenCollectForAllocation
Event: 16.613 Executing VM operation: GenCollectForAllocation done
Event: 16.987 Executing VM operation: GenCollectForAllocation


Dynamic libraries:
0x00830000 - 0x00863000 	C:\Program Files\Java\jdk1.8.0_73\bin\java.exe
0x77970000 - 0x77ada000 	C:\Windows\SYSTEM32\ntdll.dll
0x76d80000 - 0x76e80000 	C:\Windows\system32\KERNEL32.DLL
0x751c0000 - 0x75299000 	C:\Windows\system32\KERNELBASE.dll
0x740e0000 - 0x74180000 	C:\Windows\system32\apphelp.dll
0x59930000 - 0x59b96000 	C:\Windows\AppPatch\AcGenral.DLL
0x772a0000 - 0x77363000 	C:\Windows\system32\msvcrt.dll
0x77690000 - 0x776d1000 	C:\Windows\SYSTEM32\sechost.dll
0x753b0000 - 0x753d3000 	C:\Windows\system32\SspiCli.dll
0x75790000 - 0x757d5000 	C:\Windows\system32\SHLWAPI.dll
0x74200000 - 0x742ee000 	C:\Windows\SYSTEM32\UxTheme.dll
0x77000000 - 0x77155000 	C:\Windows\system32\USER32.dll
0x755d0000 - 0x756e2000 	C:\Windows\system32\GDI32.dll
0x73a60000 - 0x73a83000 	C:\Windows\SYSTEM32\WINMM.dll
0x701c0000 - 0x701d3000 	C:\Windows\SYSTEM32\samcli.dll
0x77560000 - 0x77689000 	C:\Windows\system32\ole32.dll
0x77200000 - 0x77297000 	C:\Windows\system32\OLEAUT32.dll
0x6f0e0000 - 0x6f0f7000 	C:\Windows\SYSTEM32\MSACM32.dll
0x736d0000 - 0x736d8000 	C:\Windows\SYSTEM32\VERSION.dll
0x757e0000 - 0x76a9a000 	C:\Windows\system32\SHELL32.dll
0x74980000 - 0x7499b000 	C:\Windows\SYSTEM32\USERENV.dll
0x73a90000 - 0x73aaa000 	C:\Windows\SYSTEM32\dwmapi.dll
0x72890000 - 0x729dc000 	C:\Windows\SYSTEM32\urlmon.dll
0x75710000 - 0x7578c000 	C:\Windows\system32\ADVAPI32.dll
0x6b640000 - 0x6b6a5000 	C:\Windows\SYSTEM32\WINSPOOL.DRV
0x6ea80000 - 0x6ea96000 	C:\Windows\SYSTEM32\MPR.dll
0x77850000 - 0x77920000 	C:\Windows\system32\RPCRT4.dll
0x76e80000 - 0x76ffd000 	C:\Windows\SYSTEM32\combase.dll
0x736a0000 - 0x736c3000 	C:\Windows\SYSTEM32\WINMMBASE.dll
0x75150000 - 0x7515f000 	C:\Windows\SYSTEM32\profapi.dll
0x729e0000 - 0x72c14000 	C:\Windows\SYSTEM32\iertutil.dll
0x72270000 - 0x724cd000 	C:\Windows\SYSTEM32\WININET.dll
0x75330000 - 0x7536c000 	C:\Windows\SYSTEM32\cfgmgr32.dll
0x742f0000 - 0x74311000 	C:\Windows\SYSTEM32\DEVOBJ.dll
0x77440000 - 0x774cb000 	C:\Windows\system32\SHCORE.DLL
0x77400000 - 0x77426000 	C:\Windows\system32\IMM32.DLL
0x76aa0000 - 0x76bb2000 	C:\Windows\system32\MSCTF.dll
0x73850000 - 0x73a56000 	C:\Windows\WinSxS\x86_microsoft.windows.common-controls_6595b64144ccf1df_6.0.9600.18006_none_a9ec6aab013aafee\COMCTL32.dll
0x63920000 - 0x639df000 	C:\Program Files\Java\jdk1.8.0_73\jre\bin\msvcr100.dll
0x59560000 - 0x59928000 	C:\Program Files\Java\jdk1.8.0_73\jre\bin\client\jvm.dll
0x6c680000 - 0x6c688000 	C:\Windows\SYSTEM32\WSOCK32.dll
0x773f0000 - 0x773f6000 	C:\Windows\system32\PSAPI.DLL
0x77920000 - 0x7796f000 	C:\Windows\system32\WS2_32.dll
0x77430000 - 0x77437000 	C:\Windows\system32\NSI.dll
0x72100000 - 0x7210c000 	C:\Program Files\Java\jdk1.8.0_73\jre\bin\verify.dll
0x68e10000 - 0x68e31000 	C:\Program Files\Java\jdk1.8.0_73\jre\bin\java.dll
0x6f080000 - 0x6f093000 	C:\Program Files\Java\jdk1.8.0_73\jre\bin\zip.dll
0x70200000 - 0x70341000 	C:\Windows\SYSTEM32\dbghelp.dll

VM Arguments:
jvm_args: -Djava.awt.headless=true -Xmx1024M -Dfile.encoding=windows-1251 -Duser.country=US -Duser.language=en -Duser.variant 
java_command: com.android.dx.command.Main --dex --num-threads=4 --multi-dex --main-dex-list C:\Users\Admin\Desktop\hobby\app\build\intermediates\multi-dex\debug\maindexlist.txt --output C:\Users\Admin\Desktop\hobby\app\build\intermediates\transforms\dex\debug\folders\1000\1f\main C:\Users\Admin\Desktop\hobby\app\build\intermediates\transforms\jarMerging\debug\jars\1\1f\combined.jar
java_class_path (initial): C:\Users\Admin\AppData\Local\Android\sdk\build-tools\24.0.2\lib\dx.jar
Launcher Type: SUN_STANDARD

Environment Variables:
JAVA_HOME=c:\Program Files\Java\jdk1.8.0_73\
PATH=C:\Program Files\Borland\Delphi7\Bin;C:\Program Files\Borland\Delphi7\Projects\Bpl\;C:\ProgramData\Oracle\Java\javapath;C:\Windows\system32;C:\Windows;C:\Windows\System32\Wbem;C:\Windows\System32\WindowsPowerShell\v1.0\;C:\Program Files\TortoiseGit\bin;C:\Program Files\QuickTime\QTSystem\;c:\Python27\;c:\Python27\Scripts\;c:\Program Files\Java\jdk1.8.0_73\bin\;c:\Program Files\Java\jdk1.8.0_73\lib\;c:\openssl\bin\;C:\Program Files\Git\cmd;C:\Program Files\Skype\Phone\
USERNAME=Admin
OS=Windows_NT
PROCESSOR_IDENTIFIER=x86 Family 6 Model 37 Stepping 2, GenuineIntel



---------------  S Y S T E M  ---------------

OS: Windows 8.1 Build 9600 (6.3.9600.17415)

CPU:total 4 (2 cores per cpu, 2 threads per core) family 6 model 37 stepping 2, cmov, cx8, fxsr, mmx, sse, sse2, sse3, ssse3, sse4.1, sse4.2, popcnt, ht, tsc, tscinvbit

Memory: 4k page, physical 2546360k(117456k free), swap 5692088k(5088k free)

vm_info: Java HotSpot(TM) Client VM (25.73-b02) for windows-x86 JRE (1.8.0_73-b02), built on Jan 29 2016 17:05:52 by "java_re" with MS VC++ 10.0 (VS2010)

time: Fri Mar 24 16:01:16 2017
elapsed time: 18 seconds (0d 0h 0m 18s)

