#
# There is insufficient memory for the Java Runtime Environment to continue.
# Native memory allocation (malloc) failed to allocate 4092 bytes for AllocateHeap
# Possible reasons:
#   The system is out of physical RAM or swap space
#   In 32 bit mode, the process size limit was hit
# Possible solutions:
#   Reduce memory load on the system
#   Increase physical memory or swap space
#   Check if swap backing store is full
#   Use 64 bit Java on a 64 bit OS
#   Decrease Java heap size (-Xmx/-Xms)
#   Decrease number of Java threads
#   Decrease Java thread stack sizes (-Xss)
#   Set larger code cache with -XX:ReservedCodeCacheSize=
# This output file may be truncated or incomplete.
#
#  Out of Memory Error (memory/allocation.inline.hpp:61), pid=5988, tid=792
#
# JRE version: Java(TM) SE Runtime Environment (8.0_73-b02) (build 1.8.0_73-b02)
# Java VM: Java HotSpot(TM) Client VM (25.73-b02 mixed mode windows-x86 )
# Failed to write core dump. Minidumps are not enabled by default on client versions of Windows
#

---------------  T H R E A D  ---------------

Current thread (0x006bc400):  VMThread [stack: 0x00560000,0x005b0000] [id=792]

Stack: [0x00560000,0x005b0000],  sp=0x005aef1c,  free space=315k
Native frames: (J=compiled Java code, j=interpreted, Vv=VM code, C=native code)
V  [jvm.dll+0x1a7f9b]
V  [jvm.dll+0x1a0888]
V  [jvm.dll+0x9369d]
V  [jvm.dll+0xc792f]
V  [jvm.dll+0xbe9d5]
V  [jvm.dll+0x1b34a1]
V  [jvm.dll+0x1b369c]
V  [jvm.dll+0x1786e3]
V  [jvm.dll+0x17720a]
V  [jvm.dll+0x97230]
V  [jvm.dll+0x98521]
V  [jvm.dll+0x9a300]
V  [jvm.dll+0x9a769]
V  [jvm.dll+0x994ef]
V  [jvm.dll+0xa5752]
V  [jvm.dll+0x980f3]
V  [jvm.dll+0x92095]
V  [jvm.dll+0x1b68f6]
V  [jvm.dll+0x18118b]
V  [jvm.dll+0x1805a1]
V  [jvm.dll+0x1809b7]
V  [jvm.dll+0x180bb2]
V  [jvm.dll+0x1c0636]
C  [msvcr100.dll+0x5c556]
C  [msvcr100.dll+0x5c600]
C  [KERNEL32.DLL+0x4198]
C  [ntdll.dll+0x52cb1]
C  [ntdll.dll+0x52c7f]

VM_Operation (0x4414f028): GenCollectForAllocation, mode: safepoint, requested by thread 0x00c59800


---------------  P R O C E S S  ---------------

Java Threads: ( => current thread )
  0x00c5dc00 JavaThread "pool-2-thread-4" [_thread_blocked, id=1396, stack(0x44240000,0x44290000)]
  0x00c5b000 JavaThread "pool-2-thread-3" [_thread_blocked, id=6644, stack(0x441f0000,0x44240000)]
  0x00c5a000 JavaThread "pool-2-thread-2" [_thread_blocked, id=1564, stack(0x441a0000,0x441f0000)]
  0x00c56c00 JavaThread "pool-3-thread-1" [_thread_blocked, id=6216, stack(0x44150000,0x441a0000)]
  0x00c59800 JavaThread "pool-2-thread-1" [_thread_blocked, id=7816, stack(0x44100000,0x44150000)]
  0x00b84800 JavaThread "Service Thread" daemon [_thread_blocked, id=2032, stack(0x44060000,0x440b0000)]
  0x00b5cc00 JavaThread "C1 CompilerThread0" daemon [_thread_blocked, id=2416, stack(0x03b70000,0x03bc0000)]
  0x00b5c000 JavaThread "Attach Listener" daemon [_thread_blocked, id=5456, stack(0x00df0000,0x00e40000)]
  0x00b5a400 JavaThread "Signal Dispatcher" daemon [_thread_blocked, id=5928, stack(0x00da0000,0x00df0000)]
  0x00b36c00 JavaThread "Finalizer" daemon [_thread_blocked, id=6132, stack(0x00d30000,0x00d80000)]
  0x00b32400 JavaThread "Reference Handler" daemon [_thread_blocked, id=7424, stack(0x006c0000,0x00710000)]
  0x0073bc00 JavaThread "main" [_thread_blocked, id=4568, stack(0x004e0000,0x00530000)]

Other Threads:
=>0x006bc400 VMThread [stack: 0x00560000,0x005b0000] [id=792]
  0x00b66400 WatcherThread [stack: 0x440b0000,0x44100000] [id=6500]

VM state:at safepoint (normal execution)

VM Mutex/Monitor currently owned by a thread:  ([mutex/lock_event])
[0x0073a370] Threads_lock - owner thread: 0x006bc400
[0x0073b268] Heap_lock - owner thread: 0x00c59800

Heap:
 def new generation   total 4928K, used 512K [0x03c00000, 0x04150000, 0x19150000)
  eden space 4416K,   0% used [0x03c00000, 0x03c00000, 0x04050000)
  from space 512K, 100% used [0x040d0000, 0x04150000, 0x04150000)
  to   space 512K,   0% used [0x04050000, 0x04050000, 0x040d0000)
 tenured generation   total 11608K, used 11606K [0x19150000, 0x19ca6000, 0x43c00000)
   the space 11608K,  99% used [0x19150000, 0x19ca5998, 0x19ca5a00, 0x19ca6000)
 Metaspace       used 3302K, capacity 3494K, committed 3520K, reserved 4480K

Card table byte_map: [0x007c0000,0x009d0000] byte_map_base: 0x007a2000

Polling page: 0x00530000

CodeCache: size=32768Kb used=2155Kb max_used=2155Kb free=30613Kb
 bounds [0x01a90000, 0x01cb0000, 0x03a90000]
 total_blobs=946 nmethods=802 adapters=74
 compilation: enabled

Compilation events (10 events):
Event: 4.327 Thread 0x00b5cc00  799             com.android.dx.cf.iface.StdMember::getDefiningClass (5 bytes)
Event: 4.327 Thread 0x00b5cc00 nmethod 799 0x01ca99c8 code [0x01ca9ac0, 0x01ca9b40]
Event: 4.330 Thread 0x00b5cc00  800             com.android.dx.ssa.SsaMethod::onSourceChanged (65 bytes)
Event: 4.330 Thread 0x00b5cc00 nmethod 800 0x01ca9b88 code [0x01ca9cc0, 0x01ca9ef8]
Event: 4.333 Thread 0x00b5cc00  801             com.android.dx.rop.code.DexTranslationAdvice::hasConstantOperation (163 bytes)
Event: 4.334 Thread 0x00b5cc00 nmethod 801 0x01caa288 code [0x01caa3c0, 0x01caa688]
Event: 4.343 Thread 0x00b5cc00  802             java.util.TreeMap::access$100 (5 bytes)
Event: 4.343 Thread 0x00b5cc00 nmethod 802 0x01caa908 code [0x01caaa00, 0x01caaa70]
Event: 4.343 Thread 0x00b5cc00  803             java.util.TreeMap$PrivateEntryIterator::hasNext (13 bytes)
Event: 4.344 Thread 0x00b5cc00 nmethod 803 0x01caaac8 code [0x01caabc0, 0x01caac50]

GC Heap History (10 events):
Event: 3.903 GC heap after
Heap after GC invocations=10 (full 0):
 def new generation   total 4928K, used 512K [0x03c00000, 0x04150000, 0x19150000)
  eden space 4416K,   0% used [0x03c00000, 0x03c00000, 0x04050000)
  from space 512K, 100% used [0x04050000, 0x040d0000, 0x040d0000)
  to   space 512K,   0% used [0x040d0000, 0x040d0000, 0x04150000)
 tenured generation   total 10944K, used 9908K [0x19150000, 0x19c00000, 0x43c00000)
   the space 10944K,  90% used [0x19150000, 0x19afd360, 0x19afd400, 0x19c00000)
 Metaspace       used 3302K, capacity 3494K, committed 3520K, reserved 4480K
}
Event: 3.971 GC heap before
{Heap before GC invocations=10 (full 0):
 def new generation   total 4928K, used 4928K [0x03c00000, 0x04150000, 0x19150000)
  eden space 4416K, 100% used [0x03c00000, 0x04050000, 0x04050000)
  from space 512K, 100% used [0x04050000, 0x040d0000, 0x040d0000)
  to   space 512K,   0% used [0x040d0000, 0x040d0000, 0x04150000)
 tenured generation   total 10944K, used 9908K [0x19150000, 0x19c00000, 0x43c00000)
   the space 10944K,  90% used [0x19150000, 0x19afd360, 0x19afd400, 0x19c00000)
 Metaspace       used 3302K, capacity 3494K, committed 3520K, reserved 4480K
Event: 3.980 GC heap after
Heap after GC invocations=11 (full 0):
 def new generation   total 4928K, used 512K [0x03c00000, 0x04150000, 0x19150000)
  eden space 4416K,   0% used [0x03c00000, 0x03c00000, 0x04050000)
  from space 512K, 100% used [0x040d0000, 0x04150000, 0x04150000)
  to   space 512K,   0% used [0x04050000, 0x04050000, 0x040d0000)
 tenured generation   total 10944K, used 10744K [0x19150000, 0x19c00000, 0x43c00000)
   the space 10944K,  98% used [0x19150000, 0x19bce2d8, 0x19bce400, 0x19c00000)
 Metaspace       used 3302K, capacity 3494K, committed 3520K, reserved 4480K
}
Event: 4.009 GC heap before
{Heap before GC invocations=11 (full 0):
 def new generation   total 4928K, used 4928K [0x03c00000, 0x04150000, 0x19150000)
  eden space 4416K, 100% used [0x03c00000, 0x04050000, 0x04050000)
  from space 512K, 100% used [0x040d0000, 0x04150000, 0x04150000)
  to   space 512K,   0% used [0x04050000, 0x04050000, 0x040d0000)
 tenured generation   total 10944K, used 10744K [0x19150000, 0x19c00000, 0x43c00000)
   the space 10944K,  98% used [0x19150000, 0x19bce2d8, 0x19bce400, 0x19c00000)
 Metaspace       used 3302K, capacity 3494K, committed 3520K, reserved 4480K
Event: 4.067 GC heap after
Heap after GC invocations=12 (full 1):
 def new generation   total 4928K, used 0K [0x03c00000, 0x04150000, 0x19150000)
  eden space 4416K,   0% used [0x03c00000, 0x03c00000, 0x04050000)
  from space 512K,   0% used [0x04050000, 0x04050000, 0x040d0000)
  to   space 512K,   0% used [0x040d0000, 0x040d0000, 0x04150000)
 tenured generation   total 11428K, used 10039K [0x19150000, 0x19c79000, 0x43c00000)
   the space 11428K,  87% used [0x19150000, 0x19b1def8, 0x19b1e000, 0x19c79000)
 Metaspace       used 3302K, capacity 3494K, committed 3520K, reserved 4480K
}
Event: 4.176 GC heap before
{Heap before GC invocations=12 (full 1):
 def new generation   total 4928K, used 4415K [0x03c00000, 0x04150000, 0x19150000)
  eden space 4416K,  99% used [0x03c00000, 0x0404ff08, 0x04050000)
  from space 512K,   0% used [0x04050000, 0x04050000, 0x040d0000)
  to   space 512K,   0% used [0x040d0000, 0x040d0000, 0x04150000)
 tenured generation   total 11428K, used 10039K [0x19150000, 0x19c79000, 0x43c00000)
   the space 11428K,  87% used [0x19150000, 0x19b1def8, 0x19b1e000, 0x19c79000)
 Metaspace       used 3302K, capacity 3494K, committed 3520K, reserved 4480K
Event: 4.181 GC heap after
Heap after GC invocations=13 (full 1):
 def new generation   total 4928K, used 512K [0x03c00000, 0x04150000, 0x19150000)
  eden space 4416K,   0% used [0x03c00000, 0x03c00000, 0x04050000)
  from space 512K, 100% used [0x040d0000, 0x04150000, 0x04150000)
  to   space 512K,   0% used [0x04050000, 0x04050000, 0x040d0000)
 tenured generation   total 11428K, used 10303K [0x19150000, 0x19c79000, 0x43c00000)
   the space 11428K,  90% used [0x19150000, 0x19b5ff68, 0x19b60000, 0x19c79000)
 Metaspace       used 3302K, capacity 3494K, committed 3520K, reserved 4480K
}
Event: 4.290 GC heap before
{Heap before GC invocations=13 (full 1):
 def new generation   total 4928K, used 4928K [0x03c00000, 0x04150000, 0x19150000)
  eden space 4416K, 100% used [0x03c00000, 0x04050000, 0x04050000)
  from space 512K, 100% used [0x040d0000, 0x04150000, 0x04150000)
  to   space 512K,   0% used [0x04050000, 0x04050000, 0x040d0000)
 tenured generation   total 11428K, used 10303K [0x19150000, 0x19c79000, 0x43c00000)
   the space 11428K,  90% used [0x19150000, 0x19b5ff68, 0x19b60000, 0x19c79000)
 Metaspace       used 3302K, capacity 3494K, committed 3520K, reserved 4480K
Event: 4.296 GC heap after
Heap after GC invocations=14 (full 1):
 def new generation   total 4928K, used 512K [0x03c00000, 0x04150000, 0x19150000)
  eden space 4416K,   0% used [0x03c00000, 0x03c00000, 0x04050000)
  from space 512K, 100% used [0x04050000, 0x040d0000, 0x040d0000)
  to   space 512K,   0% used [0x040d0000, 0x040d0000, 0x04150000)
 tenured generation   total 11428K, used 10899K [0x19150000, 0x19c79000, 0x43c00000)
   the space 11428K,  95% used [0x19150000, 0x19bf4e58, 0x19bf5000, 0x19c79000)
 Metaspace       used 3302K, capacity 3494K, committed 3520K, reserved 4480K
}
Event: 4.345 GC heap before
{Heap before GC invocations=14 (full 1):
 def new generation   total 4928K, used 4928K [0x03c00000, 0x04150000, 0x19150000)
  eden space 4416K, 100% used [0x03c00000, 0x04050000, 0x04050000)
  from space 512K, 100% used [0x04050000, 0x040d0000, 0x040d0000)
  to   space 512K,   0% used [0x040d0000, 0x040d0000, 0x04150000)
 tenured generation   total 11428K, used 10899K [0x19150000, 0x19c79000, 0x43c00000)
   the space 11428K,  95% used [0x19150000, 0x19bf4e58, 0x19bf5000, 0x19c79000)
 Metaspace       used 3302K, capacity 3494K, committed 3520K, reserved 4480K

Deoptimization events (0 events):
No events

Internal exceptions (2 events):
Event: 0.175 Thread 0x0073bc00 Exception <a 'java/lang/NoSuchMethodError': Method sun.misc.Unsafe.defineClass(Ljava/lang/String;[BII)Ljava/lang/Class; name or signature does not match> (0x03c108a0) thrown at [D:\re\workspace\8-2-build-windows-i586-cygwin\jdk8u73\6086\hotspot\src\share\v‚€»ljÆ?
Event: 0.175 Thread 0x0073bc00 Exception <a 'java/lang/NoSuchMethodError': Method sun.misc.Unsafe.prefetchRead(Ljava/lang/Object;J)V name or signature does not match> (0x03c10b70) thrown at [D:\re\workspace\8-2-build-windows-i586-cygwin\jdk8u73\6086\hotspot\src\share\vm\prims\jni.cpp, l

Events (10 events):
Event: 3.980 Executing VM operation: GenCollectForAllocation done
Event: 4.009 Executing VM operation: GenCollectForAllocation
Event: 4.067 Executing VM operation: GenCollectForAllocation done
Event: 4.176 Executing VM operation: GenCollectForAllocation
Event: 4.181 Executing VM operation: GenCollectForAllocation done
Event: 4.290 Executing VM operation: GenCollectForAllocation
Event: 4.296 Executing VM operation: GenCollectForAllocation done
Event: 4.341 Executing VM operation: EnableBiasedLocking
Event: 4.342 Executing VM operation: EnableBiasedLocking done
Event: 4.345 Executing VM operation: GenCollectForAllocation


Dynamic libraries:
0x00e50000 - 0x00e83000 	C:\Program Files\Java\jdk1.8.0_73\bin\java.exe
0x770c0000 - 0x7722a000 	C:\Windows\SYSTEM32\ntdll.dll
0x74fc0000 - 0x750c0000 	C:\Windows\system32\KERNEL32.DLL
0x74b60000 - 0x74c39000 	C:\Windows\system32\KERNELBASE.dll
0x73830000 - 0x738d0000 	C:\Windows\system32\apphelp.dll
0x5a5b0000 - 0x5a816000 	C:\Windows\AppPatch\AcGenral.DLL
0x76620000 - 0x766e3000 	C:\Windows\system32\msvcrt.dll
0x76be0000 - 0x76c21000 	C:\Windows\SYSTEM32\sechost.dll
0x74960000 - 0x74983000 	C:\Windows\system32\SspiCli.dll
0x76820000 - 0x76865000 	C:\Windows\system32\SHLWAPI.dll
0x73910000 - 0x739fe000 	C:\Windows\SYSTEM32\UxTheme.dll
0x76a80000 - 0x76bd5000 	C:\Windows\system32\USER32.dll
0x76de0000 - 0x76ef2000 	C:\Windows\system32\GDI32.dll
0x731d0000 - 0x731f3000 	C:\Windows\SYSTEM32\WINMM.dll
0x6f910000 - 0x6f923000 	C:\Windows\SYSTEM32\samcli.dll
0x766f0000 - 0x76819000 	C:\Windows\system32\ole32.dll
0x74cd0000 - 0x74d67000 	C:\Windows\system32\OLEAUT32.dll
0x5d5b0000 - 0x5d5c7000 	C:\Windows\SYSTEM32\MSACM32.dll
0x72f70000 - 0x72f78000 	C:\Windows\SYSTEM32\VERSION.dll
0x750c0000 - 0x7637a000 	C:\Windows\system32\SHELL32.dll
0x740d0000 - 0x740eb000 	C:\Windows\SYSTEM32\USERENV.dll
0x731b0000 - 0x731ca000 	C:\Windows\SYSTEM32\dwmapi.dll
0x72240000 - 0x7238c000 	C:\Windows\SYSTEM32\urlmon.dll
0x74d70000 - 0x74dec000 	C:\Windows\system32\ADVAPI32.dll
0x6dc10000 - 0x6dc75000 	C:\Windows\SYSTEM32\WINSPOOL.DRV
0x6dcb0000 - 0x6dcc6000 	C:\Windows\SYSTEM32\MPR.dll
0x76d10000 - 0x76de0000 	C:\Windows\system32\RPCRT4.dll
0x74df0000 - 0x74f6d000 	C:\Windows\SYSTEM32\combase.dll
0x72f40000 - 0x72f63000 	C:\Windows\SYSTEM32\WINMMBASE.dll
0x748a0000 - 0x748af000 	C:\Windows\SYSTEM32\profapi.dll
0x723c0000 - 0x725f4000 	C:\Windows\SYSTEM32\iertutil.dll
0x71e10000 - 0x7206d000 	C:\Windows\SYSTEM32\WININET.dll
0x74920000 - 0x7495c000 	C:\Windows\SYSTEM32\cfgmgr32.dll
0x73a40000 - 0x73a61000 	C:\Windows\SYSTEM32\DEVOBJ.dll
0x76c80000 - 0x76d0b000 	C:\Windows\system32\SHCORE.DLL
0x76c50000 - 0x76c76000 	C:\Windows\system32\IMM32.DLL
0x76960000 - 0x76a72000 	C:\Windows\system32\MSCTF.dll
0x72fa0000 - 0x731a6000 	C:\Windows\WinSxS\x86_microsoft.windows.common-controls_6595b64144ccf1df_6.0.9600.18006_none_a9ec6aab013aafee\COMCTL32.dll
0x5af60000 - 0x5b01f000 	C:\Program Files\Java\jdk1.8.0_73\jre\bin\msvcr100.dll
0x581c0000 - 0x58588000 	C:\Program Files\Java\jdk1.8.0_73\jre\bin\client\jvm.dll
0x6c7f0000 - 0x6c7f8000 	C:\Windows\SYSTEM32\WSOCK32.dll
0x765f0000 - 0x765f6000 	C:\Windows\system32\PSAPI.DLL
0x74f70000 - 0x74fbf000 	C:\Windows\system32\WS2_32.dll
0x76c40000 - 0x76c47000 	C:\Windows\system32\NSI.dll
0x71690000 - 0x7169c000 	C:\Program Files\Java\jdk1.8.0_73\jre\bin\verify.dll
0x69fc0000 - 0x69fe1000 	C:\Program Files\Java\jdk1.8.0_73\jre\bin\java.dll
0x69fa0000 - 0x69fb3000 	C:\Program Files\Java\jdk1.8.0_73\jre\bin\zip.dll
0x6f9c0000 - 0x6fb01000 	C:\Windows\SYSTEM32\dbghelp.dll

VM Arguments:
jvm_args: -Djava.awt.headless=true -Xmx1024M -Dfile.encoding=windows-1251 -Duser.country=US -Duser.language=en -Duser.variant 
java_command: com.android.dx.command.Main --dex --force-jumbo --num-threads=4 --multi-dex --output C:\Users\Admin\Desktop\hobby\app\build\intermediates\transforms\dex\debug\folders\1000\5\slice_2 C:\Users\Admin\Desktop\hobby\app\build\intermediates\transforms\instantRunSlicer\debug\folders\1\5\slice_2
java_class_path (initial): C:\Users\Admin\AppData\Local\Android\sdk\build-tools\24.0.2\lib\dx.jar
Launcher Type: SUN_STANDARD

Environment Variables:
JAVA_HOME=c:\Program Files\Java\jdk1.8.0_73\
PATH=C:\Program Files\Borland\Delphi7\Bin;C:\Program Files\Borland\Delphi7\Projects\Bpl\;C:\ProgramData\Oracle\Java\javapath;C:\Windows\system32;C:\Windows;C:\Windows\System32\Wbem;C:\Windows\System32\WindowsPowerShell\v1.0\;C:\Program Files\TortoiseGit\bin;C:\Program Files\QuickTime\QTSystem\;c:\Python27\;c:\Python27\Scripts\;c:\Program Files\Java\jdk1.8.0_73\bin\;c:\Program Files\Java\jdk1.8.0_73\lib\;c:\openssl\bin\;C:\Program Files\Git\cmd;C:\Program Files\Skype\Phone\
USERNAME=Admin
OS=Windows_NT
PROCESSOR_IDENTIFIER=x86 Family 6 Model 37 Stepping 2, GenuineIntel



---------------  S Y S T E M  ---------------

OS: Windows 8.1 Build 9600 (6.3.9600.17415)

CPU:total 4 (2 cores per cpu, 2 threads per core) family 6 model 37 stepping 2, cmov, cx8, fxsr, mmx, sse, sse2, sse3, ssse3, sse4.1, sse4.2, popcnt, ht, tsc, tscinvbit

Memory: 4k page, physical 2546360k(102504k free), swap 5692088k(27836k free)

vm_info: Java HotSpot(TM) Client VM (25.73-b02) for windows-x86 JRE (1.8.0_73-b02), built on Jan 29 2016 17:05:52 by "java_re" with MS VC++ 10.0 (VS2010)

time: Fri Mar 24 11:06:26 2017
elapsed time: 4 seconds (0d 0h 0m 4s)

