#
# There is insufficient memory for the Java Runtime Environment to continue.
# Native memory allocation (malloc) failed to allocate 4092 bytes for AllocateHeap
# Possible reasons:
#   The system is out of physical RAM or swap space
#   In 32 bit mode, the process size limit was hit
# Possible solutions:
#   Reduce memory load on the system
#   Increase physical memory or swap space
#   Check if swap backing store is full
#   Use 64 bit Java on a 64 bit OS
#   Decrease Java heap size (-Xmx/-Xms)
#   Decrease number of Java threads
#   Decrease Java thread stack sizes (-Xss)
#   Set larger code cache with -XX:ReservedCodeCacheSize=
# This output file may be truncated or incomplete.
#
#  Out of Memory Error (memory/allocation.inline.hpp:61), pid=852, tid=6740
#
# JRE version: Java(TM) SE Runtime Environment (8.0_73-b02) (build 1.8.0_73-b02)
# Java VM: Java HotSpot(TM) Client VM (25.73-b02 mixed mode windows-x86 )
# Failed to write core dump. Minidumps are not enabled by default on client versions of Windows
#

---------------  T H R E A D  ---------------

Current thread (0x00c9c400):  VMThread [stack: 0x00ca0000,0x00cf0000] [id=6740]

Stack: [0x00ca0000,0x00cf0000],  sp=0x00ceebd0,  free space=314k
Native frames: (J=compiled Java code, j=interpreted, Vv=VM code, C=native code)
V  [jvm.dll+0x1a7f9b]
V  [jvm.dll+0x1a0888]
V  [jvm.dll+0x9369d]
V  [jvm.dll+0xc792f]
V  [jvm.dll+0xbc73b]
V  [jvm.dll+0xd18f8]
V  [jvm.dll+0xd1a6d]
V  [jvm.dll+0x1b34a1]
V  [jvm.dll+0x1b369c]
V  [jvm.dll+0x1786e3]
V  [jvm.dll+0x17720a]
V  [jvm.dll+0x97230]
V  [jvm.dll+0x98521]
V  [jvm.dll+0x9a300]
V  [jvm.dll+0x9a769]
V  [jvm.dll+0x994ef]
V  [jvm.dll+0xa5752]
V  [jvm.dll+0x980f3]
V  [jvm.dll+0x92095]
V  [jvm.dll+0x1b68f6]
V  [jvm.dll+0x18118b]
V  [jvm.dll+0x1805a1]
V  [jvm.dll+0x1809b7]
V  [jvm.dll+0x180bb2]
V  [jvm.dll+0x1c0636]
C  [msvcr100.dll+0x5c556]
C  [msvcr100.dll+0x5c600]
C  [KERNEL32.DLL+0x4198]
C  [ntdll.dll+0x52cb1]
C  [ntdll.dll+0x52c7f]

VM_Operation (0x4480ed44): GenCollectForAllocation, mode: safepoint, requested by thread 0x4438b800


---------------  P R O C E S S  ---------------

Java Threads: ( => current thread )
  0x4438b800 JavaThread "pool-2-thread-4" [_thread_blocked, id=6060, stack(0x447c0000,0x44810000)]
  0x4438f000 JavaThread "pool-2-thread-2" [_thread_blocked, id=5424, stack(0x44720000,0x44770000)]
  0x44389000 JavaThread "pool-3-thread-1" [_thread_blocked, id=5592, stack(0x446d0000,0x44720000)]
  0x4437b800 JavaThread "pool-2-thread-1" [_thread_blocked, id=7044, stack(0x44680000,0x446d0000)]
  0x442a6800 JavaThread "Service Thread" daemon [_thread_blocked, id=3864, stack(0x445e0000,0x44630000)]
  0x4428cc00 JavaThread "C1 CompilerThread0" daemon [_thread_blocked, id=824, stack(0x44590000,0x445e0000)]
  0x4428bc00 JavaThread "Attach Listener" daemon [_thread_blocked, id=5540, stack(0x44540000,0x44590000)]
  0x4428a000 JavaThread "Signal Dispatcher" daemon [_thread_blocked, id=7724, stack(0x03d90000,0x03de0000)]
  0x44266c00 JavaThread "Finalizer" daemon [_thread_blocked, id=7336, stack(0x00fa0000,0x00ff0000)]
  0x44262400 JavaThread "Reference Handler" daemon [_thread_blocked, id=5204, stack(0x00cf0000,0x00d40000)]
  0x00b8bc00 JavaThread "main" [_thread_blocked, id=3288, stack(0x00a50000,0x00aa0000)]

Other Threads:
=>0x00c9c400 VMThread [stack: 0x00ca0000,0x00cf0000] [id=6740]
  0x442b5400 WatcherThread [stack: 0x44630000,0x44680000] [id=6984]

VM state:at safepoint (normal execution)

VM Mutex/Monitor currently owned by a thread:  ([mutex/lock_event])
[0x00b8a018] Threads_lock - owner thread: 0x00c9c400
[0x00b8b118] Heap_lock - owner thread: 0x4438b800

Heap:
 def new generation   total 17728K, used 17727K [0x03e00000, 0x05130000, 0x19350000)
  eden space 15808K, 100% used [0x03e00000, 0x04d70000, 0x04d70000)
  from space 1920K,  99% used [0x04f50000, 0x0512fff8, 0x05130000)
  to   space 1920K,  99% used [0x04d70000, 0x04f4fff8, 0x04f50000)
 tenured generation   total 42136K, used 42072K [0x19350000, 0x1bc76000, 0x43e00000)
   the space 42136K,  99% used [0x19350000, 0x1bc66008, 0x1bc66200, 0x1bc76000)
 Metaspace       used 3362K, capacity 3494K, committed 3520K, reserved 4480K

Card table byte_map: [0x00d90000,0x00fa0000] byte_map_base: 0x00d71000

Polling page: 0x00aa0000

CodeCache: size=32768Kb used=2284Kb max_used=2284Kb free=30483Kb
 bounds [0x01c30000, 0x01e70000, 0x03c30000]
 total_blobs=1024 nmethods=880 adapters=74
 compilation: enabled

Compilation events (10 events):
Event: 4.901 Thread 0x4428cc00  877             com.android.dx.cf.code.BytecodeArray::parseNewarray (594 bytes)
Event: 4.904 Thread 0x4428cc00 nmethod 877 0x01e67f88 code [0x01e681a0, 0x01e68c74]
Event: 5.171 Thread 0x4428cc00  878             com.android.dx.rop.type.Type::asUninitialized (140 bytes)
Event: 5.172 Thread 0x4428cc00 nmethod 878 0x01e69888 code [0x01e69a80, 0x01e6a200]
Event: 5.308 Thread 0x4428cc00  879             com.android.dx.rop.code.RegisterSpec::withSimpleType (59 bytes)
Event: 5.309 Thread 0x4428cc00 nmethod 879 0x01e6a888 code [0x01e6a9b0, 0x01e6ab14]
Event: 5.315 Thread 0x4428cc00  880             java.util.TreeMap::values (27 bytes)
Event: 5.316 Thread 0x4428cc00 nmethod 880 0x01e6ac08 code [0x01e6ad00, 0x01e6adf0]
Event: 5.317 Thread 0x4428cc00  881             com.android.dx.rop.cst.CstNat::isInstanceInit (13 bytes)
Event: 5.318 Thread 0x4428cc00 nmethod 881 0x01e6ae48 code [0x01e6af50, 0x01e6affc]

GC Heap History (10 events):
Event: 4.145 GC heap after
Heap after GC invocations=19 (full 2):
 def new generation   total 11008K, used 1216K [0x03e00000, 0x049f0000, 0x19350000)
  eden space 9792K,   0% used [0x03e00000, 0x03e00000, 0x04790000)
  from space 1216K, 100% used [0x04790000, 0x048c0000, 0x048c0000)
  to   space 1216K,   0% used [0x048c0000, 0x048c0000, 0x049f0000)
 tenured generation   total 24312K, used 20007K [0x19350000, 0x1ab0e000, 0x43e00000)
   the space 24312K,  82% used [0x19350000, 0x1a6d9d00, 0x1a6d9e00, 0x1ab0e000)
 Metaspace       used 3304K, capacity 3494K, committed 3520K, reserved 4480K
}
Event: 4.407 GC heap before
{Heap before GC invocations=19 (full 2):
 def new generation   total 11008K, used 11008K [0x03e00000, 0x049f0000, 0x19350000)
  eden space 9792K, 100% used [0x03e00000, 0x04790000, 0x04790000)
  from space 1216K, 100% used [0x04790000, 0x048c0000, 0x048c0000)
  to   space 1216K,   0% used [0x048c0000, 0x048c0000, 0x049f0000)
 tenured generation   total 24312K, used 20007K [0x19350000, 0x1ab0e000, 0x43e00000)
   the space 24312K,  82% used [0x19350000, 0x1a6d9d00, 0x1a6d9e00, 0x1ab0e000)
 Metaspace       used 3358K, capacity 3494K, committed 3520K, reserved 4480K
Event: 4.432 GC heap after
Heap after GC invocations=20 (full 2):
 def new generation   total 11008K, used 1216K [0x03e00000, 0x049f0000, 0x19350000)
  eden space 9792K,   0% used [0x03e00000, 0x03e00000, 0x04790000)
  from space 1216K, 100% used [0x048c0000, 0x049f0000, 0x049f0000)
  to   space 1216K,   0% used [0x04790000, 0x04790000, 0x048c0000)
 tenured generation   total 24312K, used 22750K [0x19350000, 0x1ab0e000, 0x43e00000)
   the space 24312K,  93% used [0x19350000, 0x1a987b80, 0x1a987c00, 0x1ab0e000)
 Metaspace       used 3358K, capacity 3494K, committed 3520K, reserved 4480K
}
Event: 4.587 GC heap before
{Heap before GC invocations=20 (full 2):
 def new generation   total 11008K, used 11008K [0x03e00000, 0x049f0000, 0x19350000)
  eden space 9792K, 100% used [0x03e00000, 0x04790000, 0x04790000)
  from space 1216K, 100% used [0x048c0000, 0x049f0000, 0x049f0000)
  to   space 1216K,   0% used [0x04790000, 0x04790000, 0x048c0000)
 tenured generation   total 24312K, used 22750K [0x19350000, 0x1ab0e000, 0x43e00000)
   the space 24312K,  93% used [0x19350000, 0x1a987b80, 0x1a987c00, 0x1ab0e000)
 Metaspace       used 3358K, capacity 3494K, committed 3520K, reserved 4480K
Event: 4.761 GC heap after
Heap after GC invocations=21 (full 3):
 def new generation   total 17728K, used 0K [0x03e00000, 0x05130000, 0x19350000)
  eden space 15808K,   0% used [0x03e00000, 0x03e00000, 0x04d70000)
  from space 1920K,   0% used [0x04d70000, 0x04d70000, 0x04f50000)
  to   space 1920K,   0% used [0x04f50000, 0x04f50000, 0x05130000)
 tenured generation   total 39128K, used 23476K [0x19350000, 0x1b986000, 0x43e00000)
   the space 39128K,  59% used [0x19350000, 0x1aa3d118, 0x1aa3d200, 0x1b986000)
 Metaspace       used 3358K, capacity 3494K, committed 3520K, reserved 4480K
}
Event: 5.237 GC heap before
{Heap before GC invocations=21 (full 3):
 def new generation   total 17728K, used 15808K [0x03e00000, 0x05130000, 0x19350000)
  eden space 15808K, 100% used [0x03e00000, 0x04d70000, 0x04d70000)
  from space 1920K,   0% used [0x04d70000, 0x04d70000, 0x04f50000)
  to   space 1920K,   0% used [0x04f50000, 0x04f50000, 0x05130000)
 tenured generation   total 39128K, used 23476K [0x19350000, 0x1b986000, 0x43e00000)
   the space 39128K,  59% used [0x19350000, 0x1aa3d118, 0x1aa3d200, 0x1b986000)
 Metaspace       used 3362K, capacity 3494K, committed 3520K, reserved 4480K
Event: 5.266 GC heap after
Heap after GC invocations=22 (full 3):
 def new generation   total 17728K, used 1920K [0x03e00000, 0x05130000, 0x19350000)
  eden space 15808K,   0% used [0x03e00000, 0x03e00000, 0x04d70000)
  from space 1920K, 100% used [0x04f50000, 0x05130000, 0x05130000)
  to   space 1920K,   0% used [0x04d70000, 0x04d70000, 0x04f50000)
 tenured generation   total 39128K, used 25972K [0x19350000, 0x1b986000, 0x43e00000)
   the space 39128K,  66% used [0x19350000, 0x1acad278, 0x1acad400, 0x1b986000)
 Metaspace       used 3362K, capacity 3494K, committed 3520K, reserved 4480K
}
Event: 5.417 GC heap before
{Heap before GC invocations=22 (full 3):
 def new generation   total 17728K, used 17728K [0x03e00000, 0x05130000, 0x19350000)
  eden space 15808K, 100% used [0x03e00000, 0x04d70000, 0x04d70000)
  from space 1920K, 100% used [0x04f50000, 0x05130000, 0x05130000)
  to   space 1920K,   0% used [0x04d70000, 0x04d70000, 0x04f50000)
 tenured generation   total 39128K, used 25972K [0x19350000, 0x1b986000, 0x43e00000)
   the space 39128K,  66% used [0x19350000, 0x1acad278, 0x1acad400, 0x1b986000)
 Metaspace       used 3362K, capacity 3494K, committed 3520K, reserved 4480K
Event: 5.460 GC heap after
Heap after GC invocations=23 (full 3):
 def new generation   total 17728K, used 1919K [0x03e00000, 0x05130000, 0x19350000)
  eden space 15808K,   0% used [0x03e00000, 0x03e00000, 0x04d70000)
  from space 1920K,  99% used [0x04d70000, 0x04f4fff8, 0x04f50000)
  to   space 1920K,   0% used [0x04f50000, 0x04f50000, 0x05130000)
 tenured generation   total 39128K, used 35051K [0x19350000, 0x1b986000, 0x43e00000)
   the space 39128K,  89% used [0x19350000, 0x1b58ad38, 0x1b58ae00, 0x1b986000)
 Metaspace       used 3362K, capacity 3494K, committed 3520K, reserved 4480K
}
Event: 5.582 GC heap before
{Heap before GC invocations=23 (full 3):
 def new generation   total 17728K, used 17727K [0x03e00000, 0x05130000, 0x19350000)
  eden space 15808K, 100% used [0x03e00000, 0x04d70000, 0x04d70000)
  from space 1920K,  99% used [0x04d70000, 0x04f4fff8, 0x04f50000)
  to   space 1920K,   0% used [0x04f50000, 0x04f50000, 0x05130000)
 tenured generation   total 39128K, used 35051K [0x19350000, 0x1b986000, 0x43e00000)
   the space 39128K,  89% used [0x19350000, 0x1b58ad38, 0x1b58ae00, 0x1b986000)
 Metaspace       used 3362K, capacity 3494K, committed 3520K, reserved 4480K

Deoptimization events (0 events):
No events

Internal exceptions (5 events):
Event: 0.114 Thread 0x00b8bc00 Exception <a 'java/lang/NoSuchMethodError': Method sun.misc.Unsafe.defineClass(Ljava/lang/String;[BII)Ljava/lang/Class; name or signature does not match> (0x03e108f0) thrown at [D:\re\workspace\8-2-build-windows-i586-cygwin\jdk8u73\6086\hotspot\src\share\vz€‘K')½?
Event: 0.114 Thread 0x00b8bc00 Exception <a 'java/lang/NoSuchMethodError': Method sun.misc.Unsafe.prefetchRead(Ljava/lang/Object;J)V name or signature does not match> (0x03e10bc0) thrown at [D:\re\workspace\8-2-build-windows-i586-cygwin\jdk8u73\6086\hotspot\src\share\vm\prims\jni.cpp, l¡ å¤ë@
Event: 4.230 Thread 0x4438ac00 Exception <a 'java/lang/ArrayIndexOutOfBoundsException': 18> (0x03e32be0) thrown at [D:\re\workspace\8-2-build-windows-i586-cygwin\jdk8u73\6086\hotspot\src\share\vm\interpreter\interpreterRuntime.cpp, line 366]
Event: 4.230 Thread 0x4438ac00 Exception <a 'java/lang/ArrayIndexOutOfBoundsException': 145> (0x03e67920) thrown at [D:\re\workspace\8-2-build-windows-i586-cygwin\jdk8u73\6086\hotspot\src\share\vm\interpreter\interpreterRuntime.cpp, line 366]
Event: 4.233 Thread 0x4438ac00 Exception <a 'java/lang/ArrayIndexOutOfBoundsException': 40> (0x03e68a00) thrown at [D:\re\workspace\8-2-build-windows-i586-cygwin\jdk8u73\6086\hotspot\src\share\vm\interpreter\interpreterRuntime.cpp, line 366]

Events (10 events):
Event: 5.280 Executing VM operation: RevokeBias
Event: 5.284 Executing VM operation: RevokeBias done
Event: 5.284 Executing VM operation: RevokeBias
Event: 5.284 Executing VM operation: RevokeBias done
Event: 5.284 Executing VM operation: RevokeBias
Event: 5.284 Executing VM operation: RevokeBias done
Event: 5.403 Executing VM operation: GenCollectForAllocation
Event: 5.460 Executing VM operation: GenCollectForAllocation done
Event: 5.522 Thread 0x4438ac00 Thread exited: 0x4438ac00
Event: 5.582 Executing VM operation: GenCollectForAllocation


Dynamic libraries:
0x00ff0000 - 0x01023000 	C:\Program Files\Java\jdk1.8.0_73\bin\java.exe
0x776c0000 - 0x7782a000 	C:\Windows\SYSTEM32\ntdll.dll
0x75d30000 - 0x75e30000 	C:\Windows\system32\KERNEL32.DLL
0x74f20000 - 0x74ff9000 	C:\Windows\system32\KERNELBASE.dll
0x73e30000 - 0x73ed0000 	C:\Windows\system32\apphelp.dll
0x5f630000 - 0x5f896000 	C:\Windows\AppPatch\AcGenral.DLL
0x75bf0000 - 0x75cb3000 	C:\Windows\system32\msvcrt.dll
0x75cc0000 - 0x75d01000 	C:\Windows\SYSTEM32\sechost.dll
0x75000000 - 0x75023000 	C:\Windows\system32\SspiCli.dll
0x75a60000 - 0x75aa5000 	C:\Windows\system32\SHLWAPI.dll
0x73f10000 - 0x73ffe000 	C:\Windows\SYSTEM32\UxTheme.dll
0x755e0000 - 0x75735000 	C:\Windows\system32\USER32.dll
0x75740000 - 0x75852000 	C:\Windows\system32\GDI32.dll
0x737b0000 - 0x737d3000 	C:\Windows\SYSTEM32\WINMM.dll
0x70170000 - 0x70183000 	C:\Windows\SYSTEM32\samcli.dll
0x75930000 - 0x75a59000 	C:\Windows\system32\ole32.dll
0x75860000 - 0x758f7000 	C:\Windows\system32\OLEAUT32.dll
0x5b650000 - 0x5b667000 	C:\Windows\SYSTEM32\MSACM32.dll
0x73420000 - 0x73428000 	C:\Windows\SYSTEM32\VERSION.dll
0x76250000 - 0x7750a000 	C:\Windows\system32\SHELL32.dll
0x74850000 - 0x7486b000 	C:\Windows\SYSTEM32\USERENV.dll
0x737e0000 - 0x737fa000 	C:\Windows\SYSTEM32\dwmapi.dll
0x72550000 - 0x7269c000 	C:\Windows\SYSTEM32\urlmon.dll
0x75ac0000 - 0x75b3c000 	C:\Windows\system32\ADVAPI32.dll
0x6c1c0000 - 0x6c225000 	C:\Windows\SYSTEM32\WINSPOOL.DRV
0x6eed0000 - 0x6eee6000 	C:\Windows\SYSTEM32\MPR.dll
0x76180000 - 0x76250000 	C:\Windows\system32\RPCRT4.dll
0x752e0000 - 0x7545d000 	C:\Windows\SYSTEM32\combase.dll
0x73280000 - 0x732a3000 	C:\Windows\SYSTEM32\WINMMBASE.dll
0x74ea0000 - 0x74eaf000 	C:\Windows\SYSTEM32\profapi.dll
0x727e0000 - 0x72a14000 	C:\Windows\SYSTEM32\iertutil.dll
0x71f00000 - 0x7215d000 	C:\Windows\SYSTEM32\WININET.dll
0x75200000 - 0x7523c000 	C:\Windows\SYSTEM32\cfgmgr32.dll
0x74040000 - 0x74061000 	C:\Windows\SYSTEM32\DEVOBJ.dll
0x75e90000 - 0x75f1b000 	C:\Windows\system32\SHCORE.DLL
0x75900000 - 0x75926000 	C:\Windows\system32\IMM32.DLL
0x775a0000 - 0x776b2000 	C:\Windows\system32\MSCTF.dll
0x735a0000 - 0x737a6000 	C:\Windows\WinSxS\x86_microsoft.windows.common-controls_6595b64144ccf1df_6.0.9600.18006_none_a9ec6aab013aafee\COMCTL32.dll
0x650c0000 - 0x6517f000 	C:\Program Files\Java\jdk1.8.0_73\jre\bin\msvcr100.dll
0x6d130000 - 0x6d4f8000 	C:\Program Files\Java\jdk1.8.0_73\jre\bin\client\jvm.dll
0x6b760000 - 0x6b768000 	C:\Windows\SYSTEM32\WSOCK32.dll
0x755d0000 - 0x755d6000 	C:\Windows\system32\PSAPI.DLL
0x75ba0000 - 0x75bef000 	C:\Windows\system32\WS2_32.dll
0x75ab0000 - 0x75ab7000 	C:\Windows\system32\NSI.dll
0x73410000 - 0x7341c000 	C:\Program Files\Java\jdk1.8.0_73\jre\bin\verify.dll
0x733e0000 - 0x73401000 	C:\Program Files\Java\jdk1.8.0_73\jre\bin\java.dll
0x733c0000 - 0x733d3000 	C:\Program Files\Java\jdk1.8.0_73\jre\bin\zip.dll

VM Arguments:
jvm_args: -Djava.awt.headless=true -Xmx1024M -Dfile.encoding=windows-1251 -Duser.country=US -Duser.language=en -Duser.variant 
java_command: com.android.dx.command.Main --dex --force-jumbo --num-threads=4 --multi-dex --output C:\Users\Admin\Desktop\hobby\app\build\intermediates\transforms\dex\debug\folders\1000\5\slice_2 C:\Users\Admin\Desktop\hobby\app\build\intermediates\transforms\instantRunSlicer\debug\folders\1\5\slice_2
java_class_path (initial): C:\Users\Admin\AppData\Local\Android\sdk\build-tools\23.0.2\lib\dx.jar
Launcher Type: SUN_STANDARD

Environment Variables:
JAVA_HOME=c:\Program Files\Java\jdk1.8.0_73\
PATH=C:\ProgramData\Oracle\Java\javapath;C:\Windows\system32;C:\Windows;C:\Windows\System32\Wbem;C:\Windows\System32\WindowsPowerShell\v1.0\;C:\Program Files\TortoiseGit\bin;C:\Program Files\QuickTime\QTSystem\;c:\Python27\;c:\Python27\Scripts\;c:\Program Files\Java\jdk1.8.0_73\bin\;c:\Program Files\Java\jdk1.8.0_73\lib\;c:\openssl\bin\;C:\Program Files\Git\cmd;C:\Program Files\Skype\Phone\
USERNAME=Admin
OS=Windows_NT
PROCESSOR_IDENTIFIER=x86 Family 6 Model 37 Stepping 2, GenuineIntel



---------------  S Y S T E M  ---------------

OS: Windows 8.1 Build 9600 (6.3.9600.17415)

CPU:total 4 (2 cores per cpu, 2 threads per core) family 6 model 37 stepping 2, cmov, cx8, fxsr, mmx, sse, sse2, sse3, ssse3, sse4.1, sse4.2, popcnt, ht, tsc, tscinvbit

Memory: 4k page, physical 2546360k(32448k free), swap 5692088k(5036k free)

vm_info: Java HotSpot(TM) Client VM (25.73-b02) for windows-x86 JRE (1.8.0_73-b02), built on Jan 29 2016 17:05:52 by "java_re" with MS VC++ 10.0 (VS2010)

time: Sat Apr 01 16:03:38 2017
elapsed time: 5 seconds (0d 0h 0m 5s)

