#
# There is insufficient memory for the Java Runtime Environment to continue.
# Native memory allocation (mmap) failed to map 4096 bytes for card table expansion
# Possible reasons:
#   The system is out of physical RAM or swap space
#   In 32 bit mode, the process size limit was hit
# Possible solutions:
#   Reduce memory load on the system
#   Increase physical memory or swap space
#   Check if swap backing store is full
#   Use 64 bit Java on a 64 bit OS
#   Decrease Java heap size (-Xmx/-Xms)
#   Decrease number of Java threads
#   Decrease Java thread stack sizes (-Xss)
#   Set larger code cache with -XX:ReservedCodeCacheSize=
# This output file may be truncated or incomplete.
#
#  Out of Memory Error (os_windows.cpp:3332), pid=6708, tid=1836
#
# JRE version: Java(TM) SE Runtime Environment (8.0_73-b02) (build 1.8.0_73-b02)
# Java VM: Java HotSpot(TM) Client VM (25.73-b02 mixed mode windows-x86 )
# Failed to write core dump. Minidumps are not enabled by default on client versions of Windows
#

---------------  T H R E A D  ---------------

Current thread (0x0091c800):  VMThread [stack: 0x00780000,0x007d0000] [id=1836]

Stack: [0x00780000,0x007d0000],  sp=0x007cf0a0,  free space=316k
Native frames: (J=compiled Java code, j=interpreted, Vv=VM code, C=native code)
V  [jvm.dll+0x1a7f9b]
V  [jvm.dll+0x1a0888]
V  [jvm.dll+0x1bfcae]
V  [jvm.dll+0x160d71]
V  [jvm.dll+0x8ffea]
V  [jvm.dll+0x995fc]
V  [jvm.dll+0x9923f]
V  [jvm.dll+0x99577]
V  [jvm.dll+0x99db7]
V  [jvm.dll+0x986ef]
V  [jvm.dll+0x99b7b]
V  [jvm.dll+0x948ab]
V  [jvm.dll+0xba06c]
V  [jvm.dll+0xa442f]
V  [jvm.dll+0x99801]
V  [jvm.dll+0x97487]
V  [jvm.dll+0x93447]
V  [jvm.dll+0x980f3]
V  [jvm.dll+0x92095]
V  [jvm.dll+0x1b68f6]
V  [jvm.dll+0x18118b]
V  [jvm.dll+0x1805a1]
V  [jvm.dll+0x1809b7]
V  [jvm.dll+0x180bb2]
V  [jvm.dll+0x1c0636]
C  [msvcr100.dll+0x5c556]
C  [msvcr100.dll+0x5c600]
C  [KERNEL32.DLL+0x4198]
C  [ntdll.dll+0x52cb1]
C  [ntdll.dll+0x52c7f]

VM_Operation (0x443beee4): GenCollectForAllocation, mode: safepoint, requested by thread 0x00e9a800


---------------  P R O C E S S  ---------------

Java Threads: ( => current thread )
  0x00e95000 JavaThread "pool-2-thread-4" [_thread_blocked, id=6492, stack(0x44410000,0x44460000)]
  0x00e94400 JavaThread "pool-2-thread-3" [_thread_blocked, id=7028, stack(0x443c0000,0x44410000)]
  0x00e9a800 JavaThread "pool-2-thread-2" [_thread_blocked, id=6604, stack(0x44370000,0x443c0000)]
  0x00e90000 JavaThread "pool-3-thread-1" [_thread_blocked, id=7072, stack(0x44320000,0x44370000)]
  0x00e8f400 JavaThread "pool-2-thread-1" [_thread_blocked, id=1952, stack(0x442d0000,0x44320000)]
  0x00d21800 JavaThread "Service Thread" daemon [_thread_blocked, id=6204, stack(0x44230000,0x44280000)]
  0x00d28800 JavaThread "C1 CompilerThread0" daemon [_thread_blocked, id=3624, stack(0x441e0000,0x44230000)]
  0x00d27400 JavaThread "Attach Listener" daemon [_thread_blocked, id=8088, stack(0x44190000,0x441e0000)]
  0x00d25400 JavaThread "Signal Dispatcher" daemon [_thread_blocked, id=5788, stack(0x44140000,0x44190000)]
  0x00cf6800 JavaThread "Finalizer" daemon [_thread_blocked, id=7032, stack(0x00ef0000,0x00f40000)]
  0x0091e800 JavaThread "Reference Handler" daemon [_thread_blocked, id=6416, stack(0x00920000,0x00970000)]
  0x0097bc00 JavaThread "main" [_thread_blocked, id=3628, stack(0x006b0000,0x00700000)]

Other Threads:
=>0x0091c800 VMThread [stack: 0x00780000,0x007d0000] [id=1836]
  0x00d4a800 WatcherThread [stack: 0x44280000,0x442d0000] [id=7956]

VM state:at safepoint (normal execution)

VM Mutex/Monitor currently owned by a thread:  ([mutex/lock_event])
[0x0097a0e0] Threads_lock - owner thread: 0x0091c800
[0x0097b0a8] Heap_lock - owner thread: 0x00e9a800

Heap:
 def new generation   total 204544K, used 181824K [0x03c00000, 0x119f0000, 0x19150000)
  eden space 181824K, 100% used [0x03c00000, 0x0ed90000, 0x0ed90000)
  from space 22720K,   0% used [0x103c0000, 0x103c0000, 0x119f0000)
  to   space 22720K, 100% used [0x0ed90000, 0x103c0000, 0x103c0000)
 tenured generation   total 477888K, used 477887K [0x19150000, 0x36401000, 0x43c00000)
   the space 477888K,  99% used [0x19150000, 0x363ffff0, 0x36400000, 0x36400000)
 Metaspace       used 3482K, capacity 3526K, committed 3648K, reserved 4480K

Card table byte_map: [0x00980000,0x00b90000] byte_map_base: 0x00962000

Polling page: 0x00390000

CodeCache: size=32768Kb used=3540Kb max_used=3540Kb free=29227Kb
 bounds [0x01bc0000, 0x01f38000, 0x03bc0000]
 total_blobs=1840 nmethods=1695 adapters=75
 compilation: enabled

Compilation events (10 events):
Event: 33.009 Thread 0x00d28800 1694             com.android.dx.ssa.back.RegisterAllocator::insertMoveBefore (240 bytes)
Event: 33.012 Thread 0x00d28800 nmethod 1694 0x01f30ec8 code [0x01f31170, 0x01f31cbc]
Event: 33.150 Thread 0x00d28800 1695             java.lang.Class::getGenericInfo (52 bytes)
Event: 33.151 Thread 0x00d28800 nmethod 1695 0x01f33108 code [0x01f33230, 0x01f334f4]
Event: 33.274 Thread 0x00d28800 1696             com.android.dx.rop.code.Rops::opAget (97 bytes)
Event: 33.275 Thread 0x00d28800 nmethod 1696 0x01f33848 code [0x01f339c0, 0x01f33d38]
Event: 33.304 Thread 0x00d28800 1697             com.android.dx.dex.file.AnnotationsDirectoryItem::addFieldAnnotations (44 bytes)
Event: 33.305 Thread 0x00d28800 nmethod 1697 0x01f33fc8 code [0x01f34100, 0x01f343c4]
Event: 33.350 Thread 0x00d28800 1698             com.android.dx.ssa.back.FirstFitLocalCombiningAllocator::ssaSetToSpecs (57 bytes)
Event: 33.351 Thread 0x00d28800 nmethod 1698 0x01f346c8 code [0x01f34860, 0x01f34c4c]

GC Heap History (10 events):
Event: 22.586 GC heap after
Heap after GC invocations=97 (full 9):
 def new generation   total 187072K, used 20735K [0x03c00000, 0x106f0000, 0x19150000)
  eden space 166336K,   0% used [0x03c00000, 0x03c00000, 0x0de70000)
  from space 20736K,  99% used [0x0de70000, 0x0f2afff8, 0x0f2b0000)
  to   space 20736K,   0% used [0x0f2b0000, 0x0f2b0000, 0x106f0000)
 tenured generation   total 415568K, used 382496K [0x19150000, 0x32724000, 0x43c00000)
   the space 415568K,  92% used [0x19150000, 0x306d8398, 0x306d8400, 0x32724000)
 Metaspace       used 3477K, capacity 3494K, committed 3520K, reserved 4480K
}
Event: 23.109 GC heap before
{Heap before GC invocations=97 (full 9):
 def new generation   total 187072K, used 187071K [0x03c00000, 0x106f0000, 0x19150000)
  eden space 166336K, 100% used [0x03c00000, 0x0de70000, 0x0de70000)
  from space 20736K,  99% used [0x0de70000, 0x0f2afff8, 0x0f2b0000)
  to   space 20736K,   0% used [0x0f2b0000, 0x0f2b0000, 0x106f0000)
 tenured generation   total 415568K, used 382496K [0x19150000, 0x32724000, 0x43c00000)
   the space 415568K,  92% used [0x19150000, 0x306d8398, 0x306d8400, 0x32724000)
 Metaspace       used 3477K, capacity 3494K, committed 3520K, reserved 4480K
Event: 23.382 GC heap after
Heap after GC invocations=98 (full 9):
 def new generation   total 187072K, used 20735K [0x03c00000, 0x106f0000, 0x19150000)
  eden space 166336K,   0% used [0x03c00000, 0x03c00000, 0x0de70000)
  from space 20736K,  99% used [0x0f2b0000, 0x106efff8, 0x106f0000)
  to   space 20736K,   0% used [0x0de70000, 0x0de70000, 0x0f2b0000)
 tenured generation   total 415568K, used 407632K [0x19150000, 0x32724000, 0x43c00000)
   the space 415568K,  98% used [0x19150000, 0x31f64118, 0x31f64200, 0x32724000)
 Metaspace       used 3477K, capacity 3494K, committed 3520K, reserved 4480K
}
Event: 23.895 GC heap before
{Heap before GC invocations=98 (full 9):
 def new generation   total 187072K, used 187071K [0x03c00000, 0x106f0000, 0x19150000)
  eden space 166336K, 100% used [0x03c00000, 0x0de70000, 0x0de70000)
  from space 20736K,  99% used [0x0f2b0000, 0x106efff8, 0x106f0000)
  to   space 20736K,   0% used [0x0de70000, 0x0de70000, 0x0f2b0000)
 tenured generation   total 415568K, used 407632K [0x19150000, 0x32724000, 0x43c00000)
   the space 415568K,  98% used [0x19150000, 0x31f64118, 0x31f64200, 0x32724000)
 Metaspace       used 3477K, capacity 3494K, committed 3520K, reserved 4480K
Event: 26.128 GC heap after
Heap after GC invocations=99 (full 10):
 def new generation   total 194496K, used 20568K [0x03c00000, 0x10f00000, 0x19150000)
  eden space 172928K,  11% used [0x03c00000, 0x050160c8, 0x0e4e0000)
  from space 21568K,   0% used [0x0e4e0000, 0x0e4e0000, 0x0f9f0000)
  to   space 21568K,   0% used [0x0f9f0000, 0x0f9f0000, 0x10f00000)
 tenured generation   total 432080K, used 432079K [0x19150000, 0x33744000, 0x43c00000)
   the space 432080K,  99% used [0x19150000, 0x33743ff0, 0x33744000, 0x33744000)
 Metaspace       used 3477K, capacity 3494K, committed 3520K, reserved 4480K
}
Event: 26.614 GC heap before
{Heap before GC invocations=99 (full 10):
 def new generation   total 194496K, used 172928K [0x03c00000, 0x10f00000, 0x19150000)
  eden space 172928K, 100% used [0x03c00000, 0x0e4e0000, 0x0e4e0000)
  from space 21568K,   0% used [0x0e4e0000, 0x0e4e0000, 0x0f9f0000)
  to   space 21568K,   0% used [0x0f9f0000, 0x0f9f0000, 0x10f00000)
 tenured generation   total 432080K, used 432079K [0x19150000, 0x33744000, 0x43c00000)
   the space 432080K,  99% used [0x19150000, 0x33743ff0, 0x33744000, 0x33744000)
 Metaspace       used 3477K, capacity 3494K, committed 3520K, reserved 4480K
Event: 29.210 GC heap after
Heap after GC invocations=100 (full 11):
 def new generation   total 204544K, used 21330K [0x03c00000, 0x119f0000, 0x19150000)
  eden space 181824K,  11% used [0x03c00000, 0x050d4af8, 0x0ed90000)
  from space 22720K,   0% used [0x0ed90000, 0x0ed90000, 0x103c0000)
  to   space 22720K,   0% used [0x103c0000, 0x103c0000, 0x119f0000)
 tenured generation   total 454480K, used 454479K [0x19150000, 0x34d24000, 0x43c00000)
   the space 454480K,  99% used [0x19150000, 0x34d23ff0, 0x34d24000, 0x34d24000)
 Metaspace       used 3477K, capacity 3494K, committed 3520K, reserved 4480K
}
Event: 29.834 GC heap before
{Heap before GC invocations=100 (full 11):
 def new generation   total 204544K, used 181824K [0x03c00000, 0x119f0000, 0x19150000)
  eden space 181824K, 100% used [0x03c00000, 0x0ed90000, 0x0ed90000)
  from space 22720K,   0% used [0x0ed90000, 0x0ed90000, 0x103c0000)
  to   space 22720K,   0% used [0x103c0000, 0x103c0000, 0x119f0000)
 tenured generation   total 454480K, used 454479K [0x19150000, 0x34d24000, 0x43c00000)
   the space 454480K,  99% used [0x19150000, 0x34d23ff0, 0x34d24000, 0x34d24000)
 Metaspace       used 3482K, capacity 3526K, committed 3648K, reserved 4480K
Event: 32.963 GC heap after
Heap after GC invocations=101 (full 12):
 def new generation   total 204544K, used 7631K [0x03c00000, 0x119f0000, 0x19150000)
  eden space 181824K,   4% used [0x03c00000, 0x04373ed0, 0x0ed90000)
  from space 22720K,   0% used [0x103c0000, 0x103c0000, 0x119f0000)
  to   space 22720K,   0% used [0x0ed90000, 0x0ed90000, 0x103c0000)
 tenured generation   total 475088K, used 475087K [0x19150000, 0x36144000, 0x43c00000)
   the space 475088K,  99% used [0x19150000, 0x36143ff8, 0x36144000, 0x36144000)
 Metaspace       used 3482K, capacity 3526K, committed 3648K, reserved 4480K
}
Event: 33.444 GC heap before
{Heap before GC invocations=101 (full 12):
 def new generation   total 204544K, used 181824K [0x03c00000, 0x119f0000, 0x19150000)
  eden space 181824K, 100% used [0x03c00000, 0x0ed90000, 0x0ed90000)
  from space 22720K,   0% used [0x103c0000, 0x103c0000, 0x119f0000)
  to   space 22720K,   0% used [0x0ed90000, 0x0ed90000, 0x103c0000)
 tenured generation   total 475088K, used 475087K [0x19150000, 0x36144000, 0x43c00000)
   the space 475088K,  99% used [0x19150000, 0x36143ff8, 0x36144000, 0x36144000)
 Metaspace       used 3482K, capacity 3526K, committed 3648K, reserved 4480K

Deoptimization events (0 events):
No events

Internal exceptions (5 events):
Event: 0.090 Thread 0x0097bc00 Exception <a 'java/lang/NoSuchMethodError': Method sun.misc.Unsafe.defineClass(Ljava/lang/String;[BII)Ljava/lang/Class; name or signature does not match> (0x03c10898) thrown at [D:\re\workspace\8-2-build-windows-i586-cygwin\jdk8u73\6086\hotspot\src\share\v`›oh∑?
Event: 0.090 Thread 0x0097bc00 Exception <a 'java/lang/NoSuchMethodError': Method sun.misc.Unsafe.prefetchRead(Ljava/lang/Object;J)V name or signature does not match> (0x03c10b68) thrown at [D:\re\workspace\8-2-build-windows-i586-cygwin\jdk8u73\6086\hotspot\src\share\vm\prims\jni.cpp, lÿ¿Îä	¢˝?
Event: 1.852 Thread 0x00e9a800 Exception <a 'java/lang/ArrayIndexOutOfBoundsException': 18> (0x03fbb270) thrown at [D:\re\workspace\8-2-build-windows-i586-cygwin\jdk8u73\6086\hotspot\src\share\vm\interpreter\interpreterRuntime.cpp, line 366]
Event: 1.852 Thread 0x00e9a800 Exception <a 'java/lang/ArrayIndexOutOfBoundsException': 145> (0x03fbcb10) thrown at [D:\re\workspace\8-2-build-windows-i586-cygwin\jdk8u73\6086\hotspot\src\share\vm\interpreter\interpreterRuntime.cpp, line 366]
Event: 1.854 Thread 0x00e9a800 Exception <a 'java/lang/ArrayIndexOutOfBoundsException': 40> (0x03fbdbf0) thrown at [D:\re\workspace\8-2-build-windows-i586-cygwin\jdk8u73\6086\hotspot\src\share\vm\interpreter\interpreterRuntime.cpp, line 366]

Events (10 events):
Event: 29.392 Executing VM operation: Deoptimize done
Event: 29.404 Thread 0x00e95000 DEOPT PACKING pc=0x01cfd154 sp=0x4445f260
Event: 29.404 Thread 0x00e95000 DEOPT UNPACKING pc=0x01bfc5db sp=0x4445f188 mode 0
Event: 29.411 loading class com/android/dx/util/ListIntSet$1
Event: 29.411 loading class com/android/dx/util/ListIntSet$1 done
Event: 29.413 Executing VM operation: Deoptimize
Event: 29.414 Executing VM operation: Deoptimize done
Event: 29.834 Executing VM operation: GenCollectForAllocation
Event: 32.963 Executing VM operation: GenCollectForAllocation done
Event: 33.444 Executing VM operation: GenCollectForAllocation


Dynamic libraries:
0x00f80000 - 0x00fb3000 	C:\Program Files\Java\jdk1.8.0_73\bin\java.exe
0x774f0000 - 0x7765a000 	C:\Windows\SYSTEM32\ntdll.dll
0x76d20000 - 0x76e20000 	C:\Windows\system32\KERNEL32.DLL
0x74f20000 - 0x74ff9000 	C:\Windows\system32\KERNELBASE.dll
0x73c60000 - 0x73d00000 	C:\Windows\system32\apphelp.dll
0x57300000 - 0x57566000 	C:\Windows\AppPatch\AcGenral.DLL
0x76f50000 - 0x77013000 	C:\Windows\system32\msvcrt.dll
0x76eb0000 - 0x76ef1000 	C:\Windows\SYSTEM32\sechost.dll
0x750d0000 - 0x750f3000 	C:\Windows\system32\SspiCli.dll
0x76f00000 - 0x76f45000 	C:\Windows\system32\SHLWAPI.dll
0x73d40000 - 0x73e2e000 	C:\Windows\SYSTEM32\UxTheme.dll
0x75160000 - 0x752b5000 	C:\Windows\system32\USER32.dll
0x765d0000 - 0x766e2000 	C:\Windows\system32\GDI32.dll
0x735e0000 - 0x73603000 	C:\Windows\SYSTEM32\WINMM.dll
0x703a0000 - 0x703b3000 	C:\Windows\SYSTEM32\samcli.dll
0x76a10000 - 0x76b39000 	C:\Windows\system32\ole32.dll
0x76970000 - 0x76a07000 	C:\Windows\system32\OLEAUT32.dll
0x629b0000 - 0x629c7000 	C:\Windows\SYSTEM32\MSACM32.dll
0x733a0000 - 0x733a8000 	C:\Windows\SYSTEM32\VERSION.dll
0x75310000 - 0x765ca000 	C:\Windows\system32\SHELL32.dll
0x74500000 - 0x7451b000 	C:\Windows\SYSTEM32\USERENV.dll
0x73610000 - 0x7362a000 	C:\Windows\SYSTEM32\dwmapi.dll
0x72630000 - 0x7277c000 	C:\Windows\SYSTEM32\urlmon.dll
0x77400000 - 0x7747c000 	C:\Windows\system32\ADVAPI32.dll
0x6d030000 - 0x6d095000 	C:\Windows\SYSTEM32\WINSPOOL.DRV
0x6d0e0000 - 0x6d0f6000 	C:\Windows\SYSTEM32\MPR.dll
0x77030000 - 0x77100000 	C:\Windows\system32\RPCRT4.dll
0x77270000 - 0x773ed000 	C:\Windows\SYSTEM32\combase.dll
0x73370000 - 0x73393000 	C:\Windows\SYSTEM32\WINMMBASE.dll
0x74cd0000 - 0x74cdf000 	C:\Windows\SYSTEM32\profapi.dll
0x72790000 - 0x729c4000 	C:\Windows\SYSTEM32\iertutil.dll
0x720b0000 - 0x7230d000 	C:\Windows\SYSTEM32\WININET.dll
0x74ee0000 - 0x74f1c000 	C:\Windows\SYSTEM32\cfgmgr32.dll
0x73e70000 - 0x73e91000 	C:\Windows\SYSTEM32\DEVOBJ.dll
0x76e20000 - 0x76eab000 	C:\Windows\system32\SHCORE.DLL
0x76b40000 - 0x76b66000 	C:\Windows\system32\IMM32.DLL
0x76b70000 - 0x76c82000 	C:\Windows\system32\MSCTF.dll
0x733d0000 - 0x735d6000 	C:\Windows\WinSxS\x86_microsoft.windows.common-controls_6595b64144ccf1df_6.0.9600.18006_none_a9ec6aab013aafee\COMCTL32.dll
0x57240000 - 0x572ff000 	C:\Program Files\Java\jdk1.8.0_73\jre\bin\msvcr100.dll
0x56e70000 - 0x57238000 	C:\Program Files\Java\jdk1.8.0_73\jre\bin\client\jvm.dll
0x6c770000 - 0x6c778000 	C:\Windows\SYSTEM32\WSOCK32.dll
0x773f0000 - 0x773f6000 	C:\Windows\system32\PSAPI.DLL
0x752c0000 - 0x7530f000 	C:\Windows\system32\WS2_32.dll
0x77480000 - 0x77487000 	C:\Windows\system32\NSI.dll
0x6e9e0000 - 0x6e9ec000 	C:\Program Files\Java\jdk1.8.0_73\jre\bin\verify.dll
0x642d0000 - 0x642f1000 	C:\Program Files\Java\jdk1.8.0_73\jre\bin\java.dll
0x642b0000 - 0x642c3000 	C:\Program Files\Java\jdk1.8.0_73\jre\bin\zip.dll
0x6fd80000 - 0x6fec1000 	C:\Windows\SYSTEM32\dbghelp.dll

VM Arguments:
jvm_args: -Djava.awt.headless=true -Xmx1024M -Dfile.encoding=windows-1251 -Duser.country=US -Duser.language=en -Duser.variant 
java_command: com.android.dx.command.Main --dex --num-threads=4 --multi-dex --main-dex-list C:\Users\Admin\Desktop\hobby\app\build\intermediates\multi-dex\debug\maindexlist.txt --output C:\Users\Admin\Desktop\hobby\app\build\intermediates\transforms\dex\debug\folders\1000\1f\main C:\Users\Admin\Desktop\hobby\app\build\intermediates\transforms\jarMerging\debug\jars\1\1f\combined.jar
java_class_path (initial): C:\Users\Admin\AppData\Local\Android\sdk\build-tools\24.0.2\lib\dx.jar
Launcher Type: SUN_STANDARD

Environment Variables:
JAVA_HOME=c:\Program Files\Java\jdk1.8.0_73\
PATH=C:\Program Files\Borland\Delphi7\Bin;C:\Program Files\Borland\Delphi7\Projects\Bpl\;C:\ProgramData\Oracle\Java\javapath;C:\Windows\system32;C:\Windows;C:\Windows\System32\Wbem;C:\Windows\System32\WindowsPowerShell\v1.0\;C:\Program Files\TortoiseGit\bin;C:\Program Files\Skype\Phone\;C:\Program Files\QuickTime\QTSystem\;c:\Python27\;c:\Python27\Scripts\;c:\Program Files\Java\jdk1.8.0_73\bin\;c:\Program Files\Java\jdk1.8.0_73\lib\;c:\openssl\bin\;C:\Program Files\Git\cmd
USERNAME=Admin
OS=Windows_NT
PROCESSOR_IDENTIFIER=x86 Family 6 Model 37 Stepping 2, GenuineIntel



---------------  S Y S T E M  ---------------

OS: Windows 8.1 Build 9600 (6.3.9600.17415)

CPU:total 4 (2 cores per cpu, 2 threads per core) family 6 model 37 stepping 2, cmov, cx8, fxsr, mmx, sse, sse2, sse3, ssse3, sse4.1, sse4.2, popcnt, ht, tsc, tscinvbit

Memory: 4k page, physical 2546360k(127512k free), swap 5692088k(5052k free)

vm_info: Java HotSpot(TM) Client VM (25.73-b02) for windows-x86 JRE (1.8.0_73-b02), built on Jan 29 2016 17:05:52 by "java_re" with MS VC++ 10.0 (VS2010)

time: Fri Mar 17 00:31:07 2017
elapsed time: 34 seconds (0d 0h 0m 34s)

