#
# There is insufficient memory for the Java Runtime Environment to continue.
# Native memory allocation (malloc) failed to allocate 4092 bytes for AllocateHeap
# Possible reasons:
#   The system is out of physical RAM or swap space
#   In 32 bit mode, the process size limit was hit
# Possible solutions:
#   Reduce memory load on the system
#   Increase physical memory or swap space
#   Check if swap backing store is full
#   Use 64 bit Java on a 64 bit OS
#   Decrease Java heap size (-Xmx/-Xms)
#   Decrease number of Java threads
#   Decrease Java thread stack sizes (-Xss)
#   Set larger code cache with -XX:ReservedCodeCacheSize=
# This output file may be truncated or incomplete.
#
#  Out of Memory Error (memory/allocation.inline.hpp:61), pid=5120, tid=180
#
# JRE version: Java(TM) SE Runtime Environment (8.0_73-b02) (build 1.8.0_73-b02)
# Java VM: Java HotSpot(TM) Client VM (25.73-b02 mixed mode windows-x86 )
# Failed to write core dump. Minidumps are not enabled by default on client versions of Windows
#

---------------  T H R E A D  ---------------

Current thread (0x007ec800):  VMThread [stack: 0x00bf0000,0x00c40000] [id=180]

Stack: [0x00bf0000,0x00c40000],  sp=0x00c3ec6c,  free space=315k
Native frames: (J=compiled Java code, j=interpreted, Vv=VM code, C=native code)
V  [jvm.dll+0x1a7f9b]
V  [jvm.dll+0x1a0888]
V  [jvm.dll+0x9369d]
V  [jvm.dll+0xc792f]
V  [jvm.dll+0xbe9d5]
V  [jvm.dll+0x1b34a1]
V  [jvm.dll+0x1b369c]
V  [jvm.dll+0x1786e3]
V  [jvm.dll+0x17720a]
V  [jvm.dll+0x97230]
V  [jvm.dll+0x98521]
V  [jvm.dll+0x9a300]
V  [jvm.dll+0x9a769]
V  [jvm.dll+0x994ef]
V  [jvm.dll+0xa5752]
V  [jvm.dll+0x980f3]
V  [jvm.dll+0x92095]
V  [jvm.dll+0x1b68f6]
V  [jvm.dll+0x18118b]
V  [jvm.dll+0x1805a1]
V  [jvm.dll+0x1809b7]
V  [jvm.dll+0x180bb2]
V  [jvm.dll+0x1c0636]
C  [msvcr100.dll+0x5c556]
C  [msvcr100.dll+0x5c600]
C  [KERNEL32.DLL+0x4198]
C  [ntdll.dll+0x52cb1]
C  [ntdll.dll+0x52c7f]

VM_Operation (0x4468efb4): GenCollectForAllocation, mode: safepoint, requested by thread 0x44345000


---------------  P R O C E S S  ---------------

Java Threads: ( => current thread )
  0x4434d400 JavaThread "pool-2-thread-4" [_thread_blocked, id=6316, stack(0x44780000,0x447d0000)]
  0x4434a000 JavaThread "pool-2-thread-3" [_thread_blocked, id=2680, stack(0x44730000,0x44780000)]
  0x44349000 JavaThread "pool-2-thread-2" [_thread_blocked, id=5740, stack(0x446e0000,0x44730000)]
  0x44345800 JavaThread "pool-3-thread-1" [_thread_blocked, id=6180, stack(0x44690000,0x446e0000)]
  0x44345000 JavaThread "pool-2-thread-1" [_thread_blocked, id=76, stack(0x44640000,0x44690000)]
  0x44213000 JavaThread "Service Thread" daemon [_thread_blocked, id=5000, stack(0x445a0000,0x445f0000)]
  0x441fcc00 JavaThread "C1 CompilerThread0" daemon [_thread_blocked, id=8012, stack(0x44550000,0x445a0000)]
  0x441fbc00 JavaThread "Attach Listener" daemon [_thread_blocked, id=6644, stack(0x44500000,0x44550000)]
  0x441fa000 JavaThread "Signal Dispatcher" daemon [_thread_blocked, id=7028, stack(0x444b0000,0x44500000)]
  0x441d6c00 JavaThread "Finalizer" daemon [_thread_blocked, id=6124, stack(0x03970000,0x039c0000)]
  0x441d2400 JavaThread "Reference Handler" daemon [_thread_blocked, id=796, stack(0x03920000,0x03970000)]
  0x0053bc00 JavaThread "main" [_thread_blocked, id=7800, stack(0x006a0000,0x006f0000)]

Other Threads:
=>0x007ec800 VMThread [stack: 0x00bf0000,0x00c40000] [id=180]
  0x44223800 WatcherThread [stack: 0x445f0000,0x44640000] [id=2340]

VM state:at safepoint (normal execution)

VM Mutex/Monitor currently owned by a thread:  ([mutex/lock_event])
[0x0053a308] Threads_lock - owner thread: 0x007ec800
[0x0053acb8] Heap_lock - owner thread: 0x44345000

Heap:
 def new generation   total 43648K, used 43648K [0x03a00000, 0x06950000, 0x18f50000)
  eden space 38848K, 100% used [0x03a00000, 0x05ff0000, 0x05ff0000)
  from space 4800K, 100% used [0x064a0000, 0x06950000, 0x06950000)
  to   space 4800K,   0% used [0x05ff0000, 0x05ff0000, 0x064a0000)
 tenured generation   total 110176K, used 110084K [0x18f50000, 0x1fae8000, 0x43a00000)
   the space 110176K,  99% used [0x18f50000, 0x1fad11b8, 0x1fad1200, 0x1fae8000)
 Metaspace       used 3475K, capacity 3534K, committed 3648K, reserved 4480K

Card table byte_map: [0x43a00000,0x43c10000] byte_map_base: 0x439e3000

Polling page: 0x00510000

CodeCache: size=32768Kb used=2723Kb max_used=2723Kb free=30044Kb
 bounds [0x018a0000, 0x01b50000, 0x038a0000]
 total_blobs=1332 nmethods=1185 adapters=77
 compilation: enabled

Compilation events (10 events):
Event: 11.462 Thread 0x441fcc00 1196             java.lang.System$2::invokeFinalize (5 bytes)
Event: 11.463 Thread 0x441fcc00 nmethod 1196 0x01b48448 code [0x01b48550, 0x01b485ec]
Event: 11.463 Thread 0x441fcc00 1197             java.lang.ref.Reference::clear (6 bytes)
Event: 11.463 Thread 0x441fcc00 nmethod 1197 0x01b48648 code [0x01b48740, 0x01b487d0]
Event: 11.998 Thread 0x441fcc00 1198             com.android.dx.ssa.back.FirstFitLocalCombiningAllocator::isEven (12 bytes)
Event: 11.998 Thread 0x441fcc00 nmethod 1198 0x01b48808 code [0x01b48900, 0x01b48980]
Event: 12.000 Thread 0x441fcc00 1199             java.util.ArrayList$SubList::set (40 bytes)
Event: 12.001 Thread 0x441fcc00 nmethod 1199 0x01b489c8 code [0x01b48b00, 0x01b48d14]
Event: 12.583 Thread 0x441fcc00 1200             com.android.dx.ssa.LiteralOpUpgrader$1::visitPhiInsn (1 bytes)
Event: 12.583 Thread 0x441fcc00 nmethod 1200 0x01b48fc8 code [0x01b490c0, 0x01b49140]

GC Heap History (10 events):
Event: 10.379 GC heap after
Heap after GC invocations=36 (full 4):
 def new generation   total 29312K, used 3200K [0x03a00000, 0x059c0000, 0x18f50000)
  eden space 26112K,   0% used [0x03a00000, 0x03a00000, 0x05380000)
  from space 3200K, 100% used [0x056a0000, 0x059c0000, 0x059c0000)
  to   space 3200K,   0% used [0x05380000, 0x05380000, 0x056a0000)
 tenured generation   total 64968K, used 48134K [0x18f50000, 0x1cec2000, 0x43a00000)
   the space 64968K,  74% used [0x18f50000, 0x1be51b90, 0x1be51c00, 0x1cec2000)
 Metaspace       used 3475K, capacity 3534K, committed 3648K, reserved 4480K
}
Event: 10.736 GC heap before
{Heap before GC invocations=36 (full 4):
 def new generation   total 29312K, used 29312K [0x03a00000, 0x059c0000, 0x18f50000)
  eden space 26112K, 100% used [0x03a00000, 0x05380000, 0x05380000)
  from space 3200K, 100% used [0x056a0000, 0x059c0000, 0x059c0000)
  to   space 3200K,   0% used [0x05380000, 0x05380000, 0x056a0000)
 tenured generation   total 64968K, used 48134K [0x18f50000, 0x1cec2000, 0x43a00000)
   the space 64968K,  74% used [0x18f50000, 0x1be51b90, 0x1be51c00, 0x1cec2000)
 Metaspace       used 3475K, capacity 3534K, committed 3648K, reserved 4480K
Event: 10.789 GC heap after
Heap after GC invocations=37 (full 4):
 def new generation   total 29312K, used 3200K [0x03a00000, 0x059c0000, 0x18f50000)
  eden space 26112K,   0% used [0x03a00000, 0x03a00000, 0x05380000)
  from space 3200K, 100% used [0x05380000, 0x056a0000, 0x056a0000)
  to   space 3200K,   0% used [0x056a0000, 0x056a0000, 0x059c0000)
 tenured generation   total 64968K, used 53871K [0x18f50000, 0x1cec2000, 0x43a00000)
   the space 64968K,  82% used [0x18f50000, 0x1c3ebd20, 0x1c3ebe00, 0x1cec2000)
 Metaspace       used 3475K, capacity 3534K, committed 3648K, reserved 4480K
}
Event: 11.039 GC heap before
{Heap before GC invocations=37 (full 4):
 def new generation   total 29312K, used 29312K [0x03a00000, 0x059c0000, 0x18f50000)
  eden space 26112K, 100% used [0x03a00000, 0x05380000, 0x05380000)
  from space 3200K, 100% used [0x05380000, 0x056a0000, 0x056a0000)
  to   space 3200K,   0% used [0x056a0000, 0x056a0000, 0x059c0000)
 tenured generation   total 64968K, used 53871K [0x18f50000, 0x1cec2000, 0x43a00000)
   the space 64968K,  82% used [0x18f50000, 0x1c3ebd20, 0x1c3ebe00, 0x1cec2000)
 Metaspace       used 3475K, capacity 3534K, committed 3648K, reserved 4480K
Event: 11.455 GC heap after
Heap after GC invocations=38 (full 5):
 def new generation   total 30080K, used 1457K [0x03a00000, 0x05aa0000, 0x18f50000)
  eden space 26752K,   5% used [0x03a00000, 0x03b6c5b8, 0x05420000)
  from space 3328K,   0% used [0x05420000, 0x05420000, 0x05760000)
  to   space 3328K,   0% used [0x05760000, 0x05760000, 0x05aa0000)
 tenured generation   total 66760K, used 66759K [0x18f50000, 0x1d082000, 0x43a00000)
   the space 66760K,  99% used [0x18f50000, 0x1d081ff0, 0x1d082000, 0x1d082000)
 Metaspace       used 3475K, capacity 3534K, committed 3648K, reserved 4480K
}
Event: 11.467 GC heap before
{Heap before GC invocations=38 (full 5):
 def new generation   total 30080K, used 26752K [0x03a00000, 0x05aa0000, 0x18f50000)
  eden space 26752K, 100% used [0x03a00000, 0x05420000, 0x05420000)
  from space 3328K,   0% used [0x05420000, 0x05420000, 0x05760000)
  to   space 3328K,   0% used [0x05760000, 0x05760000, 0x05aa0000)
 tenured generation   total 66760K, used 66759K [0x18f50000, 0x1d082000, 0x43a00000)
   the space 66760K,  99% used [0x18f50000, 0x1d081ff0, 0x1d082000, 0x1d082000)
 Metaspace       used 3475K, capacity 3534K, committed 3648K, reserved 4480K
Event: 11.950 GC heap after
Heap after GC invocations=39 (full 6):
 def new generation   total 30080K, used 3249K [0x03a00000, 0x05aa0000, 0x18f50000)
  eden space 26752K,  12% used [0x03a00000, 0x03d2c6b0, 0x05420000)
  from space 3328K,   0% used [0x05760000, 0x05760000, 0x05aa0000)
  to   space 3328K,   0% used [0x05420000, 0x05420000, 0x05760000)
 tenured generation   total 83912K, used 83911K [0x18f50000, 0x1e142000, 0x43a00000)
   the space 83912K,  99% used [0x18f50000, 0x1e141fc8, 0x1e142000, 0x1e142000)
 Metaspace       used 3475K, capacity 3534K, committed 3648K, reserved 4480K
}
Event: 12.002 GC heap before
{Heap before GC invocations=39 (full 6):
 def new generation   total 30080K, used 26752K [0x03a00000, 0x05aa0000, 0x18f50000)
  eden space 26752K, 100% used [0x03a00000, 0x05420000, 0x05420000)
  from space 3328K,   0% used [0x05760000, 0x05760000, 0x05aa0000)
  to   space 3328K,   0% used [0x05420000, 0x05420000, 0x05760000)
 tenured generation   total 83912K, used 83911K [0x18f50000, 0x1e142000, 0x43a00000)
   the space 83912K,  99% used [0x18f50000, 0x1e141fc8, 0x1e142000, 0x1e142000)
 Metaspace       used 3475K, capacity 3534K, committed 3648K, reserved 4480K
Event: 12.555 GC heap after
Heap after GC invocations=40 (full 7):
 def new generation   total 43648K, used 6486K [0x03a00000, 0x06950000, 0x18f50000)
  eden space 38848K,  16% used [0x03a00000, 0x04055998, 0x05ff0000)
  from space 4800K,   0% used [0x05ff0000, 0x05ff0000, 0x064a0000)
  to   space 4800K,   0% used [0x064a0000, 0x064a0000, 0x06950000)
 tenured generation   total 96744K, used 96742K [0x18f50000, 0x1edca000, 0x43a00000)
   the space 96744K,  99% used [0x18f50000, 0x1edc9b88, 0x1edc9c00, 0x1edca000)
 Metaspace       used 3475K, capacity 3534K, committed 3648K, reserved 4480K
}
Event: 12.598 GC heap before
{Heap before GC invocations=40 (full 7):
 def new generation   total 43648K, used 38848K [0x03a00000, 0x06950000, 0x18f50000)
  eden space 38848K, 100% used [0x03a00000, 0x05ff0000, 0x05ff0000)
  from space 4800K,   0% used [0x05ff0000, 0x05ff0000, 0x064a0000)
  to   space 4800K,   0% used [0x064a0000, 0x064a0000, 0x06950000)
 tenured generation   total 96744K, used 96742K [0x18f50000, 0x1edca000, 0x43a00000)
   the space 96744K,  99% used [0x18f50000, 0x1edc9b88, 0x1edc9c00, 0x1edca000)
 Metaspace       used 3475K, capacity 3534K, committed 3648K, reserved 4480K

Deoptimization events (0 events):
No events

Internal exceptions (5 events):
Event: 0.151 Thread 0x0053bc00 Exception <a 'java/lang/NoSuchMethodError': Method sun.misc.Unsafe.defineClass(Ljava/lang/String;[BII)Ljava/lang/Class; name or signature does not match> (0x03a10a08) thrown at [D:\re\workspace\8-2-build-windows-i586-cygwin\jdk8u73\6086\hotspot\src\share\v€•˜!˜RÃ?
Event: 0.151 Thread 0x0053bc00 Exception <a 'java/lang/NoSuchMethodError': Method sun.misc.Unsafe.prefetchRead(Ljava/lang/Object;J)V name or signature does not match> (0x03a10cd8) thrown at [D:\re\workspace\8-2-build-windows-i586-cygwin\jdk8u73\6086\hotspot\src\share\vm\prims\jni.cpp, læ—^ýÓÿ?
Event: 1.989 Thread 0x44349000 Exception <a 'java/lang/ArrayIndexOutOfBoundsException': 18> (0x03c2e5e8) thrown at [D:\re\workspace\8-2-build-windows-i586-cygwin\jdk8u73\6086\hotspot\src\share\vm\interpreter\interpreterRuntime.cpp, line 366]
Event: 1.990 Thread 0x44349000 Exception <a 'java/lang/ArrayIndexOutOfBoundsException': 145> (0x03c2fe88) thrown at [D:\re\workspace\8-2-build-windows-i586-cygwin\jdk8u73\6086\hotspot\src\share\vm\interpreter\interpreterRuntime.cpp, line 366]
Event: 1.992 Thread 0x44349000 Exception <a 'java/lang/ArrayIndexOutOfBoundsException': 40> (0x03c30f68) thrown at [D:\re\workspace\8-2-build-windows-i586-cygwin\jdk8u73\6086\hotspot\src\share\vm\interpreter\interpreterRuntime.cpp, line 366]

Events (10 events):
Event: 10.379 Executing VM operation: GenCollectForAllocation done
Event: 10.736 Executing VM operation: GenCollectForAllocation
Event: 10.789 Executing VM operation: GenCollectForAllocation done
Event: 11.039 Executing VM operation: GenCollectForAllocation
Event: 11.455 Executing VM operation: GenCollectForAllocation done
Event: 11.467 Executing VM operation: GenCollectForAllocation
Event: 11.950 Executing VM operation: GenCollectForAllocation done
Event: 12.002 Executing VM operation: GenCollectForAllocation
Event: 12.555 Executing VM operation: GenCollectForAllocation done
Event: 12.594 Executing VM operation: GenCollectForAllocation


Dynamic libraries:
0x00c60000 - 0x00c93000 	C:\Program Files\Java\jdk1.8.0_73\bin\java.exe
0x77c20000 - 0x77d8a000 	C:\Windows\SYSTEM32\ntdll.dll
0x75960000 - 0x75a60000 	C:\Windows\system32\KERNEL32.DLL
0x75510000 - 0x755e9000 	C:\Windows\system32\KERNELBASE.dll
0x74390000 - 0x74430000 	C:\Windows\system32\apphelp.dll
0x784c0000 - 0x78726000 	C:\Windows\AppPatch\AcGenral.DLL
0x75890000 - 0x75953000 	C:\Windows\system32\msvcrt.dll
0x75840000 - 0x75881000 	C:\Windows\SYSTEM32\sechost.dll
0x75630000 - 0x75653000 	C:\Windows\system32\SspiCli.dll
0x75af0000 - 0x75b35000 	C:\Windows\system32\SHLWAPI.dll
0x74470000 - 0x7455e000 	C:\Windows\SYSTEM32\UxTheme.dll
0x77260000 - 0x773b5000 	C:\Windows\system32\USER32.dll
0x778d0000 - 0x779e2000 	C:\Windows\system32\GDI32.dll
0x73d10000 - 0x73d33000 	C:\Windows\SYSTEM32\WINMM.dll
0x70470000 - 0x70483000 	C:\Windows\SYSTEM32\samcli.dll
0x77130000 - 0x77259000 	C:\Windows\system32\ole32.dll
0x77650000 - 0x776e7000 	C:\Windows\system32\OLEAUT32.dll
0x6ecb0000 - 0x6ecc7000 	C:\Windows\SYSTEM32\MSACM32.dll
0x73980000 - 0x73988000 	C:\Windows\SYSTEM32\VERSION.dll
0x75cb0000 - 0x76f6a000 	C:\Windows\system32\SHELL32.dll
0x74c30000 - 0x74c4b000 	C:\Windows\SYSTEM32\USERENV.dll
0x73d40000 - 0x73d5a000 	C:\Windows\SYSTEM32\dwmapi.dll
0x72af0000 - 0x72c3c000 	C:\Windows\SYSTEM32\urlmon.dll
0x75c30000 - 0x75cac000 	C:\Windows\system32\ADVAPI32.dll
0x6d240000 - 0x6d2a5000 	C:\Windows\SYSTEM32\WINSPOOL.DRV
0x6ed20000 - 0x6ed36000 	C:\Windows\SYSTEM32\MPR.dll
0x773c0000 - 0x77490000 	C:\Windows\system32\RPCRT4.dll
0x779f0000 - 0x77b6d000 	C:\Windows\SYSTEM32\combase.dll
0x737e0000 - 0x73803000 	C:\Windows\SYSTEM32\WINMMBASE.dll
0x75400000 - 0x7540f000 	C:\Windows\SYSTEM32\profapi.dll
0x72d50000 - 0x72f84000 	C:\Windows\SYSTEM32\iertutil.dll
0x72590000 - 0x727ed000 	C:\Windows\SYSTEM32\WININET.dll
0x755f0000 - 0x7562c000 	C:\Windows\SYSTEM32\cfgmgr32.dll
0x745a0000 - 0x745c1000 	C:\Windows\SYSTEM32\DEVOBJ.dll
0x75b40000 - 0x75bcb000 	C:\Windows\system32\SHCORE.DLL
0x775b0000 - 0x775d6000 	C:\Windows\system32\IMM32.DLL
0x77490000 - 0x775a2000 	C:\Windows\system32\MSCTF.dll
0x73b00000 - 0x73d06000 	C:\Windows\WinSxS\x86_microsoft.windows.common-controls_6595b64144ccf1df_6.0.9600.18006_none_a9ec6aab013aafee\COMCTL32.dll
0x63770000 - 0x6382f000 	C:\Program Files\Java\jdk1.8.0_73\jre\bin\msvcr100.dll
0x00820000 - 0x00be8000 	C:\Program Files\Java\jdk1.8.0_73\jre\bin\client\jvm.dll
0x6d5b0000 - 0x6d5b8000 	C:\Windows\SYSTEM32\WSOCK32.dll
0x77b70000 - 0x77b76000 	C:\Windows\system32\PSAPI.DLL
0x757f0000 - 0x7583f000 	C:\Windows\system32\WS2_32.dll
0x77750000 - 0x77757000 	C:\Windows\system32\NSI.dll
0x6f2d0000 - 0x6f2dc000 	C:\Program Files\Java\jdk1.8.0_73\jre\bin\verify.dll
0x69370000 - 0x69391000 	C:\Program Files\Java\jdk1.8.0_73\jre\bin\java.dll
0x6f2b0000 - 0x6f2c3000 	C:\Program Files\Java\jdk1.8.0_73\jre\bin\zip.dll
0x704b0000 - 0x705f1000 	C:\Windows\SYSTEM32\dbghelp.dll

VM Arguments:
jvm_args: -Djava.awt.headless=true -Xmx1024M -Dfile.encoding=windows-1251 -Duser.country=US -Duser.language=en -Duser.variant 
java_command: com.android.dx.command.Main --dex --force-jumbo --num-threads=4 --multi-dex --output C:\Users\Admin\Desktop\hobby\app\build\intermediates\transforms\dex\debug\folders\1000\10\com.google.android.gms-play-services-ads-9.6.1_cf7cb49916e1e97657067c206e29ce93d4559526 C:\Users\Admin\Desktop\hobby\app\build\intermediates\exploded-aar\com.google.android.gms\play-services-ads\9.6.1\jars\classes.jar
java_class_path (initial): C:\Users\Admin\AppData\Local\Android\sdk\build-tools\24.0.2\lib\dx.jar
Launcher Type: SUN_STANDARD

Environment Variables:
JAVA_HOME=c:\Program Files\Java\jdk1.8.0_73\
PATH=C:\Program Files\Borland\Delphi7\Bin;C:\Program Files\Borland\Delphi7\Projects\Bpl\;C:\ProgramData\Oracle\Java\javapath;C:\Windows\system32;C:\Windows;C:\Windows\System32\Wbem;C:\Windows\System32\WindowsPowerShell\v1.0\;C:\Program Files\TortoiseGit\bin;C:\Program Files\Skype\Phone\;C:\Program Files\QuickTime\QTSystem\;c:\Python27\;c:\Python27\Scripts\;c:\Program Files\Java\jdk1.8.0_73\bin\;c:\Program Files\Java\jdk1.8.0_73\lib\;c:\openssl\bin\;C:\Program Files\Git\cmd
USERNAME=Admin
OS=Windows_NT
PROCESSOR_IDENTIFIER=x86 Family 6 Model 37 Stepping 2, GenuineIntel



---------------  S Y S T E M  ---------------

OS: Windows 8.1 Build 9600 (6.3.9600.17415)

CPU:total 4 (2 cores per cpu, 2 threads per core) family 6 model 37 stepping 2, cmov, cx8, fxsr, mmx, sse, sse2, sse3, ssse3, sse4.1, sse4.2, popcnt, ht, tsc, tscinvbit

Memory: 4k page, physical 2546360k(109080k free), swap 5692088k(3828k free)

vm_info: Java HotSpot(TM) Client VM (25.73-b02) for windows-x86 JRE (1.8.0_73-b02), built on Jan 29 2016 17:05:52 by "java_re" with MS VC++ 10.0 (VS2010)

time: Thu Mar 16 15:36:42 2017
elapsed time: 12 seconds (0d 0h 0m 12s)

