#
# There is insufficient memory for the Java Runtime Environment to continue.
# Native memory allocation (malloc) failed to allocate 4092 bytes for AllocateHeap
# Possible reasons:
#   The system is out of physical RAM or swap space
#   In 32 bit mode, the process size limit was hit
# Possible solutions:
#   Reduce memory load on the system
#   Increase physical memory or swap space
#   Check if swap backing store is full
#   Use 64 bit Java on a 64 bit OS
#   Decrease Java heap size (-Xmx/-Xms)
#   Decrease number of Java threads
#   Decrease Java thread stack sizes (-Xss)
#   Set larger code cache with -XX:ReservedCodeCacheSize=
# This output file may be truncated or incomplete.
#
#  Out of Memory Error (memory/allocation.inline.hpp:61), pid=2220, tid=8180
#
# JRE version: Java(TM) SE Runtime Environment (8.0_73-b02) (build 1.8.0_73-b02)
# Java VM: Java HotSpot(TM) Client VM (25.73-b02 mixed mode windows-x86 )
# Failed to write core dump. Minidumps are not enabled by default on client versions of Windows
#

---------------  T H R E A D  ---------------

Current thread (0x01e0c800):  VMThread [stack: 0x01cb0000,0x01d00000] [id=8180]

Stack: [0x01cb0000,0x01d00000],  sp=0x01cfed2c,  free space=315k
Native frames: (J=compiled Java code, j=interpreted, Vv=VM code, C=native code)
V  [jvm.dll+0x1a7f9b]
V  [jvm.dll+0x1a0888]
V  [jvm.dll+0x9369d]
V  [jvm.dll+0xc792f]
V  [jvm.dll+0xbe9d5]
V  [jvm.dll+0x1b34a1]
V  [jvm.dll+0x1b369c]
V  [jvm.dll+0x1786e3]
V  [jvm.dll+0x17720a]
V  [jvm.dll+0x97230]
V  [jvm.dll+0x98521]
V  [jvm.dll+0x9a300]
V  [jvm.dll+0x9a769]
V  [jvm.dll+0x994ef]
V  [jvm.dll+0xa5752]
V  [jvm.dll+0x980f3]
V  [jvm.dll+0x92095]
V  [jvm.dll+0x1b68f6]
V  [jvm.dll+0x18118b]
V  [jvm.dll+0x1805a1]
V  [jvm.dll+0x1809b7]
V  [jvm.dll+0x180bb2]
V  [jvm.dll+0x1c0636]
C  [msvcr100.dll+0x5c556]
C  [msvcr100.dll+0x5c600]
C  [KERNEL32.DLL+0x4198]
C  [ntdll.dll+0x52cb1]
C  [ntdll.dll+0x52c7f]

VM_Operation (0x44bcec34): GenCollectForAllocation, mode: safepoint, requested by thread 0x447e4000


---------------  P R O C E S S  ---------------

Java Threads: ( => current thread )
  0x447efc00 JavaThread "pool-2-thread-4" [_thread_blocked, id=6332, stack(0x44cc0000,0x44d10000)]
  0x447ed400 JavaThread "pool-2-thread-3" [_thread_blocked, id=6700, stack(0x44c70000,0x44cc0000)]
  0x447e2000 JavaThread "pool-2-thread-2" [_thread_blocked, id=6932, stack(0x44c20000,0x44c70000)]
  0x447db000 JavaThread "pool-3-thread-1" [_thread_blocked, id=6424, stack(0x44bd0000,0x44c20000)]
  0x447e4000 JavaThread "pool-2-thread-1" [_thread_blocked, id=5820, stack(0x44b80000,0x44bd0000)]
  0x446b3000 JavaThread "Service Thread" daemon [_thread_blocked, id=4532, stack(0x44ae0000,0x44b30000)]
  0x4469cc00 JavaThread "C1 CompilerThread0" daemon [_thread_blocked, id=2080, stack(0x44a90000,0x44ae0000)]
  0x4469c000 JavaThread "Attach Listener" daemon [_thread_blocked, id=7032, stack(0x44a40000,0x44a90000)]
  0x4469a000 JavaThread "Signal Dispatcher" daemon [_thread_blocked, id=7540, stack(0x449f0000,0x44a40000)]
  0x44676c00 JavaThread "Finalizer" daemon [_thread_blocked, id=7948, stack(0x448c0000,0x44910000)]
  0x44672400 JavaThread "Reference Handler" daemon [_thread_blocked, id=492, stack(0x44870000,0x448c0000)]
  0x01cabc00 JavaThread "main" [_thread_blocked, id=5960, stack(0x01bf0000,0x01c40000)]

Other Threads:
=>0x01e0c800 VMThread [stack: 0x01cb0000,0x01d00000] [id=8180]
  0x446c8000 WatcherThread [stack: 0x44b30000,0x44b80000] [id=6808]

VM state:at safepoint (normal execution)

VM Mutex/Monitor currently owned by a thread:  ([mutex/lock_event])
[0x01caa7e8] Threads_lock - owner thread: 0x01e0c800
[0x01caae58] Heap_lock - owner thread: 0x447e4000

Heap:
 def new generation   total 10624K, used 10624K [0x04000000, 0x04b80000, 0x19550000)
  eden space 9472K, 100% used [0x04000000, 0x04940000, 0x04940000)
  from space 1152K, 100% used [0x04940000, 0x04a60000, 0x04a60000)
  to   space 1152K,   0% used [0x04a60000, 0x04a60000, 0x04b80000)
 tenured generation   total 25892K, used 25892K [0x19550000, 0x1ae99000, 0x44000000)
   the space 25892K, 100% used [0x19550000, 0x1ae99000, 0x1ae99000, 0x1ae99000)
 Metaspace       used 3485K, capacity 3534K, committed 3648K, reserved 4480K

Card table byte_map: [0x44000000,0x44210000] byte_map_base: 0x43fe0000

Polling page: 0x01c40000

CodeCache: size=32768Kb used=2686Kb max_used=2686Kb free=30081Kb
 bounds [0x01ea0000, 0x02140000, 0x03ea0000]
 total_blobs=1285 nmethods=1138 adapters=77
 compilation: enabled

Compilation events (10 events):
Event: 7.442 Thread 0x4469cc00 nmethod 1135 0x0213e608 code [0x0213e700, 0x0213e780]
Event: 7.444 Thread 0x4469cc00 1136             java.lang.Thread::interrupted (8 bytes)
Event: 7.444 Thread 0x4469cc00 nmethod 1136 0x0213ea48 code [0x0213eb40, 0x0213ebdc]
Event: 7.457 Thread 0x4469cc00 1138             com.android.dx.ssa.SCCP::replaceBranches (142 bytes)
Event: 7.458 Thread 0x4469cc00 nmethod 1138 0x0213ec48 code [0x0213edc0, 0x0213f0d4]
Event: 7.672 Thread 0x4469cc00 1139             java.util.Arrays::sort (47 bytes)
Event: 7.672 Thread 0x4469cc00 nmethod 1139 0x0213f548 code [0x0213f670, 0x0213f7c0]
Event: 7.686 Thread 0x4469cc00 1140             com.android.dx.cf.code.LocalVariableList$Item::matchesAllButType (53 bytes)
Event: 7.687 Thread 0x4469cc00 nmethod 1140 0x0213f908 code [0x0213fa10, 0x0213fb4c]
Event: 7.692 Thread 0x4469cc00 1141             com.android.dx.dex.file.AnnotationSetItem::<init> (83 bytes)

GC Heap History (10 events):
Event: 6.801 GC heap after
Heap after GC invocations=28 (full 7):
 def new generation   total 9280K, used 916K [0x04000000, 0x04a10000, 0x19550000)
  eden space 8256K,  11% used [0x04000000, 0x040e5138, 0x04810000)
  from space 1024K,   0% used [0x04810000, 0x04810000, 0x04910000)
  to   space 1024K,   0% used [0x04910000, 0x04910000, 0x04a10000)
 tenured generation   total 20528K, used 20527K [0x19550000, 0x1a95c000, 0x44000000)
   the space 20528K,  99% used [0x19550000, 0x1a95bff8, 0x1a95c000, 0x1a95c000)
 Metaspace       used 3485K, capacity 3534K, committed 3648K, reserved 4480K
}
Event: 6.826 GC heap before
{Heap before GC invocations=28 (full 7):
 def new generation   total 9280K, used 8256K [0x04000000, 0x04a10000, 0x19550000)
  eden space 8256K, 100% used [0x04000000, 0x04810000, 0x04810000)
  from space 1024K,   0% used [0x04810000, 0x04810000, 0x04910000)
  to   space 1024K,   0% used [0x04910000, 0x04910000, 0x04a10000)
 tenured generation   total 20528K, used 20527K [0x19550000, 0x1a95c000, 0x44000000)
   the space 20528K,  99% used [0x19550000, 0x1a95bff8, 0x1a95c000, 0x1a95c000)
 Metaspace       used 3485K, capacity 3534K, committed 3648K, reserved 4480K
Event: 7.027 GC heap after
Heap after GC invocations=29 (full 8):
 def new generation   total 9920K, used 0K [0x04000000, 0x04ac0000, 0x19550000)
  eden space 8832K,   0% used [0x04000000, 0x04000000, 0x048a0000)
  from space 1088K,   0% used [0x048a0000, 0x048a0000, 0x049b0000)
  to   space 1088K,   0% used [0x049b0000, 0x049b0000, 0x04ac0000)
 tenured generation   total 21936K, used 21834K [0x19550000, 0x1aabc000, 0x44000000)
   the space 21936K,  99% used [0x19550000, 0x1aaa2b78, 0x1aaa2c00, 0x1aabc000)
 Metaspace       used 3485K, capacity 3534K, committed 3648K, reserved 4480K
}
Event: 7.060 GC heap before
{Heap before GC invocations=29 (full 8):
 def new generation   total 9920K, used 8832K [0x04000000, 0x04ac0000, 0x19550000)
  eden space 8832K, 100% used [0x04000000, 0x048a0000, 0x048a0000)
  from space 1088K,   0% used [0x048a0000, 0x048a0000, 0x049b0000)
  to   space 1088K,   0% used [0x049b0000, 0x049b0000, 0x04ac0000)
 tenured generation   total 21936K, used 21834K [0x19550000, 0x1aabc000, 0x44000000)
   the space 21936K,  99% used [0x19550000, 0x1aaa2b78, 0x1aaa2c00, 0x1aabc000)
 Metaspace       used 3485K, capacity 3534K, committed 3648K, reserved 4480K
Event: 7.214 GC heap after
Heap after GC invocations=30 (full 9):
 def new generation   total 10048K, used 951K [0x04000000, 0x04ae0000, 0x19550000)
  eden space 8960K,  10% used [0x04000000, 0x040edec8, 0x048c0000)
  from space 1088K,   0% used [0x048c0000, 0x048c0000, 0x049d0000)
  to   space 1088K,   0% used [0x049d0000, 0x049d0000, 0x04ae0000)
 tenured generation   total 22192K, used 22192K [0x19550000, 0x1aafc000, 0x44000000)
   the space 22192K, 100% used [0x19550000, 0x1aafc000, 0x1aafc000, 0x1aafc000)
 Metaspace       used 3485K, capacity 3534K, committed 3648K, reserved 4480K
}
Event: 7.243 GC heap before
{Heap before GC invocations=30 (full 9):
 def new generation   total 10048K, used 8960K [0x04000000, 0x04ae0000, 0x19550000)
  eden space 8960K, 100% used [0x04000000, 0x048c0000, 0x048c0000)
  from space 1088K,   0% used [0x048c0000, 0x048c0000, 0x049d0000)
  to   space 1088K,   0% used [0x049d0000, 0x049d0000, 0x04ae0000)
 tenured generation   total 22192K, used 22192K [0x19550000, 0x1aafc000, 0x44000000)
   the space 22192K, 100% used [0x19550000, 0x1aafc000, 0x1aafc000, 0x1aafc000)
 Metaspace       used 3485K, capacity 3534K, committed 3648K, reserved 4480K
Event: 7.435 GC heap after
Heap after GC invocations=31 (full 10):
 def new generation   total 10624K, used 961K [0x04000000, 0x04b80000, 0x19550000)
  eden space 9472K,  10% used [0x04000000, 0x040f07f8, 0x04940000)
  from space 1152K,   0% used [0x04940000, 0x04940000, 0x04a60000)
  to   space 1152K,   0% used [0x04a60000, 0x04a60000, 0x04b80000)
 tenured generation   total 23472K, used 23471K [0x19550000, 0x1ac3c000, 0x44000000)
   the space 23472K,  99% used [0x19550000, 0x1ac3bff0, 0x1ac3c000, 0x1ac3c000)
 Metaspace       used 3485K, capacity 3534K, committed 3648K, reserved 4480K
}
Event: 7.460 GC heap before
{Heap before GC invocations=31 (full 10):
 def new generation   total 10624K, used 9472K [0x04000000, 0x04b80000, 0x19550000)
  eden space 9472K, 100% used [0x04000000, 0x04940000, 0x04940000)
  from space 1152K,   0% used [0x04940000, 0x04940000, 0x04a60000)
  to   space 1152K,   0% used [0x04a60000, 0x04a60000, 0x04b80000)
 tenured generation   total 23472K, used 23471K [0x19550000, 0x1ac3c000, 0x44000000)
   the space 23472K,  99% used [0x19550000, 0x1ac3bff0, 0x1ac3c000, 0x1ac3c000)
 Metaspace       used 3485K, capacity 3534K, committed 3648K, reserved 4480K
Event: 7.664 GC heap after
Heap after GC invocations=32 (full 11):
 def new generation   total 10624K, used 1031K [0x04000000, 0x04b80000, 0x19550000)
  eden space 9472K,  10% used [0x04000000, 0x04101fa8, 0x04940000)
  from space 1152K,   0% used [0x04a60000, 0x04a60000, 0x04b80000)
  to   space 1152K,   0% used [0x04940000, 0x04940000, 0x04a60000)
 tenured generation   total 24760K, used 24759K [0x19550000, 0x1ad7e000, 0x44000000)
   the space 24760K,  99% used [0x19550000, 0x1ad7de70, 0x1ad7e000, 0x1ad7e000)
 Metaspace       used 3485K, capacity 3534K, committed 3648K, reserved 4480K
}
Event: 7.692 GC heap before
{Heap before GC invocations=32 (full 11):
 def new generation   total 10624K, used 9472K [0x04000000, 0x04b80000, 0x19550000)
  eden space 9472K, 100% used [0x04000000, 0x04940000, 0x04940000)
  from space 1152K,   0% used [0x04a60000, 0x04a60000, 0x04b80000)
  to   space 1152K,   0% used [0x04940000, 0x04940000, 0x04a60000)
 tenured generation   total 24760K, used 24759K [0x19550000, 0x1ad7e000, 0x44000000)
   the space 24760K,  99% used [0x19550000, 0x1ad7de70, 0x1ad7e000, 0x1ad7e000)
 Metaspace       used 3485K, capacity 3534K, committed 3648K, reserved 4480K

Deoptimization events (0 events):
No events

Internal exceptions (5 events):
Event: 0.236 Thread 0x01cabc00 Exception <a 'java/lang/NoSuchMethodError': Method sun.misc.Unsafe.defineClass(Ljava/lang/String;[BII)Ljava/lang/Class; name or signature does not match> (0x04010a08) thrown at [D:\re\workspace\8-2-build-windows-i586-cygwin\jdk8u73\6086\hotspot\src\share\v$\0¾Î+Î?
Event: 0.236 Thread 0x01cabc00 Exception <a 'java/lang/NoSuchMethodError': Method sun.misc.Unsafe.prefetchRead(Ljava/lang/Object;J)V name or signature does not match> (0x04010cd8) thrown at [D:\re\workspace\8-2-build-windows-i586-cygwin\jdk8u73\6086\hotspot\src\share\vm\prims\jni.cpp, lI™åÊ@
Event: 6.447 Thread 0x447e4000 Exception <a 'java/lang/ArrayIndexOutOfBoundsException': 18> (0x046885f8) thrown at [D:\re\workspace\8-2-build-windows-i586-cygwin\jdk8u73\6086\hotspot\src\share\vm\interpreter\interpreterRuntime.cpp, line 366]
Event: 6.448 Thread 0x447e4000 Exception <a 'java/lang/ArrayIndexOutOfBoundsException': 145> (0x04689e98) thrown at [D:\re\workspace\8-2-build-windows-i586-cygwin\jdk8u73\6086\hotspot\src\share\vm\interpreter\interpreterRuntime.cpp, line 366]
Event: 6.451 Thread 0x447e4000 Exception <a 'java/lang/ArrayIndexOutOfBoundsException': 40> (0x046daac8) thrown at [D:\re\workspace\8-2-build-windows-i586-cygwin\jdk8u73\6086\hotspot\src\share\vm\interpreter\interpreterRuntime.cpp, line 366]

Events (10 events):
Event: 6.801 Executing VM operation: GenCollectForAllocation done
Event: 6.825 Executing VM operation: GenCollectForAllocation
Event: 7.027 Executing VM operation: GenCollectForAllocation done
Event: 7.060 Executing VM operation: GenCollectForAllocation
Event: 7.214 Executing VM operation: GenCollectForAllocation done
Event: 7.243 Executing VM operation: GenCollectForAllocation
Event: 7.435 Executing VM operation: GenCollectForAllocation done
Event: 7.460 Executing VM operation: GenCollectForAllocation
Event: 7.664 Executing VM operation: GenCollectForAllocation done
Event: 7.692 Executing VM operation: GenCollectForAllocation


Dynamic libraries:
0x00150000 - 0x00183000 	C:\Program Files\Java\jdk1.8.0_73\bin\java.exe
0x77320000 - 0x7748a000 	C:\Windows\SYSTEM32\ntdll.dll
0x76f00000 - 0x77000000 	C:\Windows\system32\KERNEL32.DLL
0x74b80000 - 0x74c59000 	C:\Windows\system32\KERNELBASE.dll
0x73a90000 - 0x73b30000 	C:\Windows\system32\apphelp.dll
0x78280000 - 0x784e6000 	C:\Windows\AppPatch\AcGenral.DLL
0x750b0000 - 0x75173000 	C:\Windows\system32\msvcrt.dll
0x75450000 - 0x75491000 	C:\Windows\SYSTEM32\sechost.dll
0x74c60000 - 0x74c83000 	C:\Windows\system32\SspiCli.dll
0x75180000 - 0x751c5000 	C:\Windows\system32\SHLWAPI.dll
0x73b70000 - 0x73c5e000 	C:\Windows\SYSTEM32\UxTheme.dll
0x771c0000 - 0x77315000 	C:\Windows\system32\USER32.dll
0x75900000 - 0x75a12000 	C:\Windows\system32\GDI32.dll
0x73430000 - 0x73453000 	C:\Windows\SYSTEM32\WINMM.dll
0x6fbb0000 - 0x6fbc3000 	C:\Windows\SYSTEM32\samcli.dll
0x754b0000 - 0x755d9000 	C:\Windows\system32\ole32.dll
0x770a0000 - 0x77137000 	C:\Windows\system32\OLEAUT32.dll
0x56a30000 - 0x56a47000 	C:\Windows\SYSTEM32\MSACM32.dll
0x731d0000 - 0x731d8000 	C:\Windows\SYSTEM32\VERSION.dll
0x75a20000 - 0x76cda000 	C:\Windows\system32\SHELL32.dll
0x74330000 - 0x7434b000 	C:\Windows\SYSTEM32\USERENV.dll
0x73410000 - 0x7342a000 	C:\Windows\SYSTEM32\dwmapi.dll
0x72250000 - 0x7239c000 	C:\Windows\SYSTEM32\urlmon.dll
0x77140000 - 0x771bc000 	C:\Windows\system32\ADVAPI32.dll
0x6bfb0000 - 0x6c015000 	C:\Windows\SYSTEM32\WINSPOOL.DRV
0x6e430000 - 0x6e446000 	C:\Windows\SYSTEM32\MPR.dll
0x74f50000 - 0x75020000 	C:\Windows\system32\RPCRT4.dll
0x751d0000 - 0x7534d000 	C:\Windows\SYSTEM32\combase.dll
0x73050000 - 0x73073000 	C:\Windows\SYSTEM32\WINMMBASE.dll
0x74b00000 - 0x74b0f000 	C:\Windows\SYSTEM32\profapi.dll
0x723a0000 - 0x725d4000 	C:\Windows\SYSTEM32\iertutil.dll
0x71f20000 - 0x7217d000 	C:\Windows\SYSTEM32\WININET.dll
0x74c90000 - 0x74ccc000 	C:\Windows\SYSTEM32\cfgmgr32.dll
0x73ca0000 - 0x73cc1000 	C:\Windows\SYSTEM32\DEVOBJ.dll
0x75750000 - 0x757db000 	C:\Windows\system32\SHCORE.DLL
0x75070000 - 0x75096000 	C:\Windows\system32\IMM32.DLL
0x757e0000 - 0x758f2000 	C:\Windows\system32\MSCTF.dll
0x73200000 - 0x73406000 	C:\Windows\WinSxS\x86_microsoft.windows.common-controls_6595b64144ccf1df_6.0.9600.18006_none_a9ec6aab013aafee\COMCTL32.dll
0x622e0000 - 0x6239f000 	C:\Program Files\Java\jdk1.8.0_73\jre\bin\msvcr100.dll
0x6cc60000 - 0x6d028000 	C:\Program Files\Java\jdk1.8.0_73\jre\bin\client\jvm.dll
0x6c8b0000 - 0x6c8b8000 	C:\Windows\SYSTEM32\WSOCK32.dll
0x75440000 - 0x75446000 	C:\Windows\system32\PSAPI.DLL
0x75020000 - 0x7506f000 	C:\Windows\system32\WS2_32.dll
0x750a0000 - 0x750a7000 	C:\Windows\system32\NSI.dll
0x6e420000 - 0x6e42c000 	C:\Program Files\Java\jdk1.8.0_73\jre\bin\verify.dll
0x530a0000 - 0x530c1000 	C:\Program Files\Java\jdk1.8.0_73\jre\bin\java.dll
0x53080000 - 0x53093000 	C:\Program Files\Java\jdk1.8.0_73\jre\bin\zip.dll

VM Arguments:
jvm_args: -Djava.awt.headless=true -Xmx1024M -Dfile.encoding=windows-1251 -Duser.country=US -Duser.language=en -Duser.variant 
java_command: com.android.dx.command.Main --dex --force-jumbo --num-threads=4 --multi-dex --output C:\Users\Admin\Desktop\hobby\app\build\intermediates\transforms\dex\debug\folders\1000\10\com.facebook.android-facebook-android-sdk-4.8.2_78dbd0e40b46651fbac45e306ec45a024a460ede C:\Users\Admin\Desktop\hobby\app\build\intermediates\exploded-aar\com.facebook.android\facebook-android-sdk\4.8.2\jars\classes.jar
java_class_path (initial): C:\Users\Admin\AppData\Local\Android\sdk\build-tools\24.0.2\lib\dx.jar
Launcher Type: SUN_STANDARD

Environment Variables:
JAVA_HOME=c:\Program Files\Java\jdk1.8.0_73\
PATH=C:\Program Files\Borland\Delphi7\Bin;C:\Program Files\Borland\Delphi7\Projects\Bpl\;C:\ProgramData\Oracle\Java\javapath;C:\Windows\system32;C:\Windows;C:\Windows\System32\Wbem;C:\Windows\System32\WindowsPowerShell\v1.0\;C:\Program Files\TortoiseGit\bin;C:\Program Files\Skype\Phone\;C:\Program Files\QuickTime\QTSystem\;c:\Python27\;c:\Python27\Scripts\;c:\Program Files\Java\jdk1.8.0_73\bin\;c:\Program Files\Java\jdk1.8.0_73\lib\;c:\openssl\bin\;C:\Program Files\Git\cmd
USERNAME=Admin
OS=Windows_NT
PROCESSOR_IDENTIFIER=x86 Family 6 Model 37 Stepping 2, GenuineIntel



---------------  S Y S T E M  ---------------

OS: Windows 8.1 Build 9600 (6.3.9600.17415)

CPU:total 4 (2 cores per cpu, 2 threads per core) family 6 model 37 stepping 2, cmov, cx8, fxsr, mmx, sse, sse2, sse3, ssse3, sse4.1, sse4.2, popcnt, ht, tsc, tscinvbit

Memory: 4k page, physical 2546360k(139848k free), swap 5692088k(5036k free)

vm_info: Java HotSpot(TM) Client VM (25.73-b02) for windows-x86 JRE (1.8.0_73-b02), built on Jan 29 2016 17:05:52 by "java_re" with MS VC++ 10.0 (VS2010)

time: Wed Mar 15 00:02:50 2017
elapsed time: 7 seconds (0d 0h 0m 7s)

