#
# There is insufficient memory for the Java Runtime Environment to continue.
# Native memory allocation (malloc) failed to allocate 276 bytes for AllocateHeap
# Possible reasons:
#   The system is out of physical RAM or swap space
#   In 32 bit mode, the process size limit was hit
# Possible solutions:
#   Reduce memory load on the system
#   Increase physical memory or swap space
#   Check if swap backing store is full
#   Use 64 bit Java on a 64 bit OS
#   Decrease Java heap size (-Xmx/-Xms)
#   Decrease number of Java threads
#   Decrease Java thread stack sizes (-Xss)
#   Set larger code cache with -XX:ReservedCodeCacheSize=
# This output file may be truncated or incomplete.
#
#  Out of Memory Error (memory/allocation.inline.hpp:61), pid=2724, tid=6600
#
# JRE version: Java(TM) SE Runtime Environment (8.0_73-b02) (build 1.8.0_73-b02)
# Java VM: Java HotSpot(TM) Client VM (25.73-b02 mixed mode windows-x86 )
# Failed to write core dump. Minidumps are not enabled by default on client versions of Windows
#

---------------  T H R E A D  ---------------

Current thread (0x44a9cc00):  JavaThread "C1 CompilerThread0" daemon [_thread_in_vm, id=6600, stack(0x44e40000,0x44e90000)]

Stack: [0x44e40000,0x44e90000],  sp=0x44e8ec00,  free space=315k
Native frames: (J=compiled Java code, j=interpreted, Vv=VM code, C=native code)
V  [jvm.dll+0x1a7f9b]
V  [jvm.dll+0x1a0888]
V  [jvm.dll+0x1474]
V  [jvm.dll+0x5d28d]
V  [jvm.dll+0x67b83]
V  [jvm.dll+0x68fcd]
V  [jvm.dll+0x201a6]
V  [jvm.dll+0x286220]
V  [jvm.dll+0x286e34]
V  [jvm.dll+0x286f88]
V  [jvm.dll+0x287202]
V  [jvm.dll+0x6f4ea]
V  [jvm.dll+0x6fc9f]
V  [jvm.dll+0x17c03c]
V  [jvm.dll+0x17c12a]
V  [jvm.dll+0x1c0636]
C  [msvcr100.dll+0x5c556]
C  [msvcr100.dll+0x5c600]
C  [KERNEL32.DLL+0x4198]
C  [ntdll.dll+0x52cb1]
C  [ntdll.dll+0x52c7f]
C  0x00000000


Current CompileTask:
C1:   4034 1010             com.android.dx.dex.code.form.Form11x::writeTo (22 bytes)


---------------  P R O C E S S  ---------------

Java Threads: ( => current thread )
  0x44b9b800 JavaThread "pool-1-thread-1" [_thread_blocked, id=6532, stack(0x44f30000,0x44f80000)]
  0x44abe400 JavaThread "Service Thread" daemon [_thread_blocked, id=8096, stack(0x44e90000,0x44ee0000)]
=>0x44a9cc00 JavaThread "C1 CompilerThread0" daemon [_thread_in_vm, id=6600, stack(0x44e40000,0x44e90000)]
  0x44a9bc00 JavaThread "Attach Listener" daemon [_thread_blocked, id=6888, stack(0x44df0000,0x44e40000)]
  0x44a9a000 JavaThread "Signal Dispatcher" daemon [_thread_blocked, id=6592, stack(0x44da0000,0x44df0000)]
  0x44a76c00 JavaThread "Finalizer" daemon [_thread_blocked, id=1784, stack(0x44c70000,0x44cc0000)]
  0x44a72400 JavaThread "Reference Handler" daemon [_thread_blocked, id=6492, stack(0x02210000,0x02260000)]
  0x020dbc00 JavaThread "main" [_thread_blocked, id=6916, stack(0x01180000,0x011d0000)]

Other Threads:
  0x0220c400 VMThread [stack: 0x02070000,0x020c0000] [id=6376]
  0x44ac3800 WatcherThread [stack: 0x44ee0000,0x44f30000] [id=8136]

VM state:not at safepoint (normal execution)

VM Mutex/Monitor currently owned by a thread:  ([mutex/lock_event])
[0x020d9d30] CodeCache_lock - owner thread: 0x44a9cc00
[0x020db4d8] Compile_lock - owner thread: 0x44a9cc00
[0x020db338] MethodCompileQueue_lock - owner thread: 0x44a9cc00

Heap:
 def new generation   total 12608K, used 3037K [0x04400000, 0x051a0000, 0x19950000)
  eden space 11264K,  26% used [0x04400000, 0x046f7428, 0x04f00000)
  from space 1344K,   0% used [0x04f00000, 0x04f00000, 0x05050000)
  to   space 1344K,   0% used [0x05050000, 0x05050000, 0x051a0000)
 tenured generation   total 27820K, used 16689K [0x19950000, 0x1b47b000, 0x44400000)
   the space 27820K,  59% used [0x19950000, 0x1a99c688, 0x1a99c800, 0x1b47b000)
 Metaspace       used 3419K, capacity 3590K, committed 3648K, reserved 4480K

Card table byte_map: [0x44400000,0x44610000] byte_map_base: 0x443de000

Polling page: 0x011d0000

CodeCache: size=32768Kb used=2429Kb max_used=2429Kb free=30338Kb
 bounds [0x022a0000, 0x02500000, 0x042a0000]
 total_blobs=1153 nmethods=1008 adapters=74
 compilation: enabled

Compilation events (10 events):
Event: 3.967 Thread 0x44a9cc00 nmethod 1005 0x024fcec8 code [0x024fd000, 0x024fd270]
Event: 3.969 Thread 0x44a9cc00 1006             com.android.dx.dex.code.SwitchData::writeTo (272 bytes)
Event: 3.970 Thread 0x44a9cc00 nmethod 1006 0x024fd3c8 code [0x024fd5e0, 0x024fdc10]
Event: 4.006 Thread 0x44a9cc00 1007             com.android.dx.dex.code.InsnFormat::codeUnit (46 bytes)
Event: 4.006 Thread 0x44a9cc00 nmethod 1007 0x024fe708 code [0x024fe820, 0x024fe988]
Event: 4.006 Thread 0x44a9cc00 1008             com.android.dx.dex.code.form.Form23x::writeTo (41 bytes)
Event: 4.007 Thread 0x44a9cc00 nmethod 1008 0x024fea48 code [0x024febb0, 0x024fede4]
Event: 4.007 Thread 0x44a9cc00 1009             com.android.dx.dex.code.DalvCode::getInsns (9 bytes)
Event: 4.007 Thread 0x44a9cc00 nmethod 1009 0x024ff188 code [0x024ff280, 0x024ff31c]
Event: 4.011 Thread 0x44a9cc00 1010             com.android.dx.dex.code.form.Form11x::writeTo (22 bytes)

GC Heap History (10 events):
Event: 2.576 GC heap before
{Heap before GC invocations=17 (full 1):
 def new generation   total 8064K, used 8064K [0x04400000, 0x04cb0000, 0x19950000)
  eden space 7232K, 100% used [0x04400000, 0x04b10000, 0x04b10000)
  from space 832K, 100% used [0x04be0000, 0x04cb0000, 0x04cb0000)
  to   space 832K,   0% used [0x04b10000, 0x04b10000, 0x04be0000)
 tenured generation   total 17652K, used 11060K [0x19950000, 0x1aa8d000, 0x44400000)
   the space 17652K,  62% used [0x19950000, 0x1a41d2e8, 0x1a41d400, 0x1aa8d000)
 Metaspace       used 3302K, capacity 3494K, committed 3520K, reserved 4480K
Event: 2.588 GC heap after
Heap after GC invocations=18 (full 1):
 def new generation   total 8064K, used 832K [0x04400000, 0x04cb0000, 0x19950000)
  eden space 7232K,   0% used [0x04400000, 0x04400000, 0x04b10000)
  from space 832K, 100% used [0x04b10000, 0x04be0000, 0x04be0000)
  to   space 832K,   0% used [0x04be0000, 0x04be0000, 0x04cb0000)
 tenured generation   total 17652K, used 12297K [0x19950000, 0x1aa8d000, 0x44400000)
   the space 17652K,  69% used [0x19950000, 0x1a5527d0, 0x1a552800, 0x1aa8d000)
 Metaspace       used 3302K, capacity 3494K, committed 3520K, reserved 4480K
}
Event: 2.677 GC heap before
{Heap before GC invocations=18 (full 1):
 def new generation   total 8064K, used 8064K [0x04400000, 0x04cb0000, 0x19950000)
  eden space 7232K, 100% used [0x04400000, 0x04b10000, 0x04b10000)
  from space 832K, 100% used [0x04b10000, 0x04be0000, 0x04be0000)
  to   space 832K,   0% used [0x04be0000, 0x04be0000, 0x04cb0000)
 tenured generation   total 17652K, used 12297K [0x19950000, 0x1aa8d000, 0x44400000)
   the space 17652K,  69% used [0x19950000, 0x1a5527d0, 0x1a552800, 0x1aa8d000)
 Metaspace       used 3306K, capacity 3494K, committed 3520K, reserved 4480K
Event: 2.688 GC heap after
Heap after GC invocations=19 (full 1):
 def new generation   total 8064K, used 832K [0x04400000, 0x04cb0000, 0x19950000)
  eden space 7232K,   0% used [0x04400000, 0x04400000, 0x04b10000)
  from space 832K, 100% used [0x04be0000, 0x04cb0000, 0x04cb0000)
  to   space 832K,   0% used [0x04b10000, 0x04b10000, 0x04be0000)
 tenured generation   total 17652K, used 13357K [0x19950000, 0x1aa8d000, 0x44400000)
   the space 17652K,  75% used [0x19950000, 0x1a65b6d0, 0x1a65b800, 0x1aa8d000)
 Metaspace       used 3306K, capacity 3494K, committed 3520K, reserved 4480K
}
Event: 2.719 GC heap before
{Heap before GC invocations=19 (full 1):
 def new generation   total 8064K, used 8064K [0x04400000, 0x04cb0000, 0x19950000)
  eden space 7232K, 100% used [0x04400000, 0x04b10000, 0x04b10000)
  from space 832K, 100% used [0x04be0000, 0x04cb0000, 0x04cb0000)
  to   space 832K,   0% used [0x04b10000, 0x04b10000, 0x04be0000)
 tenured generation   total 17652K, used 13357K [0x19950000, 0x1aa8d000, 0x44400000)
   the space 17652K,  75% used [0x19950000, 0x1a65b6d0, 0x1a65b800, 0x1aa8d000)
 Metaspace       used 3308K, capacity 3494K, committed 3520K, reserved 4480K
Event: 2.729 GC heap after
Heap after GC invocations=20 (full 1):
 def new generation   total 8064K, used 832K [0x04400000, 0x04cb0000, 0x19950000)
  eden space 7232K,   0% used [0x04400000, 0x04400000, 0x04b10000)
  from space 832K, 100% used [0x04b10000, 0x04be0000, 0x04be0000)
  to   space 832K,   0% used [0x04be0000, 0x04be0000, 0x04cb0000)
 tenured generation   total 17652K, used 14417K [0x19950000, 0x1aa8d000, 0x44400000)
   the space 17652K,  81% used [0x19950000, 0x1a764508, 0x1a764600, 0x1aa8d000)
 Metaspace       used 3308K, capacity 3494K, committed 3520K, reserved 4480K
}
Event: 2.822 GC heap before
{Heap before GC invocations=20 (full 1):
 def new generation   total 8064K, used 8064K [0x04400000, 0x04cb0000, 0x19950000)
  eden space 7232K, 100% used [0x04400000, 0x04b10000, 0x04b10000)
  from space 832K, 100% used [0x04b10000, 0x04be0000, 0x04be0000)
  to   space 832K,   0% used [0x04be0000, 0x04be0000, 0x04cb0000)
 tenured generation   total 17652K, used 14417K [0x19950000, 0x1aa8d000, 0x44400000)
   the space 17652K,  81% used [0x19950000, 0x1a764508, 0x1a764600, 0x1aa8d000)
 Metaspace       used 3312K, capacity 3494K, committed 3520K, reserved 4480K
Event: 2.840 GC heap after
Heap after GC invocations=21 (full 1):
 def new generation   total 8064K, used 832K [0x04400000, 0x04cb0000, 0x19950000)
  eden space 7232K,   0% used [0x04400000, 0x04400000, 0x04b10000)
  from space 832K, 100% used [0x04be0000, 0x04cb0000, 0x04cb0000)
  to   space 832K,   0% used [0x04b10000, 0x04b10000, 0x04be0000)
 tenured generation   total 17652K, used 16462K [0x19950000, 0x1aa8d000, 0x44400000)
   the space 17652K,  93% used [0x19950000, 0x1a963b78, 0x1a963c00, 0x1aa8d000)
 Metaspace       used 3312K, capacity 3494K, committed 3520K, reserved 4480K
}
Event: 3.060 GC heap before
{Heap before GC invocations=21 (full 1):
 def new generation   total 8064K, used 8064K [0x04400000, 0x04cb0000, 0x19950000)
  eden space 7232K, 100% used [0x04400000, 0x04b10000, 0x04b10000)
  from space 832K, 100% used [0x04be0000, 0x04cb0000, 0x04cb0000)
  to   space 832K,   0% used [0x04b10000, 0x04b10000, 0x04be0000)
 tenured generation   total 17652K, used 16462K [0x19950000, 0x1aa8d000, 0x44400000)
   the space 17652K,  93% used [0x19950000, 0x1a963b78, 0x1a963c00, 0x1aa8d000)
 Metaspace       used 3378K, capacity 3558K, committed 3648K, reserved 4480K
Event: 3.184 GC heap after
Heap after GC invocations=22 (full 2):
 def new generation   total 12608K, used 0K [0x04400000, 0x051a0000, 0x19950000)
  eden space 11264K,   0% used [0x04400000, 0x04400000, 0x04f00000)
  from space 1344K,   0% used [0x04f00000, 0x04f00000, 0x05050000)
  to   space 1344K,   0% used [0x05050000, 0x05050000, 0x051a0000)
 tenured generation   total 27820K, used 16689K [0x19950000, 0x1b47b000, 0x44400000)
   the space 27820K,  59% used [0x19950000, 0x1a99c688, 0x1a99c800, 0x1b47b000)
 Metaspace       used 3378K, capacity 3558K, committed 3648K, reserved 4480K
}

Deoptimization events (0 events):
No events

Internal exceptions (2 events):
Event: 0.387 Thread 0x020dbc00 Exception <a 'java/lang/NoSuchMethodError': Method sun.misc.Unsafe.defineClass(Ljava/lang/String;[BII)Ljava/lang/Class; name or signature does not match> (0x04410a08) thrown at [D:\re\workspace\8-2-build-windows-i586-cygwin\jdk8u73\6086\hotspot\src\share\vì6"}j«ÿ?
Event: 0.387 Thread 0x020dbc00 Exception <a 'java/lang/NoSuchMethodError': Method sun.misc.Unsafe.prefetchRead(Ljava/lang/Object;J)V name or signature does not match> (0x04410cd8) thrown at [D:\re\workspace\8-2-build-windows-i586-cygwin\jdk8u73\6086\hotspot\src\share\vm\prims\jni.cpp, l

Events (10 events):
Event: 3.732 loading class com/android/dx/dex/file/DebugInfoEncoder$1
Event: 3.732 loading class com/android/dx/dex/file/DebugInfoEncoder$1 done
Event: 3.733 loading class com/android/dx/dex/file/DebugInfoEncoder$2
Event: 3.733 loading class com/android/dx/dex/file/DebugInfoEncoder$2 done
Event: 3.752 loading class com/android/dex/EncodedValueCodec
Event: 3.752 loading class com/android/dex/EncodedValueCodec done
Event: 3.759 loading class com/android/dx/dex/file/MapItem
Event: 3.759 loading class com/android/dx/dex/file/MapItem done
Event: 3.908 loading class com/android/dex/DexFormat
Event: 3.908 loading class com/android/dex/DexFormat done


Dynamic libraries:
0x00f30000 - 0x00f63000 	C:\Program Files\Java\jdk1.8.0_73\bin\java.exe
0x77bf0000 - 0x77d5a000 	C:\Windows\SYSTEM32\ntdll.dll
0x76db0000 - 0x76eb0000 	C:\Windows\system32\KERNEL32.DLL
0x75450000 - 0x75529000 	C:\Windows\system32\KERNELBASE.dll
0x74360000 - 0x74400000 	C:\Windows\system32\apphelp.dll
0x5ea10000 - 0x5ec76000 	C:\Windows\AppPatch\AcGenral.DLL
0x75960000 - 0x75a23000 	C:\Windows\system32\msvcrt.dll
0x77a50000 - 0x77a91000 	C:\Windows\SYSTEM32\sechost.dll
0x757d0000 - 0x757f3000 	C:\Windows\system32\SspiCli.dll
0x77850000 - 0x77895000 	C:\Windows\system32\SHLWAPI.dll
0x74440000 - 0x7452e000 	C:\Windows\SYSTEM32\UxTheme.dll
0x77100000 - 0x77255000 	C:\Windows\system32\USER32.dll
0x77ad0000 - 0x77be2000 	C:\Windows\system32\GDI32.dll
0x73ce0000 - 0x73d03000 	C:\Windows\SYSTEM32\WINMM.dll
0x70a40000 - 0x70a53000 	C:\Windows\SYSTEM32\samcli.dll
0x77920000 - 0x77a49000 	C:\Windows\system32\ole32.dll
0x758c0000 - 0x75957000 	C:\Windows\system32\OLEAUT32.dll
0x5fa00000 - 0x5fa17000 	C:\Windows\SYSTEM32\MSACM32.dll
0x73aa0000 - 0x73aa8000 	C:\Windows\SYSTEM32\VERSION.dll
0x75a90000 - 0x76d4a000 	C:\Windows\system32\SHELL32.dll
0x74c10000 - 0x74c2b000 	C:\Windows\SYSTEM32\USERENV.dll
0x73d10000 - 0x73d2a000 	C:\Windows\SYSTEM32\dwmapi.dll
0x72bb0000 - 0x72cfc000 	C:\Windows\SYSTEM32\urlmon.dll
0x778a0000 - 0x7791c000 	C:\Windows\system32\ADVAPI32.dll
0x6c730000 - 0x6c795000 	C:\Windows\SYSTEM32\WINSPOOL.DRV
0x6ecb0000 - 0x6ecc6000 	C:\Windows\SYSTEM32\MPR.dll
0x77380000 - 0x77450000 	C:\Windows\system32\RPCRT4.dll
0x77450000 - 0x775cd000 	C:\Windows\SYSTEM32\combase.dll
0x73920000 - 0x73943000 	C:\Windows\SYSTEM32\WINMMBASE.dll
0x753d0000 - 0x753df000 	C:\Windows\SYSTEM32\profapi.dll
0x72d20000 - 0x72f54000 	C:\Windows\SYSTEM32\iertutil.dll
0x72590000 - 0x727ed000 	C:\Windows\SYSTEM32\WININET.dll
0x75750000 - 0x7578c000 	C:\Windows\SYSTEM32\cfgmgr32.dll
0x74570000 - 0x74591000 	C:\Windows\SYSTEM32\DEVOBJ.dll
0x76eb0000 - 0x76f3b000 	C:\Windows\system32\SHCORE.DLL
0x77aa0000 - 0x77ac6000 	C:\Windows\system32\IMM32.DLL
0x77260000 - 0x77372000 	C:\Windows\system32\MSCTF.dll
0x73ad0000 - 0x73cd6000 	C:\Windows\WinSxS\x86_microsoft.windows.common-controls_6595b64144ccf1df_6.0.9600.18006_none_a9ec6aab013aafee\COMCTL32.dll
0x5ee60000 - 0x5ef1f000 	C:\Program Files\Java\jdk1.8.0_73\jre\bin\msvcr100.dll
0x5e640000 - 0x5ea08000 	C:\Program Files\Java\jdk1.8.0_73\jre\bin\client\jvm.dll
0x6d100000 - 0x6d108000 	C:\Windows\SYSTEM32\WSOCK32.dll
0x77740000 - 0x77746000 	C:\Windows\system32\PSAPI.DLL
0x77750000 - 0x7779f000 	C:\Windows\system32\WS2_32.dll
0x777a0000 - 0x777a7000 	C:\Windows\system32\NSI.dll
0x609a0000 - 0x609ac000 	C:\Program Files\Java\jdk1.8.0_73\jre\bin\verify.dll
0x60970000 - 0x60991000 	C:\Program Files\Java\jdk1.8.0_73\jre\bin\java.dll
0x60950000 - 0x60963000 	C:\Program Files\Java\jdk1.8.0_73\jre\bin\zip.dll

VM Arguments:
jvm_args: -Djava.awt.headless=true -Xmx1024M -Dfile.encoding=windows-1251 -Duser.country=US -Duser.language=en -Duser.variant 
java_command: com.android.dx.command.Main --dex --force-jumbo --num-threads=4 --multi-dex --output C:\Users\Admin\Desktop\hobby\app\build\intermediates\transforms\dex\debug\folders\1000\5\slice_7 C:\Users\Admin\Desktop\hobby\app\build\intermediates\transforms\instantRunSlicer\debug\folders\1\5\slice_7
java_class_path (initial): C:\Users\Admin\AppData\Local\Android\sdk\build-tools\24.0.2\lib\dx.jar
Launcher Type: SUN_STANDARD

Environment Variables:
JAVA_HOME=c:\Program Files\Java\jdk1.8.0_73\
PATH=C:\Program Files\Borland\Delphi7\Bin;C:\Program Files\Borland\Delphi7\Projects\Bpl\;C:\ProgramData\Oracle\Java\javapath;C:\Windows\system32;C:\Windows;C:\Windows\System32\Wbem;C:\Windows\System32\WindowsPowerShell\v1.0\;C:\Program Files\TortoiseGit\bin;C:\Program Files\QuickTime\QTSystem\;c:\Python27\;c:\Python27\Scripts\;c:\Program Files\Java\jdk1.8.0_73\bin\;c:\Program Files\Java\jdk1.8.0_73\lib\;c:\openssl\bin\;C:\Program Files\Git\cmd;C:\Program Files\Skype\Phone\
USERNAME=Admin
OS=Windows_NT
PROCESSOR_IDENTIFIER=x86 Family 6 Model 37 Stepping 2, GenuineIntel



---------------  S Y S T E M  ---------------

OS:Failed to allocate version_info

CPU:total 4 (2 cores per cpu, 2 threads per core) family 6 model 37 stepping 2, cmov, cx8, fxsr, mmx, sse, sse2, sse3, ssse3, sse4.1, sse4.2, popcnt, ht, tsc, tscinvbit

Memory: 4k page, physical 2546360k(77964k free), swap 5692088k(5036k free)

vm_info: Java HotSpot(TM) Client VM (25.73-b02) for windows-x86 JRE (1.8.0_73-b02), built on Jan 29 2016 17:05:52 by "java_re" with MS VC++ 10.0 (VS2010)

time: Thu Mar 23 17:05:54 2017
elapsed time: 4 seconds (0d 0h 0m 4s)

