#
# There is insufficient memory for the Java Runtime Environment to continue.
# Native memory allocation (malloc) failed to allocate 32756 bytes for ChunkPool::allocate
# Possible reasons:
#   The system is out of physical RAM or swap space
#   In 32 bit mode, the process size limit was hit
# Possible solutions:
#   Reduce memory load on the system
#   Increase physical memory or swap space
#   Check if swap backing store is full
#   Use 64 bit Java on a 64 bit OS
#   Decrease Java heap size (-Xmx/-Xms)
#   Decrease number of Java threads
#   Decrease Java thread stack sizes (-Xss)
#   Set larger code cache with -XX:ReservedCodeCacheSize=
# This output file may be truncated or incomplete.
#
#  Out of Memory Error (allocation.cpp:273), pid=7512, tid=776
#
# JRE version: Java(TM) SE Runtime Environment (8.0_73-b02) (build 1.8.0_73-b02)
# Java VM: Java HotSpot(TM) Client VM (25.73-b02 mixed mode windows-x86 )
# Failed to write core dump. Minidumps are not enabled by default on client versions of Windows
#

---------------  T H R E A D  ---------------

Current thread (0x4448cc00):  JavaThread "C1 CompilerThread0" daemon [_thread_in_native, id=776, stack(0x44660000,0x446b0000)]

Stack: [0x44660000,0x446b0000],  sp=0x446af1bc,  free space=316k
Native frames: (J=compiled Java code, j=interpreted, Vv=VM code, C=native code)
V  [jvm.dll+0x1a7f9b]
V  [jvm.dll+0x1a0888]
V  [jvm.dll+0x8b771]
V  [jvm.dll+0x8b94d]
V  [jvm.dll+0x8bdc7]
V  [jvm.dll+0x1cdaa1]
V  [jvm.dll+0x2a8da1]
V  [jvm.dll+0x1de6c1]
V  [jvm.dll+0x288dde]
V  [jvm.dll+0x2a86ea]
V  [jvm.dll+0x296966]
V  [jvm.dll+0x2869af]
V  [jvm.dll+0x286d49]
V  [jvm.dll+0x286e1a]
V  [jvm.dll+0x286f88]
V  [jvm.dll+0x287202]
V  [jvm.dll+0x6f4ea]
V  [jvm.dll+0x6fc9f]
V  [jvm.dll+0x17c03c]
V  [jvm.dll+0x17c12a]
V  [jvm.dll+0x1c0636]
C  [msvcr100.dll+0x5c556]
C  [msvcr100.dll+0x5c600]
C  [KERNEL32.DLL+0x4198]
C  [ntdll.dll+0x52cb1]
C  [ntdll.dll+0x52c7f]
C  0x00000000


Current CompileTask:
C1:   5927 1297             com.android.dx.dex.file.CodeItem::writeTo0 (489 bytes)


---------------  P R O C E S S  ---------------

Java Threads: ( => current thread )
  0x445d5400 JavaThread "pool-1-thread-1" [_thread_in_Java, id=8088, stack(0x44750000,0x447a0000)]
  0x444a2c00 JavaThread "Service Thread" daemon [_thread_blocked, id=6596, stack(0x446b0000,0x44700000)]
=>0x4448cc00 JavaThread "C1 CompilerThread0" daemon [_thread_in_native, id=776, stack(0x44660000,0x446b0000)]
  0x4448bc00 JavaThread "Attach Listener" daemon [_thread_blocked, id=7548, stack(0x01260000,0x012b0000)]
  0x44489000 JavaThread "Signal Dispatcher" daemon [_thread_blocked, id=4356, stack(0x01210000,0x01260000)]
  0x44466800 JavaThread "Finalizer" daemon [_thread_blocked, id=2136, stack(0x011c0000,0x01210000)]
  0x00d7e800 JavaThread "Reference Handler" daemon [_thread_blocked, id=6636, stack(0x01170000,0x011c0000)]
  0x00dfbc00 JavaThread "main" [_thread_blocked, id=7716, stack(0x00b90000,0x00be0000)]

Other Threads:
  0x00d7c800 VMThread [stack: 0x00d80000,0x00dd0000] [id=3900]
  0x444b3800 WatcherThread [stack: 0x44700000,0x44750000] [id=5448]

VM state:not at safepoint (normal execution)

VM Mutex/Monitor currently owned by a thread: None

Heap:
 def new generation   total 13824K, used 13083K [0x04000000, 0x04f00000, 0x19550000)
  eden space 12288K,  93% used [0x04000000, 0x04b46ff0, 0x04c00000)
  from space 1536K, 100% used [0x04d80000, 0x04f00000, 0x04f00000)
  to   space 1536K,   0% used [0x04c00000, 0x04c00000, 0x04d80000)
 tenured generation   total 30608K, used 26268K [0x19550000, 0x1b334000, 0x44000000)
   the space 30608K,  85% used [0x19550000, 0x1aef70a0, 0x1aef7200, 0x1b334000)
 Metaspace       used 3485K, capacity 3558K, committed 3648K, reserved 4480K

Card table byte_map: [0x00e00000,0x01010000] byte_map_base: 0x00de0000

Polling page: 0x00980000

CodeCache: size=32768Kb used=2905Kb max_used=2905Kb free=29862Kb
 bounds [0x01ef0000, 0x021c8000, 0x03ef0000]
 total_blobs=1439 nmethods=1294 adapters=75
 compilation: enabled

Compilation events (10 events):
Event: 5.856 Thread 0x4448cc00 nmethod 1292 0x021c45c8 code [0x021c4730, 0x021c4964]
Event: 5.858 Thread 0x4448cc00 1293   !         com.android.dx.dex.file.OffsettedItem::writeTo (72 bytes)
Event: 5.859 Thread 0x4448cc00 nmethod 1293 0x021c4d08 code [0x021c4ec0, 0x021c5314]
Event: 5.859 Thread 0x4448cc00 1294             com.android.dx.util.ByteArrayAnnotatedOutput::assertCursor (48 bytes)
Event: 5.860 Thread 0x4448cc00 nmethod 1294 0x021c58c8 code [0x021c5a20, 0x021c5ce8]
Event: 5.861 Thread 0x4448cc00 1295             com.android.dx.rop.code.RegisterSpecList::getWordCount (33 bytes)
Event: 5.862 Thread 0x4448cc00 nmethod 1295 0x021c5f48 code [0x021c6070, 0x021c61b4]
Event: 5.866 Thread 0x4448cc00 1296             com.android.dx.dex.code.form.Form21c::writeTo (34 bytes)
Event: 5.866 Thread 0x4448cc00 nmethod 1296 0x021c63c8 code [0x021c6510, 0x021c66dc]
Event: 5.871 Thread 0x4448cc00 1297             com.android.dx.dex.file.CodeItem::writeTo0 (489 bytes)

GC Heap History (10 events):
Event: 3.075 GC heap before
{Heap before GC invocations=28 (full 2):
 def new generation   total 13824K, used 12288K [0x04000000, 0x04f00000, 0x19550000)
  eden space 12288K, 100% used [0x04000000, 0x04c00000, 0x04c00000)
  from space 1536K,   0% used [0x04c00000, 0x04c00000, 0x04d80000)
  to   space 1536K,   0% used [0x04d80000, 0x04d80000, 0x04f00000)
 tenured generation   total 30608K, used 18362K [0x19550000, 0x1b334000, 0x44000000)
   the space 30608K,  59% used [0x19550000, 0x1a73ea20, 0x1a73ec00, 0x1b334000)
 Metaspace       used 3387K, capacity 3462K, committed 3520K, reserved 4480K
Event: 3.088 GC heap after
Heap after GC invocations=29 (full 2):
 def new generation   total 13824K, used 1536K [0x04000000, 0x04f00000, 0x19550000)
  eden space 12288K,   0% used [0x04000000, 0x04000000, 0x04c00000)
  from space 1536K, 100% used [0x04d80000, 0x04f00000, 0x04f00000)
  to   space 1536K,   0% used [0x04c00000, 0x04c00000, 0x04d80000)
 tenured generation   total 30608K, used 18896K [0x19550000, 0x1b334000, 0x44000000)
   the space 30608K,  61% used [0x19550000, 0x1a7c4168, 0x1a7c4200, 0x1b334000)
 Metaspace       used 3387K, capacity 3462K, committed 3520K, reserved 4480K
}
Event: 3.136 GC heap before
{Heap before GC invocations=29 (full 2):
 def new generation   total 13824K, used 13824K [0x04000000, 0x04f00000, 0x19550000)
  eden space 12288K, 100% used [0x04000000, 0x04c00000, 0x04c00000)
  from space 1536K, 100% used [0x04d80000, 0x04f00000, 0x04f00000)
  to   space 1536K,   0% used [0x04c00000, 0x04c00000, 0x04d80000)
 tenured generation   total 30608K, used 18896K [0x19550000, 0x1b334000, 0x44000000)
   the space 30608K,  61% used [0x19550000, 0x1a7c4168, 0x1a7c4200, 0x1b334000)
 Metaspace       used 3387K, capacity 3462K, committed 3520K, reserved 4480K
Event: 3.153 GC heap after
Heap after GC invocations=30 (full 2):
 def new generation   total 13824K, used 1535K [0x04000000, 0x04f00000, 0x19550000)
  eden space 12288K,   0% used [0x04000000, 0x04000000, 0x04c00000)
  from space 1536K,  99% used [0x04c00000, 0x04d7fff8, 0x04d80000)
  to   space 1536K,   0% used [0x04d80000, 0x04d80000, 0x04f00000)
 tenured generation   total 30608K, used 20421K [0x19550000, 0x1b334000, 0x44000000)
   the space 30608K,  66% used [0x19550000, 0x1a9416b0, 0x1a941800, 0x1b334000)
 Metaspace       used 3387K, capacity 3462K, committed 3520K, reserved 4480K
}
Event: 3.225 GC heap before
{Heap before GC invocations=30 (full 2):
 def new generation   total 13824K, used 13823K [0x04000000, 0x04f00000, 0x19550000)
  eden space 12288K, 100% used [0x04000000, 0x04c00000, 0x04c00000)
  from space 1536K,  99% used [0x04c00000, 0x04d7fff8, 0x04d80000)
  to   space 1536K,   0% used [0x04d80000, 0x04d80000, 0x04f00000)
 tenured generation   total 30608K, used 20421K [0x19550000, 0x1b334000, 0x44000000)
   the space 30608K,  66% used [0x19550000, 0x1a9416b0, 0x1a941800, 0x1b334000)
 Metaspace       used 3387K, capacity 3462K, committed 3520K, reserved 4480K
Event: 3.246 GC heap after
Heap after GC invocations=31 (full 2):
 def new generation   total 13824K, used 1536K [0x04000000, 0x04f00000, 0x19550000)
  eden space 12288K,   0% used [0x04000000, 0x04000000, 0x04c00000)
  from space 1536K, 100% used [0x04d80000, 0x04f00000, 0x04f00000)
  to   space 1536K,   0% used [0x04c00000, 0x04c00000, 0x04d80000)
 tenured generation   total 30608K, used 22592K [0x19550000, 0x1b334000, 0x44000000)
   the space 30608K,  73% used [0x19550000, 0x1ab60100, 0x1ab60200, 0x1b334000)
 Metaspace       used 3387K, capacity 3462K, committed 3520K, reserved 4480K
}
Event: 3.324 GC heap before
{Heap before GC invocations=31 (full 2):
 def new generation   total 13824K, used 13824K [0x04000000, 0x04f00000, 0x19550000)
  eden space 12288K, 100% used [0x04000000, 0x04c00000, 0x04c00000)
  from space 1536K, 100% used [0x04d80000, 0x04f00000, 0x04f00000)
  to   space 1536K,   0% used [0x04c00000, 0x04c00000, 0x04d80000)
 tenured generation   total 30608K, used 22592K [0x19550000, 0x1b334000, 0x44000000)
   the space 30608K,  73% used [0x19550000, 0x1ab60100, 0x1ab60200, 0x1b334000)
 Metaspace       used 3391K, capacity 3462K, committed 3520K, reserved 4480K
Event: 3.344 GC heap after
Heap after GC invocations=32 (full 2):
 def new generation   total 13824K, used 1535K [0x04000000, 0x04f00000, 0x19550000)
  eden space 12288K,   0% used [0x04000000, 0x04000000, 0x04c00000)
  from space 1536K,  99% used [0x04c00000, 0x04d7fff8, 0x04d80000)
  to   space 1536K,   0% used [0x04d80000, 0x04d80000, 0x04f00000)
 tenured generation   total 30608K, used 24533K [0x19550000, 0x1b334000, 0x44000000)
   the space 30608K,  80% used [0x19550000, 0x1ad45470, 0x1ad45600, 0x1b334000)
 Metaspace       used 3391K, capacity 3462K, committed 3520K, reserved 4480K
}
Event: 3.380 GC heap before
{Heap before GC invocations=32 (full 2):
 def new generation   total 13824K, used 13823K [0x04000000, 0x04f00000, 0x19550000)
  eden space 12288K, 100% used [0x04000000, 0x04c00000, 0x04c00000)
  from space 1536K,  99% used [0x04c00000, 0x04d7fff8, 0x04d80000)
  to   space 1536K,   0% used [0x04d80000, 0x04d80000, 0x04f00000)
 tenured generation   total 30608K, used 24533K [0x19550000, 0x1b334000, 0x44000000)
   the space 30608K,  80% used [0x19550000, 0x1ad45470, 0x1ad45600, 0x1b334000)
 Metaspace       used 3391K, capacity 3462K, committed 3520K, reserved 4480K
Event: 3.399 GC heap after
Heap after GC invocations=33 (full 2):
 def new generation   total 13824K, used 1536K [0x04000000, 0x04f00000, 0x19550000)
  eden space 12288K,   0% used [0x04000000, 0x04000000, 0x04c00000)
  from space 1536K, 100% used [0x04d80000, 0x04f00000, 0x04f00000)
  to   space 1536K,   0% used [0x04c00000, 0x04c00000, 0x04d80000)
 tenured generation   total 30608K, used 26268K [0x19550000, 0x1b334000, 0x44000000)
   the space 30608K,  85% used [0x19550000, 0x1aef70a0, 0x1aef7200, 0x1b334000)
 Metaspace       used 3391K, capacity 3462K, committed 3520K, reserved 4480K
}

Deoptimization events (0 events):
No events

Internal exceptions (2 events):
Event: 0.434 Thread 0x00dfbc00 Exception <a 'java/lang/NoSuchMethodError': Method sun.misc.Unsafe.defineClass(Ljava/lang/String;[BII)Ljava/lang/Class; name or signature does not match> (0x04010a08) thrown at [D:\re\workspace\8-2-build-windows-i586-cygwin\jdk8u73\6086\hotspot\src\share\vï{fg≈€?
Event: 0.434 Thread 0x00dfbc00 Exception <a 'java/lang/NoSuchMethodError': Method sun.misc.Unsafe.prefetchRead(Ljava/lang/Object;J)V name or signature does not match> (0x04010cd8) thrown at [D:\re\workspace\8-2-build-windows-i586-cygwin\jdk8u73\6086\hotspot\src\share\vm\prims\jni.cpp, l

Events (10 events):
Event: 4.586 loading class com/android/dx/rop/code/RegisterSpecList$Expander
Event: 4.586 loading class com/android/dx/rop/code/RegisterSpecList$Expander done
Event: 4.602 Executing VM operation: EnableBiasedLocking
Event: 4.602 Executing VM operation: EnableBiasedLocking done
Event: 5.077 loading class com/android/dex/EncodedValueCodec
Event: 5.077 loading class com/android/dex/EncodedValueCodec done
Event: 5.386 loading class com/android/dx/dex/file/MapItem
Event: 5.386 loading class com/android/dx/dex/file/MapItem done
Event: 5.498 loading class com/android/dex/DexFormat
Event: 5.498 loading class com/android/dex/DexFormat done


Dynamic libraries:
0x012b0000 - 0x012e3000 	C:\Program Files\Java\jdk1.8.0_73\bin\java.exe
0x77990000 - 0x77afa000 	C:\Windows\SYSTEM32\ntdll.dll
0x774d0000 - 0x775d0000 	C:\Windows\system32\KERNEL32.DLL
0x754c0000 - 0x75599000 	C:\Windows\system32\KERNELBASE.dll
0x74100000 - 0x741a0000 	C:\Windows\system32\apphelp.dll
0x617a0000 - 0x61a06000 	C:\Windows\AppPatch\AcGenral.DLL
0x75cb0000 - 0x75d73000 	C:\Windows\system32\msvcrt.dll
0x77740000 - 0x77781000 	C:\Windows\SYSTEM32\sechost.dll
0x75490000 - 0x754b3000 	C:\Windows\system32\SspiCli.dll
0x77410000 - 0x77455000 	C:\Windows\system32\SHLWAPI.dll
0x741e0000 - 0x742ce000 	C:\Windows\SYSTEM32\UxTheme.dll
0x75630000 - 0x75785000 	C:\Windows\system32\USER32.dll
0x75d80000 - 0x75e92000 	C:\Windows\system32\GDI32.dll
0x73a80000 - 0x73aa3000 	C:\Windows\SYSTEM32\WINMM.dll
0x70440000 - 0x70453000 	C:\Windows\SYSTEM32\samcli.dll
0x77790000 - 0x778b9000 	C:\Windows\system32\ole32.dll
0x75af0000 - 0x75b87000 	C:\Windows\system32\OLEAUT32.dll
0x54f30000 - 0x54f47000 	C:\Windows\SYSTEM32\MSACM32.dll
0x73840000 - 0x73848000 	C:\Windows\SYSTEM32\VERSION.dll
0x75f40000 - 0x771fa000 	C:\Windows\system32\SHELL32.dll
0x749a0000 - 0x749bb000 	C:\Windows\SYSTEM32\USERENV.dll
0x73ab0000 - 0x73aca000 	C:\Windows\SYSTEM32\dwmapi.dll
0x72780000 - 0x728cc000 	C:\Windows\SYSTEM32\urlmon.dll
0x75ea0000 - 0x75f1c000 	C:\Windows\system32\ADVAPI32.dll
0x6c5b0000 - 0x6c615000 	C:\Windows\SYSTEM32\WINSPOOL.DRV
0x6f1e0000 - 0x6f1f6000 	C:\Windows\SYSTEM32\MPR.dll
0x75790000 - 0x75860000 	C:\Windows\system32\RPCRT4.dll
0x77290000 - 0x7740d000 	C:\Windows\SYSTEM32\combase.dll
0x736c0000 - 0x736e3000 	C:\Windows\SYSTEM32\WINMMBASE.dll
0x75170000 - 0x7517f000 	C:\Windows\SYSTEM32\profapi.dll
0x728d0000 - 0x72b04000 	C:\Windows\SYSTEM32\iertutil.dll
0x72300000 - 0x7255d000 	C:\Windows\SYSTEM32\WININET.dll
0x751f0000 - 0x7522c000 	C:\Windows\SYSTEM32\cfgmgr32.dll
0x74310000 - 0x74331000 	C:\Windows\SYSTEM32\DEVOBJ.dll
0x77200000 - 0x7728b000 	C:\Windows\system32\SHCORE.DLL
0x75900000 - 0x75926000 	C:\Windows\system32\IMM32.DLL
0x75b90000 - 0x75ca2000 	C:\Windows\system32\MSCTF.dll
0x73870000 - 0x73a76000 	C:\Windows\WinSxS\x86_microsoft.windows.common-controls_6595b64144ccf1df_6.0.9600.18006_none_a9ec6aab013aafee\COMCTL32.dll
0x624b0000 - 0x6256f000 	C:\Program Files\Java\jdk1.8.0_73\jre\bin\msvcr100.dll
0x6d090000 - 0x6d458000 	C:\Program Files\Java\jdk1.8.0_73\jre\bin\client\jvm.dll
0x6bce0000 - 0x6bce8000 	C:\Windows\SYSTEM32\WSOCK32.dll
0x778c0000 - 0x778c6000 	C:\Windows\system32\PSAPI.DLL
0x77480000 - 0x774cf000 	C:\Windows\system32\WS2_32.dll
0x77470000 - 0x77477000 	C:\Windows\system32\NSI.dll
0x6dc00000 - 0x6dc0c000 	C:\Program Files\Java\jdk1.8.0_73\jre\bin\verify.dll
0x6dbd0000 - 0x6dbf1000 	C:\Program Files\Java\jdk1.8.0_73\jre\bin\java.dll
0x6dbb0000 - 0x6dbc3000 	C:\Program Files\Java\jdk1.8.0_73\jre\bin\zip.dll
0x6dd30000 - 0x6de71000 	C:\Windows\SYSTEM32\dbghelp.dll

VM Arguments:
jvm_args: -Djava.awt.headless=true -Xmx1024M -Dfile.encoding=windows-1251 -Duser.country=RU -Duser.language=ru -Duser.variant 
java_command: com.android.dx.command.Main --dex --force-jumbo --num-threads=4 --multi-dex --output C:\Users\Admin\Desktop\hobby\app\build\intermediates\transforms\dex\debug\folders\1000\10\com.google.firebase-firebase-database-10.2.4_e09fbbd6eff893509ce141ecc9d2e967cca5a718 C:\Users\Admin\Desktop\hobby\app\build\intermediates\exploded-aar\com.google.firebase\firebase-database\10.2.4\jars\classes.jar
java_class_path (initial): C:\Users\Admin\AppData\Local\Android\sdk\build-tools\23.0.2\lib\dx.jar
Launcher Type: SUN_STANDARD

Environment Variables:
JAVA_HOME=c:\Program Files\Java\jdk1.8.0_73\
PATH=C:\ProgramData\Oracle\Java\javapath;C:\Windows\system32;C:\Windows;C:\Windows\System32\Wbem;C:\Windows\System32\WindowsPowerShell\v1.0\;C:\Program Files\TortoiseGit\bin;C:\Program Files\QuickTime\QTSystem\;c:\Python27\;c:\Python27\Scripts\;c:\Program Files\Java\jdk1.8.0_73\bin\;c:\Program Files\Java\jdk1.8.0_73\lib\;c:\openssl\bin\;C:\Program Files\Git\cmd;C:\Program Files\Skype\Phone\;C:\Program Files\nodejs\;C:\Users\Admin\AppData\Roaming\npm
USERNAME=Admin
OS=Windows_NT
PROCESSOR_IDENTIFIER=x86 Family 6 Model 37 Stepping 2, GenuineIntel



---------------  S Y S T E M  ---------------

OS: Windows 8.1 Build 9600 (6.3.9600.17415)

CPU:total 4 (2 cores per cpu, 2 threads per core) family 6 model 37 stepping 2, cmov, cx8, fxsr, mmx, sse, sse2, sse3, ssse3, sse4.1, sse4.2, popcnt, ht, tsc, tscinvbit

Memory: 4k page, physical 2546360k(107488k free), swap 5692088k(5060k free)

vm_info: Java HotSpot(TM) Client VM (25.73-b02) for windows-x86 JRE (1.8.0_73-b02), built on Jan 29 2016 17:05:52 by "java_re" with MS VC++ 10.0 (VS2010)

time: Fri May 19 17:39:18 2017
elapsed time: 5 seconds (0d 0h 0m 5s)

