#
# There is insufficient memory for the Java Runtime Environment to continue.
# Native memory allocation (malloc) failed to allocate 4092 bytes for AllocateHeap
# Possible reasons:
#   The system is out of physical RAM or swap space
#   In 32 bit mode, the process size limit was hit
# Possible solutions:
#   Reduce memory load on the system
#   Increase physical memory or swap space
#   Check if swap backing store is full
#   Use 64 bit Java on a 64 bit OS
#   Decrease Java heap size (-Xmx/-Xms)
#   Decrease number of Java threads
#   Decrease Java thread stack sizes (-Xss)
#   Set larger code cache with -XX:ReservedCodeCacheSize=
# This output file may be truncated or incomplete.
#
#  Out of Memory Error (memory/allocation.inline.hpp:61), pid=2760, tid=5372
#
# JRE version: Java(TM) SE Runtime Environment (8.0_73-b02) (build 1.8.0_73-b02)
# Java VM: Java HotSpot(TM) Client VM (25.73-b02 mixed mode windows-x86 )
# Failed to write core dump. Minidumps are not enabled by default on client versions of Windows
#

---------------  T H R E A D  ---------------

Current thread (0x01e8c800):  VMThread [stack: 0x01cc0000,0x01d10000] [id=5372]

Stack: [0x01cc0000,0x01d10000],  sp=0x01d0dd04,  free space=311k
Native frames: (J=compiled Java code, j=interpreted, Vv=VM code, C=native code)
V  [jvm.dll+0x1a7f9b]
V  [jvm.dll+0x1bef80]
V  [jvm.dll+0x1c0648]
C  [msvcr100.dll+0x5c556]
C  [msvcr100.dll+0x5c600]
C  [KERNEL32.DLL+0x4198]
C  [ntdll.dll+0x52cb1]
C  [ntdll.dll+0x52c7f]

VM_Operation (0x44cbee08): GenCollectForAllocation, mode: safepoint, requested by thread 0x447fa000


---------------  P R O C E S S  ---------------

Java Threads: ( => current thread )
  0x447fa000 JavaThread "pool-2-thread-4" [_thread_blocked, id=5648, stack(0x44c70000,0x44cc0000)]
  0x447ee800 JavaThread "pool-2-thread-3" [_thread_blocked, id=632, stack(0x44c20000,0x44c70000)]
  0x447ee000 JavaThread "pool-2-thread-2" [_thread_blocked, id=3552, stack(0x44bd0000,0x44c20000)]
  0x447e9000 JavaThread "pool-3-thread-1" [_thread_blocked, id=3412, stack(0x44b80000,0x44bd0000)]
  0x447e8c00 JavaThread "pool-2-thread-1" [_thread_blocked, id=3352, stack(0x44b30000,0x44b80000)]
  0x446bec00 JavaThread "Service Thread" daemon [_thread_blocked, id=4680, stack(0x44a90000,0x44ae0000)]
  0x4469cc00 JavaThread "C1 CompilerThread0" daemon [_thread_blocked, id=3188, stack(0x44a40000,0x44a90000)]
  0x4469c000 JavaThread "Attach Listener" daemon [_thread_blocked, id=4228, stack(0x449f0000,0x44a40000)]
  0x44699000 JavaThread "Signal Dispatcher" daemon [_thread_blocked, id=2984, stack(0x449a0000,0x449f0000)]
  0x44676c00 JavaThread "Finalizer" daemon [_thread_blocked, id=5620, stack(0x44870000,0x448c0000)]
  0x01e8ec00 JavaThread "Reference Handler" daemon [_thread_blocked, id=2768, stack(0x01d10000,0x01d60000)]
  0x01cbbc00 JavaThread "main" [_thread_blocked, id=4656, stack(0x01be0000,0x01c30000)]

Other Threads:
=>0x01e8c800 VMThread [stack: 0x01cc0000,0x01d10000] [id=5372]
  0x446cb800 WatcherThread [stack: 0x44ae0000,0x44b30000] [id=3768]

VM state:at safepoint (normal execution)

VM Mutex/Monitor currently owned by a thread:  ([mutex/lock_event])
[0x01cba728] Threads_lock - owner thread: 0x01e8c800
[0x01cbaed0] Heap_lock - owner thread: 0x447fa000

Heap:
 def new generation   total 42496K, used 42496K [0x04000000, 0x06e10000, 0x19550000)
  eden space 37824K, 100% used [0x04000000, 0x064f0000, 0x064f0000)
  from space 4672K, 100% used [0x06980000, 0x06e10000, 0x06e10000)
  to   space 4672K, 100% used [0x064f0000, 0x06980000, 0x06980000)
 tenured generation   total 173828K, used 173702K [0x19550000, 0x23f11000, 0x44000000)
   the space 173828K,  99% used [0x19550000, 0x23ef1888, 0x23ef1a00, 0x23f11000)
 Metaspace       used 3450K, capacity 3494K, committed 3520K, reserved 4480K

Card table byte_map: [0x44000000,0x44210000] byte_map_base: 0x43fe0000

Polling page: 0x00cc0000

CodeCache: size=32768Kb used=2686Kb max_used=2686Kb free=30081Kb
 bounds [0x01e90000, 0x02130000, 0x03e90000]
 total_blobs=1270 nmethods=1125 adapters=75
 compilation: enabled

Compilation events (10 events):
Event: 7.642 Thread 0x4469cc00 nmethod 1124 0x0212b548 code [0x0212b650, 0x0212b73c]
Event: 7.642 Thread 0x4469cc00 1125             com.android.dx.util.BitIntSet$1::<init> (25 bytes)
Event: 7.643 Thread 0x4469cc00 nmethod 1125 0x0212b7c8 code [0x0212b8d0, 0x0212b98c]
Event: 7.651 Thread 0x4469cc00 1126             com.android.dx.ssa.back.InterferenceGraph::add (46 bytes)
Event: 7.651 Thread 0x4469cc00 nmethod 1126 0x0212ba48 code [0x0212bbc0, 0x0212bec4]
Event: 7.727 Thread 0x4469cc00 1127 %           com.android.dx.ssa.SsaConverter::placePhiFunctions @ 103 (394 bytes)
Event: 7.732 Thread 0x4469cc00 nmethod 1127% 0x0212c308 code [0x0212c650, 0x0212d83c]
Event: 7.733 Thread 0x4469cc00 1128 %           com.android.dx.ssa.SsaConverter::placePhiFunctions @ 131 (394 bytes)
Event: 7.740 Thread 0x4469cc00 

Event: 7.740 Thread 0x4469cc00 1129             com.android.dx.ssa.SsaConverter::placePhiFunctions (394 bytes)

GC Heap History (10 events):
Event: 6.740 GC heap after
Heap after GC invocations=34 (full 5):
 def new generation   total 42496K, used 4644K [0x04000000, 0x06e10000, 0x19550000)
  eden space 37824K,  12% used [0x04000000, 0x044890b8, 0x064f0000)
  from space 4672K,   0% used [0x064f0000, 0x064f0000, 0x06980000)
  to   space 4672K,   0% used [0x06980000, 0x06980000, 0x06e10000)
 tenured generation   total 167036K, used 100220K [0x19550000, 0x2386f000, 0x44000000)
   the space 167036K,  59% used [0x19550000, 0x1f72f238, 0x1f72f400, 0x2386f000)
 Metaspace       used 3446K, capacity 3462K, committed 3520K, reserved 4480K
}
Event: 6.998 GC heap before
{Heap before GC invocations=34 (full 5):
 def new generation   total 42496K, used 37823K [0x04000000, 0x06e10000, 0x19550000)
  eden space 37824K,  99% used [0x04000000, 0x064efe18, 0x064f0000)
  from space 4672K,   0% used [0x064f0000, 0x064f0000, 0x06980000)
  to   space 4672K,   0% used [0x06980000, 0x06980000, 0x06e10000)
 tenured generation   total 167036K, used 100220K [0x19550000, 0x2386f000, 0x44000000)
   the space 167036K,  59% used [0x19550000, 0x1f72f238, 0x1f72f400, 0x2386f000)
 Metaspace       used 3446K, capacity 3462K, committed 3520K, reserved 4480K
Event: 7.113 GC heap after
Heap after GC invocations=35 (full 5):
 def new generation   total 42496K, used 4672K [0x04000000, 0x06e10000, 0x19550000)
  eden space 37824K,   0% used [0x04000000, 0x04000000, 0x064f0000)
  from space 4672K, 100% used [0x06980000, 0x06e10000, 0x06e10000)
  to   space 4672K,   0% used [0x064f0000, 0x064f0000, 0x06980000)
 tenured generation   total 167036K, used 118617K [0x19550000, 0x2386f000, 0x44000000)
   the space 167036K,  71% used [0x19550000, 0x209266a8, 0x20926800, 0x2386f000)
 Metaspace       used 3446K, capacity 3462K, committed 3520K, reserved 4480K
}
Event: 7.135 GC heap before
{Heap before GC invocations=35 (full 5):
 def new generation   total 42496K, used 42496K [0x04000000, 0x06e10000, 0x19550000)
  eden space 37824K, 100% used [0x04000000, 0x064f0000, 0x064f0000)
  from space 4672K, 100% used [0x06980000, 0x06e10000, 0x06e10000)
  to   space 4672K,   0% used [0x064f0000, 0x064f0000, 0x06980000)
 tenured generation   total 167036K, used 118617K [0x19550000, 0x2386f000, 0x44000000)
   the space 167036K,  71% used [0x19550000, 0x209266a8, 0x20926800, 0x2386f000)
 Metaspace       used 3446K, capacity 3462K, committed 3520K, reserved 4480K
Event: 7.200 GC heap after
Heap after GC invocations=36 (full 5):
 def new generation   total 42496K, used 4671K [0x04000000, 0x06e10000, 0x19550000)
  eden space 37824K,   0% used [0x04000000, 0x04000000, 0x064f0000)
  from space 4672K,  99% used [0x064f0000, 0x0697fff8, 0x06980000)
  to   space 4672K,   0% used [0x06980000, 0x06980000, 0x06e10000)
 tenured generation   total 167036K, used 142392K [0x19550000, 0x2386f000, 0x44000000)
   the space 167036K,  85% used [0x19550000, 0x2205e160, 0x2205e200, 0x2386f000)
 Metaspace       used 3446K, capacity 3462K, committed 3520K, reserved 4480K
}
Event: 7.524 GC heap before
{Heap before GC invocations=36 (full 5):
 def new generation   total 42496K, used 42495K [0x04000000, 0x06e10000, 0x19550000)
  eden space 37824K, 100% used [0x04000000, 0x064f0000, 0x064f0000)
  from space 4672K,  99% used [0x064f0000, 0x0697fff8, 0x06980000)
  to   space 4672K,   0% used [0x06980000, 0x06980000, 0x06e10000)
 tenured generation   total 167036K, used 142392K [0x19550000, 0x2386f000, 0x44000000)
   the space 167036K,  85% used [0x19550000, 0x2205e160, 0x2205e200, 0x2386f000)
 Metaspace       used 3449K, capacity 3494K, committed 3520K, reserved 4480K
Event: 7.551 GC heap after
Heap after GC invocations=37 (full 5):
 def new generation   total 42496K, used 4440K [0x04000000, 0x06e10000, 0x19550000)
  eden space 37824K,   0% used [0x04000000, 0x04000000, 0x064f0000)
  from space 4672K,  95% used [0x06980000, 0x06dd62e0, 0x06e10000)
  to   space 4672K,   0% used [0x064f0000, 0x064f0000, 0x06980000)
 tenured generation   total 167036K, used 147061K [0x19550000, 0x2386f000, 0x44000000)
   the space 167036K,  88% used [0x19550000, 0x224ed590, 0x224ed600, 0x2386f000)
 Metaspace       used 3449K, capacity 3494K, committed 3520K, reserved 4480K
}
Event: 7.741 GC heap before
{Heap before GC invocations=37 (full 5):
 def new generation   total 42496K, used 42264K [0x04000000, 0x06e10000, 0x19550000)
  eden space 37824K, 100% used [0x04000000, 0x064f0000, 0x064f0000)
  from space 4672K,  95% used [0x06980000, 0x06dd62e0, 0x06e10000)
  to   space 4672K,   0% used [0x064f0000, 0x064f0000, 0x06980000)
 tenured generation   total 167036K, used 147061K [0x19550000, 0x2386f000, 0x44000000)
   the space 167036K,  88% used [0x19550000, 0x224ed590, 0x224ed600, 0x2386f000)
 Metaspace       used 3450K, capacity 3494K, committed 3520K, reserved 4480K
Event: 7.797 GC heap after
Heap after GC invocations=38 (full 5):
 def new generation   total 42496K, used 4672K [0x04000000, 0x06e10000, 0x19550000)
  eden space 37824K,   0% used [0x04000000, 0x04000000, 0x064f0000)
  from space 4672K, 100% used [0x064f0000, 0x06980000, 0x06980000)
  to   space 4672K,   0% used [0x06980000, 0x06980000, 0x06e10000)
 tenured generation   total 167036K, used 162987K [0x19550000, 0x2386f000, 0x44000000)
   the space 167036K,  97% used [0x19550000, 0x2347ad98, 0x2347ae00, 0x2386f000)
 Metaspace       used 3450K, capacity 3494K, committed 3520K, reserved 4480K
}
Event: 7.815 GC heap before
{Heap before GC invocations=38 (full 5):
 def new generation   total 42496K, used 42496K [0x04000000, 0x06e10000, 0x19550000)
  eden space 37824K, 100% used [0x04000000, 0x064f0000, 0x064f0000)
  from space 4672K, 100% used [0x064f0000, 0x06980000, 0x06980000)
  to   space 4672K,   0% used [0x06980000, 0x06980000, 0x06e10000)
 tenured generation   total 167036K, used 162987K [0x19550000, 0x2386f000, 0x44000000)
   the space 167036K,  97% used [0x19550000, 0x2347ad98, 0x2347ae00, 0x2386f000)
 Metaspace       used 3450K, capacity 3494K, committed 3520K, reserved 4480K

Deoptimization events (0 events):
No events

Internal exceptions (5 events):
Event: 0.074 Thread 0x01cbbc00 Exception <a 'java/lang/NoSuchMethodError': Method sun.misc.Unsafe.defineClass(Ljava/lang/String;[BII)Ljava/lang/Class; name or signature does not match> (0x04010a08) thrown at [D:\re\workspace\8-2-build-windows-i586-cygwin\jdk8u73\6086\hotspot\src\share\vÜað²ô³?
Event: 0.074 Thread 0x01cbbc00 Exception <a 'java/lang/NoSuchMethodError': Method sun.misc.Unsafe.prefetchRead(Ljava/lang/Object;J)V name or signature does not match> (0x04010cd8) thrown at [D:\re\workspace\8-2-build-windows-i586-cygwin\jdk8u73\6086\hotspot\src\share\vm\prims\jni.cpp, lÜú¢ßÅû?
Event: 1.736 Thread 0x01cbbc00 Exception <a 'java/lang/ArrayIndexOutOfBoundsException': 18> (0x04368d68) thrown at [D:\re\workspace\8-2-build-windows-i586-cygwin\jdk8u73\6086\hotspot\src\share\vm\interpreter\interpreterRuntime.cpp, line 366]
Event: 1.736 Thread 0x01cbbc00 Exception <a 'java/lang/ArrayIndexOutOfBoundsException': 145> (0x0436a618) thrown at [D:\re\workspace\8-2-build-windows-i586-cygwin\jdk8u73\6086\hotspot\src\share\vm\interpreter\interpreterRuntime.cpp, line 366]
Event: 1.744 Thread 0x01cbbc00 Exception <a 'java/lang/ArrayIndexOutOfBoundsException': 40> (0x0436b6f8) thrown at [D:\re\workspace\8-2-build-windows-i586-cygwin\jdk8u73\6086\hotspot\src\share\vm\interpreter\interpreterRuntime.cpp, line 366]

Events (10 events):
Event: 7.551 Executing VM operation: GenCollectForAllocation done
Event: 7.721 Thread 0x447ee800 DEOPT PACKING pc=0x01f91354 sp=0x44c6f210
Event: 7.721 Thread 0x447ee800 DEOPT UNPACKING pc=0x01ecc5db sp=0x44c6f138 mode 0
Event: 7.735 loading class com/android/dx/util/ListIntSet$1
Event: 7.735 loading class com/android/dx/util/ListIntSet$1 done
Event: 7.736 Executing VM operation: Deoptimize
Event: 7.739 Executing VM operation: Deoptimize done
Event: 7.741 Executing VM operation: GenCollectForAllocation
Event: 7.797 Executing VM operation: GenCollectForAllocation done
Event: 7.815 Executing VM operation: GenCollectForAllocation


Dynamic libraries:
0x001a0000 - 0x001d3000 	C:\Program Files\Java\jdk1.8.0_73\bin\java.exe
0x773d0000 - 0x7753a000 	C:\Windows\SYSTEM32\ntdll.dll
0x75250000 - 0x75350000 	C:\Windows\system32\KERNEL32.DLL
0x74d30000 - 0x74e09000 	C:\Windows\system32\KERNELBASE.dll
0x73b40000 - 0x73be0000 	C:\Windows\system32\apphelp.dll
0x510c0000 - 0x51326000 	C:\Windows\AppPatch\AcGenral.DLL
0x75d20000 - 0x75de3000 	C:\Windows\system32\msvcrt.dll
0x75c80000 - 0x75cc1000 	C:\Windows\SYSTEM32\sechost.dll
0x74c30000 - 0x74c53000 	C:\Windows\system32\SspiCli.dll
0x75170000 - 0x751b5000 	C:\Windows\system32\SHLWAPI.dll
0x73c20000 - 0x73d0e000 	C:\Windows\SYSTEM32\UxTheme.dll
0x75df0000 - 0x75f45000 	C:\Windows\system32\USER32.dll
0x75f50000 - 0x76062000 	C:\Windows\system32\GDI32.dll
0x734c0000 - 0x734e3000 	C:\Windows\SYSTEM32\WINMM.dll
0x70270000 - 0x70283000 	C:\Windows\SYSTEM32\samcli.dll
0x753f0000 - 0x75519000 	C:\Windows\system32\ole32.dll
0x75350000 - 0x753e7000 	C:\Windows\system32\OLEAUT32.dll
0x5f610000 - 0x5f627000 	C:\Windows\SYSTEM32\MSACM32.dll
0x73280000 - 0x73288000 	C:\Windows\SYSTEM32\VERSION.dll
0x76110000 - 0x773ca000 	C:\Windows\system32\SHELL32.dll
0x74390000 - 0x743ab000 	C:\Windows\SYSTEM32\USERENV.dll
0x734f0000 - 0x7350a000 	C:\Windows\SYSTEM32\dwmapi.dll
0x72300000 - 0x7244c000 	C:\Windows\SYSTEM32\urlmon.dll
0x757d0000 - 0x7584c000 	C:\Windows\system32\ADVAPI32.dll
0x696d0000 - 0x69735000 	C:\Windows\SYSTEM32\WINSPOOL.DRV
0x6edd0000 - 0x6ede6000 	C:\Windows\SYSTEM32\MPR.dll
0x75590000 - 0x75660000 	C:\Windows\system32\RPCRT4.dll
0x74ff0000 - 0x7516d000 	C:\Windows\SYSTEM32\combase.dll
0x73100000 - 0x73123000 	C:\Windows\SYSTEM32\WINMMBASE.dll
0x74bb0000 - 0x74bbf000 	C:\Windows\SYSTEM32\profapi.dll
0x725c0000 - 0x727f4000 	C:\Windows\SYSTEM32\iertutil.dll
0x71fd0000 - 0x7222d000 	C:\Windows\SYSTEM32\WININET.dll
0x74fa0000 - 0x74fdc000 	C:\Windows\SYSTEM32\cfgmgr32.dll
0x73d50000 - 0x73d71000 	C:\Windows\SYSTEM32\DEVOBJ.dll
0x75bf0000 - 0x75c7b000 	C:\Windows\system32\SHCORE.DLL
0x75970000 - 0x75996000 	C:\Windows\system32\IMM32.DLL
0x75850000 - 0x75962000 	C:\Windows\system32\MSCTF.dll
0x732b0000 - 0x734b6000 	C:\Windows\WinSxS\x86_microsoft.windows.common-controls_6595b64144ccf1df_6.0.9600.18006_none_a9ec6aab013aafee\COMCTL32.dll
0x5e1d0000 - 0x5e28f000 	C:\Program Files\Java\jdk1.8.0_73\jre\bin\msvcr100.dll
0x6c990000 - 0x6cd58000 	C:\Program Files\Java\jdk1.8.0_73\jre\bin\client\jvm.dll
0x69d70000 - 0x69d78000 	C:\Windows\SYSTEM32\WSOCK32.dll
0x759a0000 - 0x759a6000 	C:\Windows\system32\PSAPI.DLL
0x75cd0000 - 0x75d1f000 	C:\Windows\system32\WS2_32.dll
0x74fe0000 - 0x74fe7000 	C:\Windows\system32\NSI.dll
0x6f770000 - 0x6f77c000 	C:\Program Files\Java\jdk1.8.0_73\jre\bin\verify.dll
0x68670000 - 0x68691000 	C:\Program Files\Java\jdk1.8.0_73\jre\bin\java.dll
0x68650000 - 0x68663000 	C:\Program Files\Java\jdk1.8.0_73\jre\bin\zip.dll

VM Arguments:
jvm_args: -Djava.awt.headless=true -Xmx1024M -Dfile.encoding=windows-1251 -Duser.country=RU -Duser.language=ru -Duser.variant 
java_command: com.android.dx.command.Main --dex --force-jumbo --num-threads=4 --multi-dex --output C:\Users\Admin\Desktop\hobby\app\build\intermediates\transforms\dex\debug\folders\1000\10\com.google.android.gms-play-services-ads-10.2.4_f21b7fe09ccb54d0891e3fe517fe63bd5ea2a2e7 C:\Users\Admin\Desktop\hobby\app\build\intermediates\exploded-aar\com.google.android.gms\play-services-ads\10.2.4\jars\classes.jar
java_class_path (initial): C:\Users\Admin\AppData\Local\Android\sdk\build-tools\23.0.2\lib\dx.jar
Launcher Type: SUN_STANDARD

Environment Variables:
JAVA_HOME=c:\Program Files\Java\jdk1.8.0_73\
PATH=C:\ProgramData\Oracle\Java\javapath;C:\Windows\system32;C:\Windows;C:\Windows\System32\Wbem;C:\Windows\System32\WindowsPowerShell\v1.0\;C:\Program Files\TortoiseGit\bin;C:\Program Files\QuickTime\QTSystem\;c:\Python27\;c:\Python27\Scripts\;c:\Program Files\Java\jdk1.8.0_73\bin\;c:\Program Files\Java\jdk1.8.0_73\lib\;c:\openssl\bin\;C:\Program Files\Git\cmd;C:\Program Files\nodejs\;c:\Users\Admin\AppData\Local\Android\sdk\platform-tools\;C:\Program Files\Skype\Phone\;C:\Program Files\PuTTY\;C:\Users\Admin\AppData\Roaming\npm
USERNAME=Admin
OS=Windows_NT
PROCESSOR_IDENTIFIER=x86 Family 6 Model 37 Stepping 2, GenuineIntel



---------------  S Y S T E M  ---------------

OS: Windows 8.1 Build 9600 (6.3.9600.17415)

CPU:total 4 (2 cores per cpu, 2 threads per core) family 6 model 37 stepping 2, cmov, cx8, fxsr, mmx, sse, sse2, sse3, ssse3, sse4.1, sse4.2, popcnt, ht, tsc, tscinvbit

Memory: 4k page, physical 2546360k(224772k free), swap 5692088k(5048k free)

vm_info: Java HotSpot(TM) Client VM (25.73-b02) for windows-x86 JRE (1.8.0_73-b02), built on Jan 29 2016 17:05:52 by "java_re" with MS VC++ 10.0 (VS2010)

time: Thu Aug 31 19:07:13 2017
elapsed time: 8 seconds (0d 0h 0m 8s)

