#
# There is insufficient memory for the Java Runtime Environment to continue.
# Native memory allocation (malloc) failed to allocate 4092 bytes for AllocateHeap
# Possible reasons:
#   The system is out of physical RAM or swap space
#   In 32 bit mode, the process size limit was hit
# Possible solutions:
#   Reduce memory load on the system
#   Increase physical memory or swap space
#   Check if swap backing store is full
#   Use 64 bit Java on a 64 bit OS
#   Decrease Java heap size (-Xmx/-Xms)
#   Decrease number of Java threads
#   Decrease Java thread stack sizes (-Xss)
#   Set larger code cache with -XX:ReservedCodeCacheSize=
# This output file may be truncated or incomplete.
#
#  Out of Memory Error (memory/allocation.inline.hpp:61), pid=1472, tid=6224
#
# JRE version: Java(TM) SE Runtime Environment (8.0_73-b02) (build 1.8.0_73-b02)
# Java VM: Java HotSpot(TM) Client VM (25.73-b02 mixed mode windows-x86 )
# Failed to write core dump. Minidumps are not enabled by default on client versions of Windows
#

---------------  T H R E A D  ---------------

Current thread (0x01dbc800):  VMThread [stack: 0x01dc0000,0x01e10000] [id=6224]

Stack: [0x01dc0000,0x01e10000],  sp=0x01e0df24,  free space=311k
Native frames: (J=compiled Java code, j=interpreted, Vv=VM code, C=native code)
V  [jvm.dll+0x1a7f9b]
V  [jvm.dll+0x1bef80]
V  [jvm.dll+0x1c0648]
C  [msvcr100.dll+0x5c556]
C  [msvcr100.dll+0x5c600]
C  [KERNEL32.DLL+0x4198]
C  [ntdll.dll+0x52cb1]
C  [ntdll.dll+0x52c7f]

VM_Operation (0x44cdf208): GenCollectForAllocation, mode: safepoint, requested by thread 0x44979400


---------------  P R O C E S S  ---------------

Java Threads: ( => current thread )
  0x44982400 JavaThread "pool-2-thread-4" [_thread_blocked, id=3804, stack(0x44d30000,0x44d80000)]
  0x4497a800 JavaThread "pool-2-thread-3" [_thread_blocked, id=7812, stack(0x44ce0000,0x44d30000)]
  0x44979400 JavaThread "pool-2-thread-2" [_thread_blocked, id=5436, stack(0x44c90000,0x44ce0000)]
  0x44976400 JavaThread "pool-3-thread-1" [_thread_blocked, id=5768, stack(0x44c40000,0x44c90000)]
  0x44975800 JavaThread "pool-2-thread-1" [_thread_blocked, id=644, stack(0x44bf0000,0x44c40000)]
  0x44801800 JavaThread "Service Thread" daemon [_thread_blocked, id=5524, stack(0x44b50000,0x44ba0000)]
  0x44808400 JavaThread "C1 CompilerThread0" daemon [_thread_blocked, id=2032, stack(0x44b00000,0x44b50000)]
  0x44807400 JavaThread "Attach Listener" daemon [_thread_blocked, id=1408, stack(0x44ab0000,0x44b00000)]
  0x44805400 JavaThread "Signal Dispatcher" daemon [_thread_blocked, id=5640, stack(0x03f70000,0x03fc0000)]
  0x447d6800 JavaThread "Finalizer" daemon [_thread_blocked, id=3248, stack(0x03f00000,0x03f50000)]
  0x01dbe800 JavaThread "Reference Handler" daemon [_thread_blocked, id=5420, stack(0x03eb0000,0x03f00000)]
  0x01c9bc00 JavaThread "main" [_thread_blocked, id=8036, stack(0x01c20000,0x01c70000)]

Other Threads:
=>0x01dbc800 VMThread [stack: 0x01dc0000,0x01e10000] [id=6224]
  0x4482a800 WatcherThread [stack: 0x44ba0000,0x44bf0000] [id=6124]

VM state:at safepoint (normal execution)

VM Mutex/Monitor currently owned by a thread:  ([mutex/lock_event])
[0x01c9a820] Threads_lock - owner thread: 0x01dbc800
[0x01c9b370] Heap_lock - owner thread: 0x44979400

Heap:
 def new generation   total 72832K, used 8064K [0x04000000, 0x08f00000, 0x19550000)
  eden space 64768K,   0% used [0x04000000, 0x04000000, 0x07f40000)
  from space 8064K, 100% used [0x08720000, 0x08f00000, 0x08f00000)
  to   space 8064K,   0% used [0x07f40000, 0x07f40000, 0x08720000)
 tenured generation   total 170736K, used 170675K [0x19550000, 0x23c0c000, 0x44000000)
   the space 170736K,  99% used [0x19550000, 0x23bfcfa0, 0x23bfd000, 0x23c0c000)
 Metaspace       used 3475K, capacity 3494K, committed 3520K, reserved 4480K

Card table byte_map: [0x44000000,0x44210000] byte_map_base: 0x43fe0000

Polling page: 0x01c70000

CodeCache: size=32768Kb used=3137Kb max_used=3137Kb free=29630Kb
 bounds [0x01e30000, 0x02148000, 0x03e30000]
 total_blobs=1599 nmethods=1454 adapters=75
 compilation: enabled

Compilation events (10 events):
Event: 7.449 Thread 0x44808400 1452             java.util.zip.ZipFile$ZipFileInputStream::finalize (5 bytes)
Event: 7.449 Thread 0x44808400 nmethod 1452 0x0213fa88 code [0x0213fb80, 0x0213fc0c]
Event: 7.449 Thread 0x44808400 1453             java.util.zip.ZipFile$ZipFileInflaterInputStream::finalize (5 bytes)
Event: 7.450 Thread 0x44808400 nmethod 1453 0x0213fc88 code [0x0213fd80, 0x0213fe0c]
Event: 7.457 Thread 0x44808400 1454             com.android.dx.cf.direct.DirectClassFile::getMethods (9 bytes)
Event: 7.458 Thread 0x44808400 nmethod 1454 0x0213fe88 code [0x0213ff80, 0x0214002c]
Event: 8.735 Thread 0x44808400 1455             com.android.dx.rop.cst.CstDouble::getType (4 bytes)
Event: 8.735 Thread 0x44808400 nmethod 1455 0x021400c8 code [0x021401c0, 0x02140240]
Event: 8.744 Thread 0x44808400 1456             com.android.dx.cf.code.Simulator::requiredArrayTypeFor (74 bytes)
Event: 8.745 Thread 0x44808400 nmethod 1456 0x02140288 code [0x021403d0, 0x021405c0]

GC Heap History (10 events):
Event: 5.912 GC heap after
Heap after GC invocations=80 (full 5):
 def new generation   total 67648K, used 7488K [0x04000000, 0x08960000, 0x19550000)
  eden space 60160K,   0% used [0x04000000, 0x04000000, 0x07ac0000)
  from space 7488K, 100% used [0x08210000, 0x08960000, 0x08960000)
  to   space 7488K,   0% used [0x07ac0000, 0x07ac0000, 0x08210000)
 tenured generation   total 150128K, used 131314K [0x19550000, 0x227ec000, 0x44000000)
   the space 150128K,  87% used [0x19550000, 0x2158c960, 0x2158ca00, 0x227ec000)
 Metaspace       used 3475K, capacity 3494K, committed 3520K, reserved 4480K
}
Event: 6.092 GC heap before
{Heap before GC invocations=80 (full 5):
 def new generation   total 67648K, used 67648K [0x04000000, 0x08960000, 0x19550000)
  eden space 60160K, 100% used [0x04000000, 0x07ac0000, 0x07ac0000)
  from space 7488K, 100% used [0x08210000, 0x08960000, 0x08960000)
  to   space 7488K,   0% used [0x07ac0000, 0x07ac0000, 0x08210000)
 tenured generation   total 150128K, used 131314K [0x19550000, 0x227ec000, 0x44000000)
   the space 150128K,  87% used [0x19550000, 0x2158c960, 0x2158ca00, 0x227ec000)
 Metaspace       used 3475K, capacity 3494K, committed 3520K, reserved 4480K
Event: 6.162 GC heap after
Heap after GC invocations=81 (full 5):
 def new generation   total 67648K, used 7488K [0x04000000, 0x08960000, 0x19550000)
  eden space 60160K,   0% used [0x04000000, 0x04000000, 0x07ac0000)
  from space 7488K, 100% used [0x07ac0000, 0x08210000, 0x08210000)
  to   space 7488K,   0% used [0x08210000, 0x08210000, 0x08960000)
 tenured generation   total 150128K, used 138407K [0x19550000, 0x227ec000, 0x44000000)
   the space 150128K,  92% used [0x19550000, 0x21c79cf0, 0x21c79e00, 0x227ec000)
 Metaspace       used 3475K, capacity 3494K, committed 3520K, reserved 4480K
}
Event: 6.358 GC heap before
{Heap before GC invocations=81 (full 5):
 def new generation   total 67648K, used 67648K [0x04000000, 0x08960000, 0x19550000)
  eden space 60160K, 100% used [0x04000000, 0x07ac0000, 0x07ac0000)
  from space 7488K, 100% used [0x07ac0000, 0x08210000, 0x08210000)
  to   space 7488K,   0% used [0x08210000, 0x08210000, 0x08960000)
 tenured generation   total 150128K, used 138407K [0x19550000, 0x227ec000, 0x44000000)
   the space 150128K,  92% used [0x19550000, 0x21c79cf0, 0x21c79e00, 0x227ec000)
 Metaspace       used 3475K, capacity 3494K, committed 3520K, reserved 4480K
Event: 6.419 GC heap after
Heap after GC invocations=82 (full 5):
 def new generation   total 67648K, used 7487K [0x04000000, 0x08960000, 0x19550000)
  eden space 60160K,   0% used [0x04000000, 0x04000000, 0x07ac0000)
  from space 7488K,  99% used [0x08210000, 0x0895fff8, 0x08960000)
  to   space 7488K,   0% used [0x07ac0000, 0x07ac0000, 0x08210000)
 tenured generation   total 150128K, used 145534K [0x19550000, 0x227ec000, 0x44000000)
   the space 150128K,  96% used [0x19550000, 0x2236fa18, 0x2236fc00, 0x227ec000)
 Metaspace       used 3475K, capacity 3494K, committed 3520K, reserved 4480K
}
Event: 6.575 GC heap before
{Heap before GC invocations=82 (full 5):
 def new generation   total 67648K, used 67647K [0x04000000, 0x08960000, 0x19550000)
  eden space 60160K, 100% used [0x04000000, 0x07ac0000, 0x07ac0000)
  from space 7488K,  99% used [0x08210000, 0x0895fff8, 0x08960000)
  to   space 7488K,   0% used [0x07ac0000, 0x07ac0000, 0x08210000)
 tenured generation   total 150128K, used 145534K [0x19550000, 0x227ec000, 0x44000000)
   the space 150128K,  96% used [0x19550000, 0x2236fa18, 0x2236fc00, 0x227ec000)
 Metaspace       used 3475K, capacity 3494K, committed 3520K, reserved 4480K
Event: 7.448 GC heap after
Heap after GC invocations=83 (full 6):
 def new generation   total 69184K, used 7422K [0x04000000, 0x08b10000, 0x19550000)
  eden space 61504K,  12% used [0x04000000, 0x0473f848, 0x07c10000)
  from space 7680K,   0% used [0x07c10000, 0x07c10000, 0x08390000)
  to   space 7680K,   0% used [0x08390000, 0x08390000, 0x08b10000)
 tenured generation   total 153584K, used 153582K [0x19550000, 0x22b4c000, 0x44000000)
   the space 153584K,  99% used [0x19550000, 0x22b4b950, 0x22b4ba00, 0x22b4c000)
 Metaspace       used 3475K, capacity 3494K, committed 3520K, reserved 4480K
}
Event: 7.588 GC heap before
{Heap before GC invocations=83 (full 6):
 def new generation   total 69184K, used 61504K [0x04000000, 0x08b10000, 0x19550000)
  eden space 61504K, 100% used [0x04000000, 0x07c10000, 0x07c10000)
  from space 7680K,   0% used [0x07c10000, 0x07c10000, 0x08390000)
  to   space 7680K,   0% used [0x08390000, 0x08390000, 0x08b10000)
 tenured generation   total 153584K, used 153582K [0x19550000, 0x22b4c000, 0x44000000)
   the space 153584K,  99% used [0x19550000, 0x22b4b950, 0x22b4ba00, 0x22b4c000)
 Metaspace       used 3475K, capacity 3494K, committed 3520K, reserved 4480K
Event: 8.632 GC heap after
Heap after GC invocations=84 (full 7):
 def new generation   total 72832K, used 7407K [0x04000000, 0x08f00000, 0x19550000)
  eden space 64768K,  11% used [0x04000000, 0x0473be20, 0x07f40000)
  from space 8064K,   0% used [0x07f40000, 0x07f40000, 0x08720000)
  to   space 8064K,   0% used [0x08720000, 0x08720000, 0x08f00000)
 tenured generation   total 161648K, used 161647K [0x19550000, 0x2332c000, 0x44000000)
   the space 161648K,  99% used [0x19550000, 0x2332bff8, 0x2332c000, 0x2332c000)
 Metaspace       used 3475K, capacity 3494K, committed 3520K, reserved 4480K
}
Event: 8.785 GC heap before
{Heap before GC invocations=84 (full 7):
 def new generation   total 72832K, used 64768K [0x04000000, 0x08f00000, 0x19550000)
  eden space 64768K, 100% used [0x04000000, 0x07f40000, 0x07f40000)
  from space 8064K,   0% used [0x07f40000, 0x07f40000, 0x08720000)
  to   space 8064K,   0% used [0x08720000, 0x08720000, 0x08f00000)
 tenured generation   total 161648K, used 161647K [0x19550000, 0x2332c000, 0x44000000)
   the space 161648K,  99% used [0x19550000, 0x2332bff8, 0x2332c000, 0x2332c000)
 Metaspace       used 3475K, capacity 3494K, committed 3520K, reserved 4480K

Deoptimization events (0 events):
No events

Internal exceptions (5 events):
Event: 0.087 Thread 0x01c9bc00 Exception <a 'java/lang/NoSuchMethodError': Method sun.misc.Unsafe.defineClass(Ljava/lang/String;[BII)Ljava/lang/Class; name or signature does not match> (0x040108f8) thrown at [D:\re\workspace\8-2-build-windows-i586-cygwin\jdk8u73\6086\hotspot\src\share\vL¨B¶?
Event: 0.087 Thread 0x01c9bc00 Exception <a 'java/lang/NoSuchMethodError': Method sun.misc.Unsafe.prefetchRead(Ljava/lang/Object;J)V name or signature does not match> (0x04010bc8) thrown at [D:\re\workspace\8-2-build-windows-i586-cygwin\jdk8u73\6086\hotspot\src\share\vm\prims\jni.cpp, lÙÞTwvdø?
Event: 1.525 Thread 0x44979400 Exception <a 'java/lang/ArrayIndexOutOfBoundsException': 18> (0x04325b88) thrown at [D:\re\workspace\8-2-build-windows-i586-cygwin\jdk8u73\6086\hotspot\src\share\vm\interpreter\interpreterRuntime.cpp, line 366]
Event: 1.525 Thread 0x44979400 Exception <a 'java/lang/ArrayIndexOutOfBoundsException': 145> (0x04327428) thrown at [D:\re\workspace\8-2-build-windows-i586-cygwin\jdk8u73\6086\hotspot\src\share\vm\interpreter\interpreterRuntime.cpp, line 366]
Event: 1.527 Thread 0x44979400 Exception <a 'java/lang/ArrayIndexOutOfBoundsException': 40> (0x04328508) thrown at [D:\re\workspace\8-2-build-windows-i586-cygwin\jdk8u73\6086\hotspot\src\share\vm\interpreter\interpreterRuntime.cpp, line 366]

Events (10 events):
Event: 5.912 Executing VM operation: GenCollectForAllocation done
Event: 6.092 Executing VM operation: GenCollectForAllocation
Event: 6.162 Executing VM operation: GenCollectForAllocation done
Event: 6.357 Executing VM operation: GenCollectForAllocation
Event: 6.419 Executing VM operation: GenCollectForAllocation done
Event: 6.574 Executing VM operation: GenCollectForAllocation
Event: 7.448 Executing VM operation: GenCollectForAllocation done
Event: 7.588 Executing VM operation: GenCollectForAllocation
Event: 8.632 Executing VM operation: GenCollectForAllocation done
Event: 8.785 Executing VM operation: GenCollectForAllocation


Dynamic libraries:
0x00830000 - 0x00863000 	C:\Program Files\Java\jdk1.8.0_73\bin\java.exe
0x77970000 - 0x77ada000 	C:\Windows\SYSTEM32\ntdll.dll
0x76d80000 - 0x76e80000 	C:\Windows\system32\KERNEL32.DLL
0x751c0000 - 0x75299000 	C:\Windows\system32\KERNELBASE.dll
0x740e0000 - 0x74180000 	C:\Windows\system32\apphelp.dll
0x59930000 - 0x59b96000 	C:\Windows\AppPatch\AcGenral.DLL
0x772a0000 - 0x77363000 	C:\Windows\system32\msvcrt.dll
0x77690000 - 0x776d1000 	C:\Windows\SYSTEM32\sechost.dll
0x753b0000 - 0x753d3000 	C:\Windows\system32\SspiCli.dll
0x75790000 - 0x757d5000 	C:\Windows\system32\SHLWAPI.dll
0x74200000 - 0x742ee000 	C:\Windows\SYSTEM32\UxTheme.dll
0x77000000 - 0x77155000 	C:\Windows\system32\USER32.dll
0x755d0000 - 0x756e2000 	C:\Windows\system32\GDI32.dll
0x73a60000 - 0x73a83000 	C:\Windows\SYSTEM32\WINMM.dll
0x701c0000 - 0x701d3000 	C:\Windows\SYSTEM32\samcli.dll
0x77560000 - 0x77689000 	C:\Windows\system32\ole32.dll
0x77200000 - 0x77297000 	C:\Windows\system32\OLEAUT32.dll
0x6f0e0000 - 0x6f0f7000 	C:\Windows\SYSTEM32\MSACM32.dll
0x736d0000 - 0x736d8000 	C:\Windows\SYSTEM32\VERSION.dll
0x757e0000 - 0x76a9a000 	C:\Windows\system32\SHELL32.dll
0x74980000 - 0x7499b000 	C:\Windows\SYSTEM32\USERENV.dll
0x73a90000 - 0x73aaa000 	C:\Windows\SYSTEM32\dwmapi.dll
0x72890000 - 0x729dc000 	C:\Windows\SYSTEM32\urlmon.dll
0x75710000 - 0x7578c000 	C:\Windows\system32\ADVAPI32.dll
0x6b640000 - 0x6b6a5000 	C:\Windows\SYSTEM32\WINSPOOL.DRV
0x6ea80000 - 0x6ea96000 	C:\Windows\SYSTEM32\MPR.dll
0x77850000 - 0x77920000 	C:\Windows\system32\RPCRT4.dll
0x76e80000 - 0x76ffd000 	C:\Windows\SYSTEM32\combase.dll
0x736a0000 - 0x736c3000 	C:\Windows\SYSTEM32\WINMMBASE.dll
0x75150000 - 0x7515f000 	C:\Windows\SYSTEM32\profapi.dll
0x729e0000 - 0x72c14000 	C:\Windows\SYSTEM32\iertutil.dll
0x72270000 - 0x724cd000 	C:\Windows\SYSTEM32\WININET.dll
0x75330000 - 0x7536c000 	C:\Windows\SYSTEM32\cfgmgr32.dll
0x742f0000 - 0x74311000 	C:\Windows\SYSTEM32\DEVOBJ.dll
0x77440000 - 0x774cb000 	C:\Windows\system32\SHCORE.DLL
0x77400000 - 0x77426000 	C:\Windows\system32\IMM32.DLL
0x76aa0000 - 0x76bb2000 	C:\Windows\system32\MSCTF.dll
0x73850000 - 0x73a56000 	C:\Windows\WinSxS\x86_microsoft.windows.common-controls_6595b64144ccf1df_6.0.9600.18006_none_a9ec6aab013aafee\COMCTL32.dll
0x63920000 - 0x639df000 	C:\Program Files\Java\jdk1.8.0_73\jre\bin\msvcr100.dll
0x59560000 - 0x59928000 	C:\Program Files\Java\jdk1.8.0_73\jre\bin\client\jvm.dll
0x6c680000 - 0x6c688000 	C:\Windows\SYSTEM32\WSOCK32.dll
0x773f0000 - 0x773f6000 	C:\Windows\system32\PSAPI.DLL
0x77920000 - 0x7796f000 	C:\Windows\system32\WS2_32.dll
0x77430000 - 0x77437000 	C:\Windows\system32\NSI.dll
0x72100000 - 0x7210c000 	C:\Program Files\Java\jdk1.8.0_73\jre\bin\verify.dll
0x68e10000 - 0x68e31000 	C:\Program Files\Java\jdk1.8.0_73\jre\bin\java.dll
0x6f080000 - 0x6f093000 	C:\Program Files\Java\jdk1.8.0_73\jre\bin\zip.dll
0x70200000 - 0x70341000 	C:\Windows\SYSTEM32\dbghelp.dll

VM Arguments:
jvm_args: -Djava.awt.headless=true -Xmx1024M -Dfile.encoding=windows-1251 -Duser.country=US -Duser.language=en -Duser.variant 
java_command: com.android.dx.command.Main --dex --num-threads=4 --multi-dex --main-dex-list C:\Users\Admin\Desktop\hobby\app\build\intermediates\multi-dex\debug\maindexlist.txt --output C:\Users\Admin\Desktop\hobby\app\build\intermediates\transforms\dex\debug\folders\1000\1f\main C:\Users\Admin\Desktop\hobby\app\build\intermediates\transforms\jarMerging\debug\jars\1\1f\combined.jar
java_class_path (initial): C:\Users\Admin\AppData\Local\Android\sdk\build-tools\24.0.2\lib\dx.jar
Launcher Type: SUN_STANDARD

Environment Variables:
JAVA_HOME=c:\Program Files\Java\jdk1.8.0_73\
PATH=C:\Program Files\Borland\Delphi7\Bin;C:\Program Files\Borland\Delphi7\Projects\Bpl\;C:\ProgramData\Oracle\Java\javapath;C:\Windows\system32;C:\Windows;C:\Windows\System32\Wbem;C:\Windows\System32\WindowsPowerShell\v1.0\;C:\Program Files\TortoiseGit\bin;C:\Program Files\QuickTime\QTSystem\;c:\Python27\;c:\Python27\Scripts\;c:\Program Files\Java\jdk1.8.0_73\bin\;c:\Program Files\Java\jdk1.8.0_73\lib\;c:\openssl\bin\;C:\Program Files\Git\cmd;C:\Program Files\Skype\Phone\
USERNAME=Admin
OS=Windows_NT
PROCESSOR_IDENTIFIER=x86 Family 6 Model 37 Stepping 2, GenuineIntel



---------------  S Y S T E M  ---------------

OS: Windows 8.1 Build 9600 (6.3.9600.17415)

CPU:total 4 (2 cores per cpu, 2 threads per core) family 6 model 37 stepping 2, cmov, cx8, fxsr, mmx, sse, sse2, sse3, ssse3, sse4.1, sse4.2, popcnt, ht, tsc, tscinvbit

Memory: 4k page, physical 2546360k(40720k free), swap 5692088k(5456k free)

vm_info: Java HotSpot(TM) Client VM (25.73-b02) for windows-x86 JRE (1.8.0_73-b02), built on Jan 29 2016 17:05:52 by "java_re" with MS VC++ 10.0 (VS2010)

time: Fri Mar 24 15:59:48 2017
elapsed time: 9 seconds (0d 0h 0m 9s)

