#
# A fatal error has been detected by the Java Runtime Environment:
#
#  EXCEPTION_ACCESS_VIOLATION (0xc0000005) at pc=0x6cdb8313, pid=7568, tid=3884
#
# JRE version: Java(TM) SE Runtime Environment (8.0_73-b02) (build 1.8.0_73-b02)
# Java VM: Java HotSpot(TM) Client VM (25.73-b02 mixed mode windows-x86 )
# Problematic frame:
# V  [jvm.dll+0x158313]
#
# Failed to write core dump. Minidumps are not enabled by default on client versions of Windows
#
# If you would like to submit a bug report, please visit:
#   http://bugreport.java.com/bugreport/crash.jsp
#

---------------  T H R E A D  ---------------

Current thread (0x43de0c00):  JavaThread "pool-1-thread-1" [_thread_in_vm, id=3884, stack(0x44180000,0x441d0000)]

siginfo: ExceptionCode=0xc0000005, writing address 0x441cb98c

Registers:
EAX=0x00004000, EBX=0x441cfb7c, ECX=0x441cb98c, EDX=0x43e43a58
ESP=0x441cf998, EBP=0x441cfa04, ESI=0x00000005, EDI=0x441cf98c
EIP=0x6cdb8313, EFLAGS=0x00010206

Top of Stack: (sp=0x441cf998)
0x441cf998:   43de0fc8 43de0c00 6cdb8ba3 00000000
0x441cf9a8:   43de0c00 441cfaec 00000001 43de0c00
0x441cf9b8:   6cce30e5 43de0c00 43e43a58 43832b78
0x441cf9c8:   441cfa24 6cce3a4e 438344d0 438344d0
0x441cf9d8:   43832b78 43de0c00 43832b78 43de0c00
0x441cf9e8:   43e43a58 43832b78 43de0c00 0000000a
0x441cf9f8:   441cfaec 43de0fc8 01479a60 441cfa4c
0x441cfa08:   6ce7e0be 441cfb74 441cfa78 441cfaec 

Instructions: (pc=0x6cdb8313)
0x6cdb82f3:   b9 5e 0c 00 be 01 00 00 00 8b f8 39 35 a0 58 fb
0x6cdb8303:   6c 7c 1b e8 45 3d 06 00 0f af c6 8b cf 2b c8 46
0x6cdb8313:   c7 01 00 00 00 00 3b 35 a0 58 fb 6c 7e e5 5f 5e
0x6cdb8323:   c3 cc cc cc cc cc cc cc cc cc cc cc cc 8b 01 8b 


Register to memory mapping:

EAX=0x00004000 is an unknown value
EBX=0x441cfb7c is pointing into the stack for thread: 0x43de0c00
ECX=0x441cb98c is pointing into the stack for thread: 0x43de0c00
EDX=0x43e43a58 is an unknown value
ESP=0x441cf998 is pointing into the stack for thread: 0x43de0c00
EBP=0x441cfa04 is pointing into the stack for thread: 0x43de0c00
ESI=0x00000005 is an unknown value
EDI=0x441cf98c is pointing into the stack for thread: 0x43de0c00


Stack: [0x44180000,0x441d0000],  sp=0x441cf998,  free space=318k
Native frames: (J=compiled Java code, j=interpreted, Vv=VM code, C=native code)
V  [jvm.dll+0x158313]
V  [jvm.dll+0x21e0be]
V  [jvm.dll+0x158c8e]
V  [jvm.dll+0x158e16]
V  [jvm.dll+0x158e87]
V  [jvm.dll+0xfd68f]
V  [jvm.dll+0x17c03c]
V  [jvm.dll+0x17c12a]
V  [jvm.dll+0x1c0636]
C  [msvcr100.dll+0x5c556]