#
# There is insufficient memory for the Java Runtime Environment to continue.
# Native memory allocation (malloc) failed to allocate 4092 bytes for AllocateHeap
# Possible reasons:
#   The system is out of physical RAM or swap space
#   In 32 bit mode, the process size limit was hit
# Possible solutions:
#   Reduce memory load on the system
#   Increase physical memory or swap space
#   Check if swap backing store is full
#   Use 64 bit Java on a 64 bit OS
#   Decrease Java heap size (-Xmx/-Xms)
#   Decrease number of Java threads
#   Decrease Java thread stack sizes (-Xss)
#   Set larger code cache with -XX:ReservedCodeCacheSize=
# This output file may be truncated or incomplete.
#
#  Out of Memory Error (memory/allocation.inline.hpp:61), pid=7240, tid=7304
#
# JRE version: Java(TM) SE Runtime Environment (8.0_73-b02) (build 1.8.0_73-b02)
# Java VM: Java HotSpot(TM) Client VM (25.73-b02 mixed mode windows-x86 )
# Failed to write core dump. Minidumps are not enabled by default on client versions of Windows
#

---------------  T H R E A D  ---------------

Current thread (0x00b9c800):  VMThread [stack: 0x44000000,0x44050000] [id=7304]

Stack: [0x44000000,0x44050000],  sp=0x4404ee70,  free space=315k
Native frames: (J=compiled Java code, j=interpreted, Vv=VM code, C=native code)
V  [jvm.dll+0x1a7f9b]
V  [jvm.dll+0x1a0888]
V  [jvm.dll+0x9369d]
V  [jvm.dll+0xc792f]
V  [jvm.dll+0xbc73b]
V  [jvm.dll+0xd18f8]
V  [jvm.dll+0xd1a6d]
V  [jvm.dll+0x1b34a1]
V  [jvm.dll+0x1b369c]
V  [jvm.dll+0x1786e3]
V  [jvm.dll+0x17720a]
V  [jvm.dll+0x97230]
V  [jvm.dll+0x98521]
V  [jvm.dll+0x9a300]
V  [jvm.dll+0x9a769]
V  [jvm.dll+0x994ef]
V  [jvm.dll+0xa5752]
V  [jvm.dll+0x980f3]
V  [jvm.dll+0x92095]
V  [jvm.dll+0x1b68f6]
V  [jvm.dll+0x18118b]
V  [jvm.dll+0x1805a1]
V  [jvm.dll+0x1809b7]
V  [jvm.dll+0x180bb2]
V  [jvm.dll+0x1c0636]
C  [msvcr100.dll+0x5c556]
C  [msvcr100.dll+0x5c600]
C  [KERNEL32.DLL+0x4198]
C  [ntdll.dll+0x52cb1]
C  [ntdll.dll+0x52c7f]

VM_Operation (0x445af0d4): GenCollectForAllocation, mode: safepoint, requested by thread 0x441cb000


---------------  P R O C E S S  ---------------

Java Threads: ( => current thread )
  0x441d8400 JavaThread "pool-2-thread-4" [_thread_blocked, id=7460, stack(0x446a0000,0x446f0000)]
  0x441d6c00 JavaThread "pool-2-thread-3" [_thread_blocked, id=7456, stack(0x44650000,0x446a0000)]
  0x441d8c00 JavaThread "pool-2-thread-2" [_thread_blocked, id=7452, stack(0x44600000,0x44650000)]
  0x441d0000 JavaThread "pool-3-thread-1" [_thread_blocked, id=7436, stack(0x445b0000,0x44600000)]
  0x441cb000 JavaThread "pool-2-thread-1" [_thread_blocked, id=7432, stack(0x44560000,0x445b0000)]
  0x4409b800 JavaThread "Service Thread" daemon [_thread_blocked, id=7332, stack(0x444c0000,0x44510000)]
  0x4407d000 JavaThread "C1 CompilerThread0" daemon [_thread_blocked, id=7324, stack(0x44470000,0x444c0000)]
  0x4407c000 JavaThread "Attach Listener" daemon [_thread_blocked, id=7320, stack(0x44420000,0x44470000)]
  0x44079000 JavaThread "Signal Dispatcher" daemon [_thread_blocked, id=7316, stack(0x443d0000,0x44420000)]
  0x44056c00 JavaThread "Finalizer" daemon [_thread_blocked, id=7312, stack(0x442a0000,0x442f0000)]
  0x00b9ec00 JavaThread "Reference Handler" daemon [_thread_blocked, id=7308, stack(0x44250000,0x442a0000)]
  0x0099bc00 JavaThread "main" [_thread_blocked, id=7280, stack(0x009a0000,0x009f0000)]

Other Threads:
=>0x00b9c800 VMThread [stack: 0x44000000,0x44050000] [id=7304]
  0x440a8000 WatcherThread [stack: 0x44510000,0x44560000] [id=7336]

VM state:at safepoint (normal execution)

VM Mutex/Monitor currently owned by a thread:  ([mutex/lock_event])
[0x0099a360] Threads_lock - owner thread: 0x00b9c800
[0x0099aaa0] Heap_lock - owner thread: 0x441cb000

Heap:
 def new generation   total 6080K, used 6080K [0x04000000, 0x04690000, 0x19550000)
  eden space 5440K, 100% used [0x04000000, 0x04550000, 0x04550000)
  from space 640K, 100% used [0x045f0000, 0x04690000, 0x04690000)
  to   space 640K,   0% used [0x04550000, 0x04550000, 0x045f0000)
 tenured generation   total 14048K, used 14047K [0x19550000, 0x1a308000, 0x44000000)
   the space 14048K,  99% used [0x19550000, 0x1a307e98, 0x1a308000, 0x1a308000)
 Metaspace       used 3391K, capacity 3462K, committed 3520K, reserved 4480K

Card table byte_map: [0x00ba0000,0x00db0000] byte_map_base: 0x00b80000

Polling page: 0x00960000

CodeCache: size=32768Kb used=2365Kb max_used=2365Kb free=30402Kb
 bounds [0x01ff0000, 0x02240000, 0x03ff0000]
 total_blobs=1089 nmethods=944 adapters=75
 compilation: enabled

Compilation events (10 events):
Event: 3.517 Thread 0x4407d000  942             com.android.dx.util.ByteArray::<init> (9 bytes)
Event: 3.517 Thread 0x4407d000 nmethod 942 0x0223e288 code [0x0223e390, 0x0223e42c]
Event: 3.517 Thread 0x4407d000  943             com.android.dx.ssa.BasicRegisterMapper::<init> (17 bytes)
Event: 3.518 Thread 0x4407d000 nmethod 943 0x0223e4c8 code [0x0223e5d0, 0x0223e6cc]
Event: 3.518 Thread 0x4407d000  944             com.android.dx.ssa.back.FirstFitLocalCombiningAllocator$Multiset::getAndRemoveHighestCount (63 bytes)
Event: 3.518 Thread 0x4407d000 nmethod 944 0x0223e748 code [0x0223e850, 0x0223e980]
Event: 3.519 Thread 0x4407d000  945             com.android.dx.rop.type.StdTypeList::equalContents (56 bytes)
Event: 3.519 Thread 0x4407d000 nmethod 945 0x0223eac8 code [0x0223ec10, 0x0223eddc]
Event: 3.522 Thread 0x4407d000  946             com.android.dx.ssa.SsaMethod::getEntryBlock (15 bytes)
Event: 3.522 Thread 0x4407d000 nmethod 946 0x0223efc8 code [0x0223f0e0, 0x0223f258]

GC Heap History (10 events):
Event: 3.038 GC heap after
Heap after GC invocations=17 (full 1):
 def new generation   total 5120K, used 512K [0x04000000, 0x04580000, 0x19550000)
  eden space 4608K,   0% used [0x04000000, 0x04000000, 0x04480000)
  from space 512K, 100% used [0x04500000, 0x04580000, 0x04580000)
  to   space 512K,   0% used [0x04480000, 0x04480000, 0x04500000)
 tenured generation   total 11200K, used 10695K [0x19550000, 0x1a040000, 0x44000000)
   the space 11200K,  95% used [0x19550000, 0x19fc1c78, 0x19fc1e00, 0x1a040000)
 Metaspace       used 3387K, capacity 3462K, committed 3520K, reserved 4480K
}
Event: 3.057 GC heap before
{Heap before GC invocations=17 (full 1):
 def new generation   total 5120K, used 5120K [0x04000000, 0x04580000, 0x19550000)
  eden space 4608K, 100% used [0x04000000, 0x04480000, 0x04480000)
  from space 512K, 100% used [0x04500000, 0x04580000, 0x04580000)
  to   space 512K,   0% used [0x04480000, 0x04480000, 0x04500000)
 tenured generation   total 11200K, used 10695K [0x19550000, 0x1a040000, 0x44000000)
   the space 11200K,  95% used [0x19550000, 0x19fc1c78, 0x19fc1e00, 0x1a040000)
 Metaspace       used 3388K, capacity 3462K, committed 3520K, reserved 4480K
Event: 3.132 GC heap after
Heap after GC invocations=18 (full 2):
 def new generation   total 5312K, used 319K [0x04000000, 0x045c0000, 0x19550000)
  eden space 4736K,   6% used [0x04000000, 0x0404fe68, 0x044a0000)
  from space 576K,   0% used [0x044a0000, 0x044a0000, 0x04530000)
  to   space 576K,   0% used [0x04530000, 0x04530000, 0x045c0000)
 tenured generation   total 11712K, used 11711K [0x19550000, 0x1a0c0000, 0x44000000)
   the space 11712K,  99% used [0x19550000, 0x1a0bffd0, 0x1a0c0000, 0x1a0c0000)
 Metaspace       used 3388K, capacity 3462K, committed 3520K, reserved 4480K
}
Event: 3.188 GC heap before
{Heap before GC invocations=18 (full 2):
 def new generation   total 5312K, used 4736K [0x04000000, 0x045c0000, 0x19550000)
  eden space 4736K, 100% used [0x04000000, 0x044a0000, 0x044a0000)
  from space 576K,   0% used [0x044a0000, 0x044a0000, 0x04530000)
  to   space 576K,   0% used [0x04530000, 0x04530000, 0x045c0000)
 tenured generation   total 11712K, used 11711K [0x19550000, 0x1a0c0000, 0x44000000)
   the space 11712K,  99% used [0x19550000, 0x1a0bffd0, 0x1a0c0000, 0x1a0c0000)
 Metaspace       used 3388K, capacity 3462K, committed 3520K, reserved 4480K
Event: 3.275 GC heap after
Heap after GC invocations=19 (full 3):
 def new generation   total 5632K, used 251K [0x04000000, 0x04610000, 0x19550000)
  eden space 5056K,   4% used [0x04000000, 0x0403edb0, 0x044f0000)
  from space 576K,   0% used [0x044f0000, 0x044f0000, 0x04580000)
  to   space 576K,   0% used [0x04580000, 0x04580000, 0x04610000)
 tenured generation   total 12352K, used 12351K [0x19550000, 0x1a160000, 0x44000000)
   the space 12352K,  99% used [0x19550000, 0x1a15fff8, 0x1a160000, 0x1a160000)
 Metaspace       used 3388K, capacity 3462K, committed 3520K, reserved 4480K
}
Event: 3.293 GC heap before
{Heap before GC invocations=19 (full 3):
 def new generation   total 5632K, used 5056K [0x04000000, 0x04610000, 0x19550000)
  eden space 5056K, 100% used [0x04000000, 0x044f0000, 0x044f0000)
  from space 576K,   0% used [0x044f0000, 0x044f0000, 0x04580000)
  to   space 576K,   0% used [0x04580000, 0x04580000, 0x04610000)
 tenured generation   total 12352K, used 12351K [0x19550000, 0x1a160000, 0x44000000)
   the space 12352K,  99% used [0x19550000, 0x1a15fff8, 0x1a160000, 0x1a160000)
 Metaspace       used 3388K, capacity 3462K, committed 3520K, reserved 4480K
Event: 3.403 GC heap after
Heap after GC invocations=20 (full 4):
 def new generation   total 5952K, used 0K [0x04000000, 0x04670000, 0x19550000)
  eden space 5312K,   0% used [0x04000000, 0x04000000, 0x04530000)
  from space 640K,   0% used [0x04530000, 0x04530000, 0x045d0000)
  to   space 640K,   0% used [0x045d0000, 0x045d0000, 0x04670000)
 tenured generation   total 13120K, used 12974K [0x19550000, 0x1a220000, 0x44000000)
   the space 13120K,  98% used [0x19550000, 0x1a1fba48, 0x1a1fbc00, 0x1a220000)
 Metaspace       used 3388K, capacity 3462K, committed 3520K, reserved 4480K
}
Event: 3.419 GC heap before
{Heap before GC invocations=20 (full 4):
 def new generation   total 5952K, used 5312K [0x04000000, 0x04670000, 0x19550000)
  eden space 5312K, 100% used [0x04000000, 0x04530000, 0x04530000)
  from space 640K,   0% used [0x04530000, 0x04530000, 0x045d0000)
  to   space 640K,   0% used [0x045d0000, 0x045d0000, 0x04670000)
 tenured generation   total 13120K, used 12974K [0x19550000, 0x1a220000, 0x44000000)
   the space 13120K,  98% used [0x19550000, 0x1a1fba48, 0x1a1fbc00, 0x1a220000)
 Metaspace       used 3391K, capacity 3462K, committed 3520K, reserved 4480K
Event: 3.504 GC heap after
Heap after GC invocations=21 (full 5):
 def new generation   total 6080K, used 549K [0x04000000, 0x04690000, 0x19550000)
  eden space 5440K,  10% used [0x04000000, 0x040897b0, 0x04550000)
  from space 640K,   0% used [0x04550000, 0x04550000, 0x045f0000)
  to   space 640K,   0% used [0x045f0000, 0x045f0000, 0x04690000)
 tenured generation   total 13376K, used 13376K [0x19550000, 0x1a260000, 0x44000000)
   the space 13376K, 100% used [0x19550000, 0x1a260000, 0x1a260000, 0x1a260000)
 Metaspace       used 3391K, capacity 3462K, committed 3520K, reserved 4480K
}
Event: 3.524 GC heap before
{Heap before GC invocations=21 (full 5):
 def new generation   total 6080K, used 5440K [0x04000000, 0x04690000, 0x19550000)
  eden space 5440K, 100% used [0x04000000, 0x04550000, 0x04550000)
  from space 640K,   0% used [0x04550000, 0x04550000, 0x045f0000)
  to   space 640K,   0% used [0x045f0000, 0x045f0000, 0x04690000)
 tenured generation   total 13376K, used 13376K [0x19550000, 0x1a260000, 0x44000000)
   the space 13376K, 100% used [0x19550000, 0x1a260000, 0x1a260000, 0x1a260000)
 Metaspace       used 3391K, capacity 3462K, committed 3520K, reserved 4480K

Deoptimization events (0 events):
No events

Internal exceptions (2 events):
Event: 0.383 Thread 0x0099bc00 Exception <a 'java/lang/NoSuchMethodError': Method sun.misc.Unsafe.defineClass(Ljava/lang/String;[BII)Ljava/lang/Class; name or signature does not match> (0x04010a08) thrown at [D:\re\workspace\8-2-build-windows-i586-cygwin\jdk8u73\6086\hotspot\src\share\v„Þ=®‚Ø?
Event: 0.383 Thread 0x0099bc00 Exception <a 'java/lang/NoSuchMethodError': Method sun.misc.Unsafe.prefetchRead(Ljava/lang/Object;J)V name or signature does not match> (0x04010cd8) thrown at [D:\re\workspace\8-2-build-windows-i586-cygwin\jdk8u73\6086\hotspot\src\share\vm\prims\jni.cpp, l

Events (10 events):
Event: 3.133 Executing VM operation: GenCollectForAllocation done
Event: 3.188 Executing VM operation: GenCollectForAllocation
Event: 3.275 Executing VM operation: GenCollectForAllocation done
Event: 3.293 Executing VM operation: GenCollectForAllocation
Event: 3.403 Executing VM operation: GenCollectForAllocation done
Event: 3.411 loading class com/android/dx/cf/code/BytecodeArray$ConstantParserVisitor
Event: 3.411 loading class com/android/dx/cf/code/BytecodeArray$ConstantParserVisitor done
Event: 3.419 Executing VM operation: GenCollectForAllocation
Event: 3.504 Executing VM operation: GenCollectForAllocation done
Event: 3.524 Executing VM operation: GenCollectForAllocation


Dynamic libraries:
0x013b0000 - 0x013e3000 	C:\Program Files\Java\jdk1.8.0_73\bin\java.exe
0x77e40000 - 0x77faa000 	C:\Windows\SYSTEM32\ntdll.dll
0x77a30000 - 0x77b30000 	C:\Windows\system32\KERNEL32.DLL
0x75970000 - 0x75a49000 	C:\Windows\system32\KERNELBASE.dll
0x745b0000 - 0x74650000 	C:\Windows\system32\apphelp.dll
0x6d1a0000 - 0x6d406000 	C:\Windows\AppPatch\AcGenral.DLL
0x776b0000 - 0x77773000 	C:\Windows\system32\msvcrt.dll
0x77cd0000 - 0x77d11000 	C:\Windows\SYSTEM32\sechost.dll
0x756e0000 - 0x75703000 	C:\Windows\system32\SspiCli.dll
0x77870000 - 0x778b5000 	C:\Windows\system32\SHLWAPI.dll
0x74690000 - 0x7477e000 	C:\Windows\SYSTEM32\UxTheme.dll
0x778c0000 - 0x77a15000 	C:\Windows\system32\USER32.dll
0x77b30000 - 0x77c42000 	C:\Windows\system32\GDI32.dll
0x73f50000 - 0x73f73000 	C:\Windows\SYSTEM32\WINMM.dll
0x70890000 - 0x708a3000 	C:\Windows\SYSTEM32\samcli.dll
0x77090000 - 0x771b9000 	C:\Windows\system32\ole32.dll
0x77610000 - 0x776a7000 	C:\Windows\system32\OLEAUT32.dll
0x50110000 - 0x50127000 	C:\Windows\SYSTEM32\MSACM32.dll
0x73cf0000 - 0x73cf8000 	C:\Windows\SYSTEM32\VERSION.dll
0x75bb0000 - 0x76e6a000 	C:\Windows\system32\SHELL32.dll
0x74e60000 - 0x74e7b000 	C:\Windows\SYSTEM32\USERENV.dll
0x73f30000 - 0x73f4a000 	C:\Windows\SYSTEM32\dwmapi.dll
0x72e50000 - 0x72f9c000 	C:\Windows\SYSTEM32\urlmon.dll
0x77c50000 - 0x77ccc000 	C:\Windows\system32\ADVAPI32.dll
0x6f2d0000 - 0x6f335000 	C:\Windows\SYSTEM32\WINSPOOL.DRV
0x6f340000 - 0x6f356000 	C:\Windows\SYSTEM32\MPR.dll
0x771c0000 - 0x77290000 	C:\Windows\system32\RPCRT4.dll
0x77290000 - 0x7740d000 	C:\Windows\SYSTEM32\combase.dll
0x73b50000 - 0x73b73000 	C:\Windows\SYSTEM32\WINMMBASE.dll
0x75620000 - 0x7562f000 	C:\Windows\SYSTEM32\profapi.dll
0x730e0000 - 0x73314000 	C:\Windows\SYSTEM32\iertutil.dll
0x729e0000 - 0x72c3d000 	C:\Windows\SYSTEM32\WININET.dll
0x756a0000 - 0x756dc000 	C:\Windows\SYSTEM32\cfgmgr32.dll
0x747d0000 - 0x747f1000 	C:\Windows\SYSTEM32\DEVOBJ.dll
0x77410000 - 0x7749b000 	C:\Windows\system32\SHCORE.DLL
0x77830000 - 0x77856000 	C:\Windows\system32\IMM32.DLL
0x77d20000 - 0x77e32000 	C:\Windows\system32\MSCTF.dll
0x73d20000 - 0x73f26000 	C:\Windows\WinSxS\x86_microsoft.windows.common-controls_6595b64144ccf1df_6.0.9600.18006_none_a9ec6aab013aafee\COMCTL32.dll
0x6ef90000 - 0x6f04f000 	C:\Program Files\Java\jdk1.8.0_73\jre\bin\msvcr100.dll
0x6cdd0000 - 0x6d198000 	C:\Program Files\Java\jdk1.8.0_73\jre\bin\client\jvm.dll
0x6f200000 - 0x6f208000 	C:\Windows\SYSTEM32\WSOCK32.dll
0x77820000 - 0x77826000 	C:\Windows\system32\PSAPI.DLL
0x75ad0000 - 0x75b1f000 	C:\Windows\system32\WS2_32.dll
0x77a20000 - 0x77a27000 	C:\Windows\system32\NSI.dll
0x706a0000 - 0x706ac000 	C:\Program Files\Java\jdk1.8.0_73\jre\bin\verify.dll
0x6ff10000 - 0x6ff31000 	C:\Program Files\Java\jdk1.8.0_73\jre\bin\java.dll
0x6fef0000 - 0x6ff03000 	C:\Program Files\Java\jdk1.8.0_73\jre\bin\zip.dll

VM Arguments:
jvm_args: -Djava.awt.headless=true -Xmx1024M -Dfile.encoding=windows-1251 -Duser.country=RU -Duser.language=ru -Duser.variant 
java_command: com.android.dx.command.Main --dex --force-jumbo --num-threads=4 --multi-dex --output C:\Users\Admin\Desktop\hobby\app\build\intermediates\transforms\dex\debug\folders\1000\10\com.google.android.gms-play-services-nearby-10.2.4_1a34b61e90302b98bf0aa64ef908e0f591454d75 C:\Users\Admin\Desktop\hobby\app\build\intermediates\exploded-aar\com.google.android.gms\play-services-nearby\10.2.4\jars\classes.jar
java_class_path (initial): C:\Users\Admin\AppData\Local\Android\sdk\build-tools\23.0.2\lib\dx.jar
Launcher Type: SUN_STANDARD

Environment Variables:
JAVA_HOME=c:\Program Files\Java\jdk1.8.0_73\
PATH=C:\ProgramData\Oracle\Java\javapath;C:\Windows\system32;C:\Windows;C:\Windows\System32\Wbem;C:\Windows\System32\WindowsPowerShell\v1.0\;C:\Program Files\TortoiseGit\bin;C:\Program Files\QuickTime\QTSystem\;c:\Python27\;c:\Python27\Scripts\;c:\Program Files\Java\jdk1.8.0_73\bin\;c:\Program Files\Java\jdk1.8.0_73\lib\;c:\openssl\bin\;C:\Program Files\Git\cmd;C:\Program Files\Skype\Phone\;C:\Program Files\nodejs\;c:\Users\Admin\AppData\Local\Android\sdk\platform-tools\;C:\Users\Admin\AppData\Roaming\npm
USERNAME=Admin
OS=Windows_NT
PROCESSOR_IDENTIFIER=x86 Family 6 Model 37 Stepping 2, GenuineIntel



---------------  S Y S T E M  ---------------

OS: Windows 8.1 Build 9600 (6.3.9600.17415)

CPU:total 4 (2 cores per cpu, 2 threads per core) family 6 model 37 stepping 2, cmov, cx8, fxsr, mmx, sse, sse2, sse3, ssse3, sse4.1, sse4.2, popcnt, ht, tsc, tscinvbit

Memory: 4k page, physical 2546360k(123528k free), swap 5692088k(4968k free)

vm_info: Java HotSpot(TM) Client VM (25.73-b02) for windows-x86 JRE (1.8.0_73-b02), built on Jan 29 2016 17:05:52 by "java_re" with MS VC++ 10.0 (VS2010)

time: Thu Jul 13 14:14:30 2017
elapsed time: 3 seconds (0d 0h 0m 3s)

