#
# There is insufficient memory for the Java Runtime Environment to continue.
# Native memory allocation (malloc) failed to allocate 32756 bytes for ChunkPool::allocate
# Possible reasons:
#   The system is out of physical RAM or swap space
#   In 32 bit mode, the process size limit was hit
# Possible solutions:
#   Reduce memory load on the system
#   Increase physical memory or swap space
#   Check if swap backing store is full
#   Use 64 bit Java on a 64 bit OS
#   Decrease Java heap size (-Xmx/-Xms)
#   Decrease number of Java threads
#   Decrease Java thread stack sizes (-Xss)
#   Set larger code cache with -XX:ReservedCodeCacheSize=
# This output file may be truncated or incomplete.
#
#  Out of Memory Error (allocation.cpp:273), pid=7032, tid=184
#
# JRE version: Java(TM) SE Runtime Environment (8.0_73-b02) (build 1.8.0_73-b02)
# Java VM: Java HotSpot(TM) Client VM (25.73-b02 mixed mode windows-x86 )
# Failed to write core dump. Minidumps are not enabled by default on client versions of Windows
#

---------------  T H R E A D  ---------------

Current thread (0x445fd000):  JavaThread "C1 CompilerThread0" daemon [_thread_in_native, id=184, stack(0x03d80000,0x03dd0000)]

Stack: [0x03d80000,0x03dd0000],  sp=0x03dceb94,  free space=314k
Native frames: (J=compiled Java code, j=interpreted, Vv=VM code, C=native code)
V  [jvm.dll+0x1a7f9b]
V  [jvm.dll+0x1a0888]
V  [jvm.dll+0x8b771]
V  [jvm.dll+0x8b94d]
V  [jvm.dll+0x8bdc7]
V  [jvm.dll+0x2a198f]
V  [jvm.dll+0x2a1eb9]
V  [jvm.dll+0x286d49]
V  [jvm.dll+0x286e1a]
V  [jvm.dll+0x286f88]
V  [jvm.dll+0x287202]
V  [jvm.dll+0x6f4ea]
V  [jvm.dll+0x6fc9f]
V  [jvm.dll+0x17c03c]
V  [jvm.dll+0x17c12a]
V  [jvm.dll+0x1c0636]
C  [msvcr100.dll+0x5c556]
C  [msvcr100.dll+0x5c600]
C  [KERNEL32.DLL+0x4198]
C  [ntdll.dll+0x52cb1]
C  [ntdll.dll+0x52c7f]
C  0x00000000


Current CompileTask:
C1:    830  294   !         com.android.dx.cf.code.BytecodeArray::parseInstruction (2764 bytes)


---------------  P R O C E S S  ---------------

Java Threads: ( => current thread )
  0x44709400 JavaThread "pool-2-thread-4" [_thread_in_vm, id=668, stack(0x44a90000,0x44ae0000)]
  0x44710c00 JavaThread "pool-2-thread-3" [_thread_in_vm, id=5688, stack(0x44a40000,0x44a90000)]
  0x446f7400 JavaThread "pool-2-thread-2" [_thread_in_Java, id=5504, stack(0x449f0000,0x44a40000)]
  0x446fb000 JavaThread "pool-3-thread-1" [_thread_blocked, id=5612, stack(0x449a0000,0x449f0000)]
  0x446ef400 JavaThread "pool-2-thread-1" [_thread_in_Java, id=3104, stack(0x44950000,0x449a0000)]
  0x44616800 JavaThread "Service Thread" daemon [_thread_blocked, id=384, stack(0x448b0000,0x44900000)]
=>0x445fd000 JavaThread "C1 CompilerThread0" daemon [_thread_in_native, id=184, stack(0x03d80000,0x03dd0000)]
  0x445fc000 JavaThread "Attach Listener" daemon [_thread_blocked, id=5328, stack(0x03d30000,0x03d80000)]
  0x445fa400 JavaThread "Signal Dispatcher" daemon [_thread_blocked, id=6264, stack(0x01cd0000,0x01d20000)]
  0x445d6c00 JavaThread "Finalizer" daemon [_thread_blocked, id=7464, stack(0x01c80000,0x01cd0000)]
  0x445d2400 JavaThread "Reference Handler" daemon [_thread_blocked, id=1088, stack(0x01c30000,0x01c80000)]
  0x01d2bc00 JavaThread "main" [_thread_in_vm, id=7288, stack(0x019c0000,0x01a10000)]

Other Threads:
  0x01b0c400 VMThread [stack: 0x01be0000,0x01c30000] [id=5740]
  0x4462b800 WatcherThread [stack: 0x44900000,0x44950000] [id=7204]

VM state:not at safepoint (normal execution)

VM Mutex/Monitor currently owned by a thread:  ([mutex/lock_event])
[0x01d2af90] MethodData_lock - owner thread: 0x01d2bc00

Heap:
 def new generation   total 4928K, used 4030K [0x03e00000, 0x04350000, 0x19350000)
  eden space 4416K,  79% used [0x03e00000, 0x0416f890, 0x04250000)
  from space 512K, 100% used [0x04250000, 0x042d0000, 0x042d0000)
  to   space 512K,   0% used [0x042d0000, 0x042d0000, 0x04350000)
 tenured generation   total 10944K, used 1718K [0x19350000, 0x19e00000, 0x43e00000)
   the space 10944K,  15% used [0x19350000, 0x194fd9c0, 0x194fda00, 0x19e00000)
 Metaspace       used 3280K, capacity 3462K, committed 3520K, reserved 4480K

Card table byte_map: [0x43e00000,0x44010000] byte_map_base: 0x43de1000

Polling page: 0x01970000

CodeCache: size=32768Kb used=1131Kb max_used=1131Kb free=31636Kb
 bounds [0x01d30000, 0x01e50000, 0x03d30000]
 total_blobs=437 nmethods=294 adapters=74
 compilation: enabled

Compilation events (10 events):
Event: 0.735 Thread 0x445fd000 nmethod 289 0x01e49a88 code [0x01e49b90, 0x01e49c6c]
Event: 0.777 Thread 0x445fd000  290             com.android.dx.rop.code.BasicBlock::getPrimarySuccessor (5 bytes)
Event: 0.781 Thread 0x445fd000 nmethod 290 0x01e49fc8 code [0x01e4a0c0, 0x01e4a140]
Event: 0.781 Thread 0x445fd000  291             java.util.Arrays::hashCode (56 bytes)
Event: 0.782 Thread 0x445fd000 nmethod 291 0x01e4a188 code [0x01e4a290, 0x01e4a39c]
Event: 0.782 Thread 0x445fd000  292             com.android.dx.rop.code.BasicBlockList::labelToBlock (46 bytes)
Event: 0.782 Thread 0x445fd000 nmethod 292 0x01e4a488 code [0x01e4a5e0, 0x01e4a8e4]
Event: 0.782 Thread 0x445fd000  293             com.android.dx.rop.code.PlainInsn::accept (8 bytes)
Event: 0.782 Thread 0x445fd000 nmethod 293 0x01e4ab88 code [0x01e4ac90, 0x01e4ad2c]
Event: 0.782 Thread 0x445fd000  294   !         com.android.dx.cf.code.BytecodeArray::parseInstruction (2764 bytes)

GC Heap History (4 events):
Event: 0.419 GC heap before
{Heap before GC invocations=0 (full 0):
 def new generation   total 4928K, used 4416K [0x03e00000, 0x04350000, 0x19350000)
  eden space 4416K, 100% used [0x03e00000, 0x04250000, 0x04250000)
  from space 512K,   0% used [0x04250000, 0x04250000, 0x042d0000)
  to   space 512K,   0% used [0x042d0000, 0x042d0000, 0x04350000)
 tenured generation   total 10944K, used 0K [0x19350000, 0x19e00000, 0x43e00000)
   the space 10944K,   0% used [0x19350000, 0x19350000, 0x19350200, 0x19e00000)
 Metaspace       used 2613K, capacity 2854K, committed 2880K, reserved 4480K
Event: 0.425 GC heap after
Heap after GC invocations=1 (full 0):
 def new generation   total 4928K, used 512K [0x03e00000, 0x04350000, 0x19350000)
  eden space 4416K,   0% used [0x03e00000, 0x03e00000, 0x04250000)
  from space 512K, 100% used [0x042d0000, 0x04350000, 0x04350000)
  to   space 512K,   0% used [0x04250000, 0x04250000, 0x042d0000)
 tenured generation   total 10944K, used 799K [0x19350000, 0x19e00000, 0x43e00000)
   the space 10944K,   7% used [0x19350000, 0x19417c30, 0x19417e00, 0x19e00000)
 Metaspace       used 2613K, capacity 2854K, committed 2880K, reserved 4480K
}
Event: 0.621 GC heap before
{Heap before GC invocations=1 (full 0):
 def new generation   total 4928K, used 4758K [0x03e00000, 0x04350000, 0x19350000)
  eden space 4416K,  96% used [0x03e00000, 0x04225b68, 0x04250000)
  from space 512K, 100% used [0x042d0000, 0x04350000, 0x04350000)
  to   space 512K,   0% used [0x04250000, 0x04250000, 0x042d0000)
 tenured generation   total 10944K, used 799K [0x19350000, 0x19e00000, 0x43e00000)
   the space 10944K,   7% used [0x19350000, 0x19417c30, 0x19417e00, 0x19e00000)
 Metaspace       used 3155K, capacity 3366K, committed 3392K, reserved 4480K
Event: 0.629 GC heap after
Heap after GC invocations=2 (full 0):
 def new generation   total 4928K, used 512K [0x03e00000, 0x04350000, 0x19350000)
  eden space 4416K,   0% used [0x03e00000, 0x03e00000, 0x04250000)
  from space 512K, 100% used [0x04250000, 0x042d0000, 0x042d0000)
  to   space 512K,   0% used [0x042d0000, 0x042d0000, 0x04350000)
 tenured generation   total 10944K, used 1718K [0x19350000, 0x19e00000, 0x43e00000)
   the space 10944K,  15% used [0x19350000, 0x194fd9c0, 0x194fda00, 0x19e00000)
 Metaspace       used 3155K, capacity 3366K, committed 3392K, reserved 4480K
}

Deoptimization events (0 events):
No events

Internal exceptions (2 events):
Event: 0.112 Thread 0x01d2bc00 Exception <a 'java/lang/NoSuchMethodError': Method sun.misc.Unsafe.defineClass(Ljava/lang/String;[BII)Ljava/lang/Class; name or signature does not match> (0x03e10a08) thrown at [D:\re\workspace\8-2-build-windows-i586-cygwin\jdk8u73\6086\hotspot\src\share\vüÁÒ³Û¼?
Event: 0.113 Thread 0x01d2bc00 Exception <a 'java/lang/NoSuchMethodError': Method sun.misc.Unsafe.prefetchRead(Ljava/lang/Object;J)V name or signature does not match> (0x03e10cd8) thrown at [D:\re\workspace\8-2-build-windows-i586-cygwin\jdk8u73\6086\hotspot\src\share\vm\prims\jni.cpp, l

Events (10 events):
Event: 0.671 loading class com/android/dx/ssa/back/FirstFitLocalCombiningAllocator$Multiset
Event: 0.671 loading class com/android/dx/ssa/back/FirstFitLocalCombiningAllocator$Multiset done
Event: 0.675 loading class java/util/DualPivotQuicksort
Event: 0.681 loading class com/android/dx/dex/file/ParameterAnnotationStruct
Event: 0.681 loading class com/android/dx/dex/file/ParameterAnnotationStruct done
Event: 0.682 loading class com/android/dx/dex/file/UniformListItem
Event: 0.682 loading class com/android/dx/dex/file/UniformListItem done
Event: 0.683 loading class com/android/dx/dex/file/AnnotationSetRefItem
Event: 0.683 loading class com/android/dx/dex/file/AnnotationSetRefItem done
Event: 0.775 loading class java/util/DualPivotQuicksort done


Dynamic libraries:
0x00130000 - 0x00163000 	C:\Program Files\Java\jdk1.8.0_73\bin\java.exe
0x77920000 - 0x77a8a000 	C:\Windows\SYSTEM32\ntdll.dll
0x770e0000 - 0x771e0000 	C:\Windows\system32\KERNEL32.DLL
0x751c0000 - 0x75299000 	C:\Windows\system32\KERNELBASE.dll
0x74090000 - 0x74130000 	C:\Windows\system32\apphelp.dll
0x69630000 - 0x69896000 	C:\Windows\AppPatch\AcGenral.DLL
0x771e0000 - 0x772a3000 	C:\Windows\system32\msvcrt.dll
0x75540000 - 0x75581000 	C:\Windows\SYSTEM32\sechost.dll
0x75370000 - 0x75393000 	C:\Windows\system32\SspiCli.dll
0x778d0000 - 0x77915000 	C:\Windows\system32\SHLWAPI.dll
0x74170000 - 0x7425e000 	C:\Windows\SYSTEM32\UxTheme.dll
0x77400000 - 0x77555000 	C:\Windows\system32\USER32.dll
0x777b0000 - 0x778c2000 	C:\Windows\system32\GDI32.dll
0x73a10000 - 0x73a33000 	C:\Windows\SYSTEM32\WINMM.dll
0x70be0000 - 0x70bf3000 	C:\Windows\SYSTEM32\samcli.dll
0x77680000 - 0x777a9000 	C:\Windows\system32\ole32.dll
0x75590000 - 0x75627000 	C:\Windows\system32\OLEAUT32.dll
0x5bc30000 - 0x5bc47000 	C:\Windows\SYSTEM32\MSACM32.dll
0x73680000 - 0x73688000 	C:\Windows\SYSTEM32\VERSION.dll
0x75630000 - 0x768ea000 	C:\Windows\system32\SHELL32.dll
0x74930000 - 0x7494b000 	C:\Windows\SYSTEM32\USERENV.dll
0x73a40000 - 0x73a5a000 	C:\Windows\SYSTEM32\dwmapi.dll
0x72400000 - 0x7254c000 	C:\Windows\SYSTEM32\urlmon.dll
0x77600000 - 0x7767c000 	C:\Windows\system32\ADVAPI32.dll
0x6cec0000 - 0x6cf25000 	C:\Windows\SYSTEM32\WINSPOOL.DRV
0x6fff0000 - 0x70006000 	C:\Windows\SYSTEM32\MPR.dll
0x76e10000 - 0x76ee0000 	C:\Windows\system32\RPCRT4.dll
0x76c90000 - 0x76e0d000 	C:\Windows\SYSTEM32\combase.dll
0x734e0000 - 0x73503000 	C:\Windows\SYSTEM32\WINMMBASE.dll
0x75100000 - 0x7510f000 	C:\Windows\SYSTEM32\profapi.dll
0x72940000 - 0x72b74000 	C:\Windows\SYSTEM32\iertutil.dll
0x721a0000 - 0x723fd000 	C:\Windows\SYSTEM32\WININET.dll
0x75180000 - 0x751bc000 	C:\Windows\SYSTEM32\cfgmgr32.dll
0x742a0000 - 0x742c1000 	C:\Windows\SYSTEM32\DEVOBJ.dll
0x77050000 - 0x770db000 	C:\Windows\system32\SHCORE.DLL
0x772e0000 - 0x77306000 	C:\Windows\system32\IMM32.DLL
0x76ab0000 - 0x76bc2000 	C:\Windows\system32\MSCTF.dll
0x73800000 - 0x73a06000 	C:\Windows\WinSxS\x86_microsoft.windows.common-controls_6595b64144ccf1df_6.0.9600.18006_none_a9ec6aab013aafee\COMCTL32.dll
0x63460000 - 0x6351f000 	C:\Program Files\Java\jdk1.8.0_73\jre\bin\msvcr100.dll
0x5a8f0000 - 0x5acb8000 	C:\Program Files\Java\jdk1.8.0_73\jre\bin\client\jvm.dll
0x6ebb0000 - 0x6ebb8000 	C:\Windows\SYSTEM32\WSOCK32.dll
0x77310000 - 0x77316000 	C:\Windows\system32\PSAPI.DLL
0x773b0000 - 0x773ff000 	C:\Windows\system32\WS2_32.dll
0x772b0000 - 0x772b7000 	C:\Windows\system32\NSI.dll
0x73080000 - 0x7308c000 	C:\Program Files\Java\jdk1.8.0_73\jre\bin\verify.dll
0x71b70000 - 0x71b91000 	C:\Program Files\Java\jdk1.8.0_73\jre\bin\java.dll
0x72830000 - 0x72843000 	C:\Program Files\Java\jdk1.8.0_73\jre\bin\zip.dll
0x6ef40000 - 0x6f081000 	C:\Windows\SYSTEM32\dbghelp.dll

VM Arguments:
jvm_args: -Djava.awt.headless=true -Xmx1024M -Dfile.encoding=windows-1251 -Duser.country=US -Duser.language=en -Duser.variant 
java_command: com.android.dx.command.Main --dex --force-jumbo --num-threads=4 --multi-dex --output C:\Users\Admin\Desktop\hobby\app\build\intermediates\transforms\dex\debug\folders\1000\5\slice_7 C:\Users\Admin\Desktop\hobby\app\build\intermediates\transforms\instantRunSlicer\debug\folders\1\5\slice_7
java_class_path (initial): C:\Users\Admin\AppData\Local\Android\sdk\build-tools\24.0.2\lib\dx.jar
Launcher Type: SUN_STANDARD

Environment Variables:
JAVA_HOME=c:\Program Files\Java\jdk1.8.0_73\
PATH=C:\Program Files\Borland\Delphi7\Bin;C:\Program Files\Borland\Delphi7\Projects\Bpl\;C:\ProgramData\Oracle\Java\javapath;C:\Windows\system32;C:\Windows;C:\Windows\System32\Wbem;C:\Windows\System32\WindowsPowerShell\v1.0\;C:\Program Files\TortoiseGit\bin;C:\Program Files\QuickTime\QTSystem\;c:\Python27\;c:\Python27\Scripts\;c:\Program Files\Java\jdk1.8.0_73\bin\;c:\Program Files\Java\jdk1.8.0_73\lib\;c:\openssl\bin\;C:\Program Files\Git\cmd;C:\Program Files\Skype\Phone\
USERNAME=Admin
OS=Windows_NT
PROCESSOR_IDENTIFIER=x86 Family 6 Model 37 Stepping 2, GenuineIntel



---------------  S Y S T E M  ---------------

OS: Windows 8.1 Build 9600 (6.3.9600.17415)

CPU:total 4 (2 cores per cpu, 2 threads per core) family 6 model 37 stepping 2, cmov, cx8, fxsr, mmx, sse, sse2, sse3, ssse3, sse4.1, sse4.2, popcnt, ht, tsc, tscinvbit

Memory: 4k page, physical 2546360k(75884k free), swap 5692088k(5008k free)

vm_info: Java HotSpot(TM) Client VM (25.73-b02) for windows-x86 JRE (1.8.0_73-b02), built on Jan 29 2016 17:05:52 by "java_re" with MS VC++ 10.0 (VS2010)

time: Thu Mar 23 01:20:27 2017
elapsed time: 0 seconds (0d 0h 0m 0s)

