#
# There is insufficient memory for the Java Runtime Environment to continue.
# Native memory allocation (malloc) failed to allocate 32756 bytes for ChunkPool::allocate
# Possible reasons:
#   The system is out of physical RAM or swap space
#   In 32 bit mode, the process size limit was hit
# Possible solutions:
#   Reduce memory load on the system
#   Increase physical memory or swap space
#   Check if swap backing store is full
#   Use 64 bit Java on a 64 bit OS
#   Decrease Java heap size (-Xmx/-Xms)
#   Decrease number of Java threads
#   Decrease Java thread stack sizes (-Xss)
#   Set larger code cache with -XX:ReservedCodeCacheSize=
# This output file may be truncated or incomplete.
#
#  Out of Memory Error (allocation.cpp:273), pid=5208, tid=5040
#
# JRE version: Java(TM) SE Runtime Environment (8.0_73-b02) (build 1.8.0_73-b02)
# Java VM: Java HotSpot(TM) Client VM (25.73-b02 mixed mode windows-x86 )
# Failed to write core dump. Minidumps are not enabled by default on client versions of Windows
#

---------------  T H R E A D  ---------------

Current thread (0x449fc800):  JavaThread "C1 CompilerThread0" daemon [_thread_in_native, id=5040, stack(0x44d50000,0x44da0000)]

Stack: [0x44d50000,0x44da0000],  sp=0x44d9edd4,  free space=315k
Native frames: (J=compiled Java code, j=interpreted, Vv=VM code, C=native code)
V  [jvm.dll+0x1a7f9b]
V  [jvm.dll+0x1a0888]
V  [jvm.dll+0x8b771]
V  [jvm.dll+0x8b94d]
V  [jvm.dll+0x8bdc7]
V  [jvm.dll+0xa37a4]
V  [jvm.dll+0x28c220]
V  [jvm.dll+0x2910de]
V  [jvm.dll+0x292cc8]
V  [jvm.dll+0x29528d]
V  [jvm.dll+0x295727]
V  [jvm.dll+0x292152]
V  [jvm.dll+0x294336]
V  [jvm.dll+0x294d56]
V  [jvm.dll+0x298d1d]
V  [jvm.dll+0x298e6b]
V  [jvm.dll+0x286ae2]
V  [jvm.dll+0x286ccb]
V  [jvm.dll+0x286e1a]
V  [jvm.dll+0x286f88]
V  [jvm.dll+0x287202]
V  [jvm.dll+0x6f4ea]
V  [jvm.dll+0x6fc9f]
V  [jvm.dll+0x17c03c]
V  [jvm.dll+0x17c12a]
V  [jvm.dll+0x1c0636]
C  [msvcr100.dll+0x5c556]
C  [msvcr100.dll+0x5c600]
C  [KERNEL32.DLL+0x4198]
C  [ntdll.dll+0x52cb1]
C  [ntdll.dll+0x52c7f]
C  0x00000000


Current CompileTask:
C1:   5490 1134             com.android.dx.cf.direct.StdAttributeFactory::innerClasses (383 bytes)


---------------  P R O C E S S  ---------------

Java Threads: ( => current thread )
  0x44b4c400 JavaThread "pool-2-thread-4" [_thread_blocked, id=4288, stack(0x44f80000,0x44fd0000)]
  0x44b49800 JavaThread "pool-2-thread-3" [_thread_blocked, id=3844, stack(0x44f30000,0x44f80000)]
  0x44b49000 JavaThread "pool-2-thread-2" [_thread_in_Java, id=4340, stack(0x44ee0000,0x44f30000)]
  0x44b42000 JavaThread "pool-3-thread-1" [_thread_blocked, id=2360, stack(0x44e90000,0x44ee0000)]
  0x44b41c00 JavaThread "pool-2-thread-1" [_thread_blocked, id=3868, stack(0x44e40000,0x44e90000)]
  0x44a12c00 JavaThread "Service Thread" daemon [_thread_blocked, id=3268, stack(0x44da0000,0x44df0000)]
=>0x449fc800 JavaThread "C1 CompilerThread0" daemon [_thread_in_native, id=5040, stack(0x44d50000,0x44da0000)]
  0x449fb800 JavaThread "Attach Listener" daemon [_thread_blocked, id=3160, stack(0x44d00000,0x44d50000)]
  0x449f9800 JavaThread "Signal Dispatcher" daemon [_thread_blocked, id=5372, stack(0x44cb0000,0x44d00000)]
  0x449d6800 JavaThread "Finalizer" daemon [_thread_blocked, id=5280, stack(0x041b0000,0x04200000)]
  0x0209ec00 JavaThread "Reference Handler" daemon [_thread_blocked, id=5980, stack(0x04160000,0x041b0000)]
  0x0215bc00 JavaThread "main" [_thread_blocked, id=3132, stack(0x01ec0000,0x01f10000)]

Other Threads:
  0x0209c800 VMThread [stack: 0x01f40000,0x01f90000] [id=6016]
  0x44a2ac00 WatcherThread [stack: 0x44df0000,0x44e40000] [id=3536]

VM state:not at safepoint (normal execution)

VM Mutex/Monitor currently owned by a thread: None

Heap:
 def new generation   total 20608K, used 10946K [0x04200000, 0x05850000, 0x19750000)
  eden space 18368K,  47% used [0x04200000, 0x04a80b60, 0x053f0000)
  from space 2240K,  99% used [0x05620000, 0x0584fff8, 0x05850000)
  to   space 2240K,   0% used [0x053f0000, 0x053f0000, 0x05620000)
 tenured generation   total 45628K, used 28956K [0x19750000, 0x1c3df000, 0x44200000)
   the space 45628K,  63% used [0x19750000, 0x1b397350, 0x1b397400, 0x1c3df000)
 Metaspace       used 3407K, capacity 3494K, committed 3520K, reserved 4480K

Card table byte_map: [0x44200000,0x44410000] byte_map_base: 0x441df000

Polling page: 0x01f10000

CodeCache: size=32768Kb used=2704Kb max_used=2704Kb free=30063Kb
 bounds [0x02160000, 0x02408000, 0x04160000]
 total_blobs=1275 nmethods=1131 adapters=75
 compilation: enabled

Compilation events (10 events):
Event: 5.164 Thread 0x449fc800 nmethod 1129 0x02401248 code [0x02401370, 0x024014c0]
Event: 5.216 Thread 0x449fc800 1130   !         com.android.dx.dex.cf.CfTranslator::processFields (251 bytes)
Event: 5.219 Thread 0x449fc800 nmethod 1130 0x02401608 code [0x024018e0, 0x0240224c]
Event: 5.374 Thread 0x449fc800 1131             com.android.dx.rop.cst.CstType::hashCode (8 bytes)
Event: 5.375 Thread 0x449fc800 nmethod 1131 0x02403948 code [0x02403a50, 0x02403aec]
Event: 5.380 Thread 0x449fc800 1132             com.android.dx.ssa.back.FirstFitLocalCombiningAllocator$Multiset::getAndRemoveHighestCount (63 bytes)
Event: 5.381 Thread 0x449fc800 nmethod 1132 0x02403bc8 code [0x02403cd0, 0x02403e00]
Event: 5.441 Thread 0x449fc800 1133             java.util.concurrent.locks.ReentrantLock$Sync::tryRelease (45 bytes)
Event: 5.442 Thread 0x449fc800 nmethod 1133 0x02403f48 code [0x02404050, 0x0240418c]
Event: 5.445 Thread 0x449fc800 1134             com.android.dx.cf.direct.StdAttributeFactory::innerClasses (383 bytes)

GC Heap History (10 events):
Event: 4.260 GC heap before
{Heap before GC invocations=26 (full 2):
 def new generation   total 11712K, used 11712K [0x04200000, 0x04eb0000, 0x19750000)
  eden space 10432K, 100% used [0x04200000, 0x04c30000, 0x04c30000)
  from space 1280K, 100% used [0x04c30000, 0x04d70000, 0x04d70000)
  to   space 1280K,   0% used [0x04d70000, 0x04d70000, 0x04eb0000)
 tenured generation   total 25840K, used 20808K [0x19750000, 0x1b08c000, 0x44200000)
   the space 25840K,  80% used [0x19750000, 0x1aba22b8, 0x1aba2400, 0x1b08c000)
 Metaspace       used 3407K, capacity 3494K, committed 3520K, reserved 4480K
Event: 4.277 GC heap after
Heap after GC invocations=27 (full 2):
 def new generation   total 11712K, used 1279K [0x04200000, 0x04eb0000, 0x19750000)
  eden space 10432K,   0% used [0x04200000, 0x04200000, 0x04c30000)
  from space 1280K,  99% used [0x04d70000, 0x04eafff8, 0x04eb0000)
  to   space 1280K,   0% used [0x04c30000, 0x04c30000, 0x04d70000)
 tenured generation   total 25840K, used 22050K [0x19750000, 0x1b08c000, 0x44200000)
   the space 25840K,  85% used [0x19750000, 0x1acd8930, 0x1acd8a00, 0x1b08c000)
 Metaspace       used 3407K, capacity 3494K, committed 3520K, reserved 4480K
}
Event: 4.475 GC heap before
{Heap before GC invocations=27 (full 2):
 def new generation   total 11712K, used 11711K [0x04200000, 0x04eb0000, 0x19750000)
  eden space 10432K, 100% used [0x04200000, 0x04c30000, 0x04c30000)
  from space 1280K,  99% used [0x04d70000, 0x04eafff8, 0x04eb0000)
  to   space 1280K,   0% used [0x04c30000, 0x04c30000, 0x04d70000)
 tenured generation   total 25840K, used 22050K [0x19750000, 0x1b08c000, 0x44200000)
   the space 25840K,  85% used [0x19750000, 0x1acd8930, 0x1acd8a00, 0x1b08c000)
 Metaspace       used 3407K, capacity 3494K, committed 3520K, reserved 4480K
Event: 4.494 GC heap after
Heap after GC invocations=28 (full 2):
 def new generation   total 11712K, used 1279K [0x04200000, 0x04eb0000, 0x19750000)
  eden space 10432K,   0% used [0x04200000, 0x04200000, 0x04c30000)
  from space 1280K,  99% used [0x04c30000, 0x04d6fff8, 0x04d70000)
  to   space 1280K,   0% used [0x04d70000, 0x04d70000, 0x04eb0000)
 tenured generation   total 25840K, used 23837K [0x19750000, 0x1b08c000, 0x44200000)
   the space 25840K,  92% used [0x19750000, 0x1ae97698, 0x1ae97800, 0x1b08c000)
 Metaspace       used 3407K, capacity 3494K, committed 3520K, reserved 4480K
}
Event: 4.721 GC heap before
{Heap before GC invocations=28 (full 2):
 def new generation   total 11712K, used 11711K [0x04200000, 0x04eb0000, 0x19750000)
  eden space 10432K, 100% used [0x04200000, 0x04c30000, 0x04c30000)
  from space 1280K,  99% used [0x04c30000, 0x04d6fff8, 0x04d70000)
  to   space 1280K,   0% used [0x04d70000, 0x04d70000, 0x04eb0000)
 tenured generation   total 25840K, used 23837K [0x19750000, 0x1b08c000, 0x44200000)
   the space 25840K,  92% used [0x19750000, 0x1ae97698, 0x1ae97800, 0x1b08c000)
 Metaspace       used 3407K, capacity 3494K, committed 3520K, reserved 4480K
Event: 4.739 GC heap after
Heap after GC invocations=29 (full 2):
 def new generation   total 11712K, used 1280K [0x04200000, 0x04eb0000, 0x19750000)
  eden space 10432K,   0% used [0x04200000, 0x04200000, 0x04c30000)
  from space 1280K, 100% used [0x04d70000, 0x04eb0000, 0x04eb0000)
  to   space 1280K,   0% used [0x04c30000, 0x04c30000, 0x04d70000)
 tenured generation   total 25840K, used 25266K [0x19750000, 0x1b08c000, 0x44200000)
   the space 25840K,  97% used [0x19750000, 0x1affc808, 0x1affca00, 0x1b08c000)
 Metaspace       used 3407K, capacity 3494K, committed 3520K, reserved 4480K
}
Event: 4.843 GC heap before
{Heap before GC invocations=29 (full 2):
 def new generation   total 11712K, used 11712K [0x04200000, 0x04eb0000, 0x19750000)
  eden space 10432K, 100% used [0x04200000, 0x04c30000, 0x04c30000)
  from space 1280K, 100% used [0x04d70000, 0x04eb0000, 0x04eb0000)
  to   space 1280K,   0% used [0x04c30000, 0x04c30000, 0x04d70000)
 tenured generation   total 25840K, used 25266K [0x19750000, 0x1b08c000, 0x44200000)
   the space 25840K,  97% used [0x19750000, 0x1affc808, 0x1affca00, 0x1b08c000)
 Metaspace       used 3407K, capacity 3494K, committed 3520K, reserved 4480K
Event: 5.055 GC heap after
Heap after GC invocations=30 (full 3):
 def new generation   total 20608K, used 720K [0x04200000, 0x05850000, 0x19750000)
  eden space 18368K,   3% used [0x04200000, 0x042b4290, 0x053f0000)
  from space 2240K,   0% used [0x053f0000, 0x053f0000, 0x05620000)
  to   space 2240K,   0% used [0x05620000, 0x05620000, 0x05850000)
 tenured generation   total 45628K, used 27375K [0x19750000, 0x1c3df000, 0x44200000)
   the space 45628K,  59% used [0x19750000, 0x1b20bef8, 0x1b20c000, 0x1c3df000)
 Metaspace       used 3407K, capacity 3494K, committed 3520K, reserved 4480K
}
Event: 5.285 GC heap before
{Heap before GC invocations=30 (full 3):
 def new generation   total 20608K, used 18368K [0x04200000, 0x05850000, 0x19750000)
  eden space 18368K, 100% used [0x04200000, 0x053f0000, 0x053f0000)
  from space 2240K,   0% used [0x053f0000, 0x053f0000, 0x05620000)
  to   space 2240K,   0% used [0x05620000, 0x05620000, 0x05850000)
 tenured generation   total 45628K, used 27375K [0x19750000, 0x1c3df000, 0x44200000)
   the space 45628K,  59% used [0x19750000, 0x1b20bef8, 0x1b20c000, 0x1c3df000)
 Metaspace       used 3407K, capacity 3494K, committed 3520K, reserved 4480K
Event: 5.338 GC heap after
Heap after GC invocations=31 (full 3):
 def new generation   total 20608K, used 2239K [0x04200000, 0x05850000, 0x19750000)
  eden space 18368K,   0% used [0x04200000, 0x04200000, 0x053f0000)
  from space 2240K,  99% used [0x05620000, 0x0584fff8, 0x05850000)
  to   space 2240K,   0% used [0x053f0000, 0x053f0000, 0x05620000)
 tenured generation   total 45628K, used 28956K [0x19750000, 0x1c3df000, 0x44200000)
   the space 45628K,  63% used [0x19750000, 0x1b397350, 0x1b397400, 0x1c3df000)
 Metaspace       used 3407K, capacity 3494K, committed 3520K, reserved 4480K
}

Deoptimization events (0 events):
No events

Internal exceptions (2 events):
Event: 0.132 Thread 0x0215bc00 Exception <a 'java/lang/NoSuchMethodError': Method sun.misc.Unsafe.defineClass(Ljava/lang/String;[BII)Ljava/lang/Class; name or signature does not match> (0x04210a08) thrown at [D:\re\workspace\8-2-build-windows-i586-cygwin\jdk8u73\6086\hotspot\src\share\v/I•U9õÀ?
Event: 0.132 Thread 0x0215bc00 Exception <a 'java/lang/NoSuchMethodError': Method sun.misc.Unsafe.prefetchRead(Ljava/lang/Object;J)V name or signature does not match> (0x04210cd8) thrown at [D:\re\workspace\8-2-build-windows-i586-cygwin\jdk8u73\6086\hotspot\src\share\vm\prims\jni.cpp, l

Events (10 events):
Event: 4.327 Executing VM operation: EnableBiasedLocking
Event: 4.328 Executing VM operation: EnableBiasedLocking done
Event: 4.353 Executing VM operation: GenCollectForAllocation
Event: 4.494 Executing VM operation: GenCollectForAllocation done
Event: 4.582 Executing VM operation: GenCollectForAllocation
Event: 4.739 Executing VM operation: GenCollectForAllocation done
Event: 4.842 Executing VM operation: GenCollectForAllocation
Event: 5.055 Executing VM operation: GenCollectForAllocation done
Event: 5.223 Executing VM operation: GenCollectForAllocation
Event: 5.338 Executing VM operation: GenCollectForAllocation done


Dynamic libraries:
0x001a0000 - 0x001d3000 	C:\Program Files\Java\jdk1.8.0_73\bin\java.exe
0x773d0000 - 0x7753a000 	C:\Windows\SYSTEM32\ntdll.dll
0x75250000 - 0x75350000 	C:\Windows\system32\KERNEL32.DLL
0x74d30000 - 0x74e09000 	C:\Windows\system32\KERNELBASE.dll
0x73b40000 - 0x73be0000 	C:\Windows\system32\apphelp.dll
0x510c0000 - 0x51326000 	C:\Windows\AppPatch\AcGenral.DLL
0x75d20000 - 0x75de3000 	C:\Windows\system32\msvcrt.dll
0x75c80000 - 0x75cc1000 	C:\Windows\SYSTEM32\sechost.dll
0x74c30000 - 0x74c53000 	C:\Windows\system32\SspiCli.dll
0x75170000 - 0x751b5000 	C:\Windows\system32\SHLWAPI.dll
0x73c20000 - 0x73d0e000 	C:\Windows\SYSTEM32\UxTheme.dll
0x75df0000 - 0x75f45000 	C:\Windows\system32\USER32.dll
0x75f50000 - 0x76062000 	C:\Windows\system32\GDI32.dll
0x734c0000 - 0x734e3000 	C:\Windows\SYSTEM32\WINMM.dll
0x70270000 - 0x70283000 	C:\Windows\SYSTEM32\samcli.dll
0x753f0000 - 0x75519000 	C:\Windows\system32\ole32.dll
0x75350000 - 0x753e7000 	C:\Windows\system32\OLEAUT32.dll
0x5f610000 - 0x5f627000 	C:\Windows\SYSTEM32\MSACM32.dll
0x73280000 - 0x73288000 	C:\Windows\SYSTEM32\VERSION.dll
0x76110000 - 0x773ca000 	C:\Windows\system32\SHELL32.dll
0x74390000 - 0x743ab000 	C:\Windows\SYSTEM32\USERENV.dll
0x734f0000 - 0x7350a000 	C:\Windows\SYSTEM32\dwmapi.dll
0x72300000 - 0x7244c000 	C:\Windows\SYSTEM32\urlmon.dll
0x757d0000 - 0x7584c000 	C:\Windows\system32\ADVAPI32.dll
0x696d0000 - 0x69735000 	C:\Windows\SYSTEM32\WINSPOOL.DRV
0x6edd0000 - 0x6ede6000 	C:\Windows\SYSTEM32\MPR.dll
0x75590000 - 0x75660000 	C:\Windows\system32\RPCRT4.dll
0x74ff0000 - 0x7516d000 	C:\Windows\SYSTEM32\combase.dll
0x73100000 - 0x73123000 	C:\Windows\SYSTEM32\WINMMBASE.dll
0x74bb0000 - 0x74bbf000 	C:\Windows\SYSTEM32\profapi.dll
0x725c0000 - 0x727f4000 	C:\Windows\SYSTEM32\iertutil.dll
0x71fd0000 - 0x7222d000 	C:\Windows\SYSTEM32\WININET.dll
0x74fa0000 - 0x74fdc000 	C:\Windows\SYSTEM32\cfgmgr32.dll
0x73d50000 - 0x73d71000 	C:\Windows\SYSTEM32\DEVOBJ.dll
0x75bf0000 - 0x75c7b000 	C:\Windows\system32\SHCORE.DLL
0x75970000 - 0x75996000 	C:\Windows\system32\IMM32.DLL
0x75850000 - 0x75962000 	C:\Windows\system32\MSCTF.dll
0x732b0000 - 0x734b6000 	C:\Windows\WinSxS\x86_microsoft.windows.common-controls_6595b64144ccf1df_6.0.9600.18006_none_a9ec6aab013aafee\COMCTL32.dll
0x5e1d0000 - 0x5e28f000 	C:\Program Files\Java\jdk1.8.0_73\jre\bin\msvcr100.dll
0x6c990000 - 0x6cd58000 	C:\Program Files\Java\jdk1.8.0_73\jre\bin\client\jvm.dll
0x69d70000 - 0x69d78000 	C:\Windows\SYSTEM32\WSOCK32.dll
0x759a0000 - 0x759a6000 	C:\Windows\system32\PSAPI.DLL
0x75cd0000 - 0x75d1f000 	C:\Windows\system32\WS2_32.dll
0x74fe0000 - 0x74fe7000 	C:\Windows\system32\NSI.dll
0x6f770000 - 0x6f77c000 	C:\Program Files\Java\jdk1.8.0_73\jre\bin\verify.dll
0x68670000 - 0x68691000 	C:\Program Files\Java\jdk1.8.0_73\jre\bin\java.dll
0x68650000 - 0x68663000 	C:\Program Files\Java\jdk1.8.0_73\jre\bin\zip.dll
0x6d130000 - 0x6d271000 	C:\Windows\SYSTEM32\dbghelp.dll

VM Arguments:
jvm_args: -Djava.awt.headless=true -Xmx1024M -Dfile.encoding=windows-1251 -Duser.country=RU -Duser.language=ru -Duser.variant 
java_command: com.android.dx.command.Main --dex --force-jumbo --num-threads=4 --multi-dex --output C:\Users\Admin\Desktop\hobby\app\build\intermediates\transforms\dex\debug\folders\1000\10\com.android.support-support-v4-23.4.0_a67fce51587d0402bef14e24074b5c60afe9030a C:\Users\Admin\Desktop\hobby\app\build\intermediates\exploded-aar\com.android.support\support-v4\23.4.0\jars\classes.jar
java_class_path (initial): C:\Users\Admin\AppData\Local\Android\sdk\build-tools\23.0.2\lib\dx.jar
Launcher Type: SUN_STANDARD

Environment Variables:
JAVA_HOME=c:\Program Files\Java\jdk1.8.0_73\
PATH=C:\ProgramData\Oracle\Java\javapath;C:\Windows\system32;C:\Windows;C:\Windows\System32\Wbem;C:\Windows\System32\WindowsPowerShell\v1.0\;C:\Program Files\TortoiseGit\bin;C:\Program Files\QuickTime\QTSystem\;c:\Python27\;c:\Python27\Scripts\;c:\Program Files\Java\jdk1.8.0_73\bin\;c:\Program Files\Java\jdk1.8.0_73\lib\;c:\openssl\bin\;C:\Program Files\Git\cmd;C:\Program Files\nodejs\;c:\Users\Admin\AppData\Local\Android\sdk\platform-tools\;C:\Program Files\Skype\Phone\;C:\Program Files\PuTTY\;C:\Users\Admin\AppData\Roaming\npm
USERNAME=Admin
OS=Windows_NT
PROCESSOR_IDENTIFIER=x86 Family 6 Model 37 Stepping 2, GenuineIntel



---------------  S Y S T E M  ---------------

OS: Windows 8.1 Build 9600 (6.3.9600.17415)

CPU:total 4 (2 cores per cpu, 2 threads per core) family 6 model 37 stepping 2, cmov, cx8, fxsr, mmx, sse, sse2, sse3, ssse3, sse4.1, sse4.2, popcnt, ht, tsc, tscinvbit

Memory: 4k page, physical 2546360k(113912k free), swap 5692088k(5080k free)

vm_info: Java HotSpot(TM) Client VM (25.73-b02) for windows-x86 JRE (1.8.0_73-b02), built on Jan 29 2016 17:05:52 by "java_re" with MS VC++ 10.0 (VS2010)

time: Thu Aug 31 19:06:27 2017
elapsed time: 5 seconds (0d 0h 0m 5s)

