#
# There is insufficient memory for the Java Runtime Environment to continue.
# Native memory allocation (malloc) failed to allocate 4092 bytes for AllocateHeap
# Possible reasons:
#   The system is out of physical RAM or swap space
#   In 32 bit mode, the process size limit was hit
# Possible solutions:
#   Reduce memory load on the system
#   Increase physical memory or swap space
#   Check if swap backing store is full
#   Use 64 bit Java on a 64 bit OS
#   Decrease Java heap size (-Xmx/-Xms)
#   Decrease number of Java threads
#   Decrease Java thread stack sizes (-Xss)
#   Set larger code cache with -XX:ReservedCodeCacheSize=
# This output file may be truncated or incomplete.
#
#  Out of Memory Error (memory/allocation.inline.hpp:61), pid=5880, tid=4120
#
# JRE version: Java(TM) SE Runtime Environment (8.0_73-b02) (build 1.8.0_73-b02)
# Java VM: Java HotSpot(TM) Client VM (25.73-b02 mixed mode windows-x86 )
# Failed to write core dump. Minidumps are not enabled by default on client versions of Windows
#

---------------  T H R E A D  ---------------

Current thread (0x01cdc800):  VMThread [stack: 0x01d80000,0x01dd0000] [id=4120]

Stack: [0x01d80000,0x01dd0000],  sp=0x01dce384,  free space=312k
Native frames: (J=compiled Java code, j=interpreted, Vv=VM code, C=native code)
V  [jvm.dll+0x1a7f9b]
V  [jvm.dll+0x1bef80]
V  [jvm.dll+0x1c0648]
C  [msvcr100.dll+0x5c556]
C  [msvcr100.dll+0x5c600]
C  [KERNEL32.DLL+0x4198]
C  [ntdll.dll+0x52cb1]
C  [ntdll.dll+0x52c7f]

VM_Operation (0x44c9efa4): GenCollectForAllocation, mode: safepoint, requested by thread 0x44905000


---------------  P R O C E S S  ---------------

Java Threads: ( => current thread )
  0x44905000 JavaThread "pool-2-thread-4" [_thread_blocked, id=4252, stack(0x44c50000,0x44ca0000)]
  0x44902400 JavaThread "pool-2-thread-3" [_thread_blocked, id=1780, stack(0x44c00000,0x44c50000)]
  0x44901400 JavaThread "pool-2-thread-2" [_thread_blocked, id=5592, stack(0x44bb0000,0x44c00000)]
  0x448ff800 JavaThread "pool-3-thread-1" [_thread_blocked, id=5496, stack(0x44b60000,0x44bb0000)]
  0x448ff000 JavaThread "pool-2-thread-1" [_thread_blocked, id=3904, stack(0x44b10000,0x44b60000)]
  0x44801800 JavaThread "Service Thread" daemon [_thread_blocked, id=728, stack(0x44a70000,0x44ac0000)]
  0x44809000 JavaThread "C1 CompilerThread0" daemon [_thread_blocked, id=4036, stack(0x44a20000,0x44a70000)]
  0x44808000 JavaThread "Attach Listener" daemon [_thread_blocked, id=4184, stack(0x449d0000,0x44a20000)]
  0x44806000 JavaThread "Signal Dispatcher" daemon [_thread_blocked, id=2340, stack(0x01e70000,0x01ec0000)]
  0x447d7000 JavaThread "Finalizer" daemon [_thread_blocked, id=3032, stack(0x01e20000,0x01e70000)]
  0x447d2400 JavaThread "Reference Handler" daemon [_thread_blocked, id=492, stack(0x01dd0000,0x01e20000)]
  0x01edbc00 JavaThread "main" [_thread_blocked, id=2368, stack(0x01b60000,0x01bb0000)]

Other Threads:
=>0x01cdc800 VMThread [stack: 0x01d80000,0x01dd0000] [id=4120]
  0x4482b800 WatcherThread [stack: 0x44ac0000,0x44b10000] [id=4544]

VM state:at safepoint (normal execution)

VM Mutex/Monitor currently owned by a thread:  ([mutex/lock_event])
[0x01eda420] Threads_lock - owner thread: 0x01cdc800
[0x01edaaf8] Heap_lock - owner thread: 0x44905000

Heap:
 def new generation   total 12672K, used 12672K [0x04000000, 0x04db0000, 0x19550000)
  eden space 11328K, 100% used [0x04000000, 0x04b10000, 0x04b10000)
  from space 1344K, 100% used [0x04c60000, 0x04db0000, 0x04db0000)
  to   space 1344K,   0% used [0x04b10000, 0x04b10000, 0x04c60000)
 tenured generation   total 28976K, used 28976K [0x19550000, 0x1b19c000, 0x44000000)
   the space 28976K, 100% used [0x19550000, 0x1b19c000, 0x1b19c000, 0x1b19c000)
 Metaspace       used 3327K, capacity 3494K, committed 3520K, reserved 4480K

Card table byte_map: [0x44000000,0x44210000] byte_map_base: 0x43fe0000

Polling page: 0x01bb0000

CodeCache: size=32768Kb used=2350Kb max_used=2350Kb free=30417Kb
 bounds [0x01ee0000, 0x02130000, 0x03ee0000]
 total_blobs=1040 nmethods=894 adapters=76
 compilation: enabled

Compilation events (10 events):
Event: 6.153 Thread 0x44809000  891             com.android.dx.ssa.ConstCollector::run (236 bytes)
Event: 6.157 Thread 0x44809000 nmethod 891 0x02126288 code [0x021265f0, 0x021273f0]
Event: 6.157 Thread 0x44809000  892             com.android.dx.ssa.DeadCodeRemover::process (14 bytes)
Event: 6.157 Thread 0x44809000 nmethod 892 0x02129288 code [0x02129390, 0x02129478]
Event: 6.157 Thread 0x44809000  893             com.android.dx.ssa.DeadCodeRemover::<init> (44 bytes)
Event: 6.157 Thread 0x44809000 nmethod 893 0x02129508 code [0x02129620, 0x02129758]
Event: 6.196 Thread 0x44809000  894             com.android.dx.ssa.back.FirstFitLocalCombiningAllocator::handleLocalAssociatedParams (132 bytes)
Event: 6.197 Thread 0x44809000 nmethod 894 0x02129848 code [0x021299f0, 0x02129d24]
Event: 6.209 Thread 0x44809000  895             com.android.dx.cf.code.BaseMachine::popArgs (204 bytes)
Event: 6.210 Thread 0x44809000 nmethod 895 0x0212a2c8 code [0x0212a5a0, 0x0212af24]

GC Heap History (10 events):
Event: 4.479 GC heap after
Heap after GC invocations=21 (full 2):
 def new generation   total 10560K, used 1152K [0x04000000, 0x04b70000, 0x19550000)
  eden space 9408K,   0% used [0x04000000, 0x04000000, 0x04930000)
  from space 1152K, 100% used [0x04930000, 0x04a50000, 0x04a50000)
  to   space 1152K,   0% used [0x04a50000, 0x04a50000, 0x04b70000)
 tenured generation   total 23280K, used 19734K [0x19550000, 0x1ac0c000, 0x44000000)
   the space 23280K,  84% used [0x19550000, 0x1a8958f0, 0x1a895a00, 0x1ac0c000)
 Metaspace       used 3326K, capacity 3494K, committed 3520K, reserved 4480K
}
Event: 4.987 GC heap before
{Heap before GC invocations=21 (full 2):
 def new generation   total 10560K, used 10560K [0x04000000, 0x04b70000, 0x19550000)
  eden space 9408K, 100% used [0x04000000, 0x04930000, 0x04930000)
  from space 1152K, 100% used [0x04930000, 0x04a50000, 0x04a50000)
  to   space 1152K,   0% used [0x04a50000, 0x04a50000, 0x04b70000)
 tenured generation   total 23280K, used 19734K [0x19550000, 0x1ac0c000, 0x44000000)
   the space 23280K,  84% used [0x19550000, 0x1a8958f0, 0x1a895a00, 0x1ac0c000)
 Metaspace       used 3327K, capacity 3494K, committed 3520K, reserved 4480K
Event: 5.006 GC heap after
Heap after GC invocations=22 (full 2):
 def new generation   total 10560K, used 1152K [0x04000000, 0x04b70000, 0x19550000)
  eden space 9408K,   0% used [0x04000000, 0x04000000, 0x04930000)
  from space 1152K, 100% used [0x04a50000, 0x04b70000, 0x04b70000)
  to   space 1152K,   0% used [0x04930000, 0x04930000, 0x04a50000)
 tenured generation   total 23280K, used 21988K [0x19550000, 0x1ac0c000, 0x44000000)
   the space 23280K,  94% used [0x19550000, 0x1aac9048, 0x1aac9200, 0x1ac0c000)
 Metaspace       used 3327K, capacity 3494K, committed 3520K, reserved 4480K
}
Event: 5.155 GC heap before
{Heap before GC invocations=22 (full 2):
 def new generation   total 10560K, used 10560K [0x04000000, 0x04b70000, 0x19550000)
  eden space 9408K, 100% used [0x04000000, 0x04930000, 0x04930000)
  from space 1152K, 100% used [0x04a50000, 0x04b70000, 0x04b70000)
  to   space 1152K,   0% used [0x04930000, 0x04930000, 0x04a50000)
 tenured generation   total 23280K, used 21988K [0x19550000, 0x1ac0c000, 0x44000000)
   the space 23280K,  94% used [0x19550000, 0x1aac9048, 0x1aac9200, 0x1ac0c000)
 Metaspace       used 3327K, capacity 3494K, committed 3520K, reserved 4480K
Event: 5.333 GC heap after
Heap after GC invocations=23 (full 3):
 def new generation   total 11200K, used 198K [0x04000000, 0x04c20000, 0x19550000)
  eden space 9984K,   1% used [0x04000000, 0x04031800, 0x049c0000)
  from space 1216K,   0% used [0x049c0000, 0x049c0000, 0x04af0000)
  to   space 1216K,   0% used [0x04af0000, 0x04af0000, 0x04c20000)
 tenured generation   total 24688K, used 24687K [0x19550000, 0x1ad6c000, 0x44000000)
   the space 24688K,  99% used [0x19550000, 0x1ad6bfd8, 0x1ad6c000, 0x1ad6c000)
 Metaspace       used 3327K, capacity 3494K, committed 3520K, reserved 4480K
}
Event: 5.554 GC heap before
{Heap before GC invocations=23 (full 3):
 def new generation   total 11200K, used 9984K [0x04000000, 0x04c20000, 0x19550000)
  eden space 9984K, 100% used [0x04000000, 0x049c0000, 0x049c0000)
  from space 1216K,   0% used [0x049c0000, 0x049c0000, 0x04af0000)
  to   space 1216K,   0% used [0x04af0000, 0x04af0000, 0x04c20000)
 tenured generation   total 24688K, used 24687K [0x19550000, 0x1ad6c000, 0x44000000)
   the space 24688K,  99% used [0x19550000, 0x1ad6bfd8, 0x1ad6c000, 0x1ad6c000)
 Metaspace       used 3327K, capacity 3494K, committed 3520K, reserved 4480K
Event: 5.798 GC heap after
Heap after GC invocations=24 (full 4):
 def new generation   total 12608K, used 0K [0x04000000, 0x04da0000, 0x19550000)
  eden space 11264K,   0% used [0x04000000, 0x04000000, 0x04b00000)
  from space 1344K,   0% used [0x04b00000, 0x04b00000, 0x04c50000)
  to   space 1344K,   0% used [0x04c50000, 0x04c50000, 0x04da0000)
 tenured generation   total 27760K, used 26187K [0x19550000, 0x1b06c000, 0x44000000)
   the space 27760K,  94% used [0x19550000, 0x1aee2db0, 0x1aee2e00, 0x1b06c000)
 Metaspace       used 3327K, capacity 3494K, committed 3520K, reserved 4480K
}
Event: 5.922 GC heap before
{Heap before GC invocations=24 (full 4):
 def new generation   total 12608K, used 11264K [0x04000000, 0x04da0000, 0x19550000)
  eden space 11264K, 100% used [0x04000000, 0x04b00000, 0x04b00000)
  from space 1344K,   0% used [0x04b00000, 0x04b00000, 0x04c50000)
  to   space 1344K,   0% used [0x04c50000, 0x04c50000, 0x04da0000)
 tenured generation   total 27760K, used 26187K [0x19550000, 0x1b06c000, 0x44000000)
   the space 27760K,  94% used [0x19550000, 0x1aee2db0, 0x1aee2e00, 0x1b06c000)
 Metaspace       used 3327K, capacity 3494K, committed 3520K, reserved 4480K
Event: 6.129 GC heap after
Heap after GC invocations=25 (full 5):
 def new generation   total 12672K, used 736K [0x04000000, 0x04db0000, 0x19550000)
  eden space 11328K,   6% used [0x04000000, 0x040b83b0, 0x04b10000)
  from space 1344K,   0% used [0x04b10000, 0x04b10000, 0x04c60000)
  to   space 1344K,   0% used [0x04c60000, 0x04c60000, 0x04db0000)
 tenured generation   total 27888K, used 27887K [0x19550000, 0x1b08c000, 0x44000000)
   the space 27888K,  99% used [0x19550000, 0x1b08bff0, 0x1b08c000, 0x1b08c000)
 Metaspace       used 3327K, capacity 3494K, committed 3520K, reserved 4480K
}
Event: 6.374 GC heap before
{Heap before GC invocations=25 (full 5):
 def new generation   total 12672K, used 11328K [0x04000000, 0x04db0000, 0x19550000)
  eden space 11328K, 100% used [0x04000000, 0x04b10000, 0x04b10000)
  from space 1344K,   0% used [0x04b10000, 0x04b10000, 0x04c60000)
  to   space 1344K,   0% used [0x04c60000, 0x04c60000, 0x04db0000)
 tenured generation   total 27888K, used 27887K [0x19550000, 0x1b08c000, 0x44000000)
   the space 27888K,  99% used [0x19550000, 0x1b08bff0, 0x1b08c000, 0x1b08c000)
 Metaspace       used 3327K, capacity 3494K, committed 3520K, reserved 4480K

Deoptimization events (0 events):
No events

Internal exceptions (2 events):
Event: 0.233 Thread 0x01edbc00 Exception <a 'java/lang/NoSuchMethodError': Method sun.misc.Unsafe.defineClass(Ljava/lang/String;[BII)Ljava/lang/Class; name or signature does not match> (0x040109a8) thrown at [D:\re\workspace\8-2-build-windows-i586-cygwin\jdk8u73\6086\hotspot\src\share\vФтнёЭ?
Event: 0.234 Thread 0x01edbc00 Exception <a 'java/lang/NoSuchMethodError': Method sun.misc.Unsafe.prefetchRead(Ljava/lang/Object;J)V name or signature does not match> (0x04010c78) thrown at [D:\re\workspace\8-2-build-windows-i586-cygwin\jdk8u73\6086\hotspot\src\share\vm\prims\jni.cpp, l

Events (10 events):
Event: 5.009 Executing VM operation: RevokeBias done
Event: 5.009 Executing VM operation: RevokeBias
Event: 5.009 Executing VM operation: RevokeBias done
Event: 5.060 Executing VM operation: GenCollectForAllocation
Event: 5.334 Executing VM operation: GenCollectForAllocation done
Event: 5.483 Executing VM operation: GenCollectForAllocation
Event: 5.798 Executing VM operation: GenCollectForAllocation done
Event: 5.921 Executing VM operation: GenCollectForAllocation
Event: 6.129 Executing VM operation: GenCollectForAllocation done
Event: 6.373 Executing VM operation: GenCollectForAllocation


Dynamic libraries:
0x00990000 - 0x009c3000 	C:\Program Files\Java\jdk1.8.0_73\bin\java.exe
0x77870000 - 0x779da000 	C:\Windows\SYSTEM32\ntdll.dll
0x77410000 - 0x77510000 	C:\Windows\system32\KERNEL32.DLL
0x75360000 - 0x75439000 	C:\Windows\system32\KERNELBASE.dll
0x73fe0000 - 0x74080000 	C:\Windows\system32\apphelp.dll
0x784f0000 - 0x78756000 	C:\Windows\AppPatch\AcGenral.DLL
0x77590000 - 0x77653000 	C:\Windows\system32\msvcrt.dll
0x77020000 - 0x77061000 	C:\Windows\SYSTEM32\sechost.dll
0x75260000 - 0x75283000 	C:\Windows\system32\SspiCli.dll
0x77790000 - 0x777d5000 	C:\Windows\system32\SHLWAPI.dll
0x740c0000 - 0x741ae000 	C:\Windows\SYSTEM32\UxTheme.dll
0x75600000 - 0x75755000 	C:\Windows\system32\USER32.dll
0x771d0000 - 0x772e2000 	C:\Windows\system32\GDI32.dll
0x73da0000 - 0x73dc3000 	C:\Windows\SYSTEM32\WINMM.dll
0x70710000 - 0x70723000 	C:\Windows\SYSTEM32\samcli.dll
0x76b30000 - 0x76c59000 	C:\Windows\system32\ole32.dll
0x757b0000 - 0x75847000 	C:\Windows\system32\OLEAUT32.dll
0x552a0000 - 0x552b7000 	C:\Windows\SYSTEM32\MSACM32.dll
0x73b10000 - 0x73b18000 	C:\Windows\SYSTEM32\VERSION.dll
0x75870000 - 0x76b2a000 	C:\Windows\system32\SHELL32.dll
0x74880000 - 0x7489b000 	C:\Windows\SYSTEM32\USERENV.dll
0x73420000 - 0x7343a000 	C:\Windows\SYSTEM32\dwmapi.dll
0x72b80000 - 0x72ccc000 	C:\Windows\SYSTEM32\urlmon.dll
0x77510000 - 0x7758c000 	C:\Windows\system32\ADVAPI32.dll
0x6ce10000 - 0x6ce75000 	C:\Windows\SYSTEM32\WINSPOOL.DRV
0x6f260000 - 0x6f276000 	C:\Windows\SYSTEM32\MPR.dll
0x77660000 - 0x77730000 	C:\Windows\system32\RPCRT4.dll
0x76c70000 - 0x76ded000 	C:\Windows\SYSTEM32\combase.dll
0x73730000 - 0x73753000 	C:\Windows\SYSTEM32\WINMMBASE.dll
0x75050000 - 0x7505f000 	C:\Windows\SYSTEM32\profapi.dll
0x72830000 - 0x72a64000 	C:\Windows\SYSTEM32\iertutil.dll
0x724b0000 - 0x7270d000 	C:\Windows\SYSTEM32\WININET.dll
0x75320000 - 0x7535c000 	C:\Windows\SYSTEM32\cfgmgr32.dll
0x741f0000 - 0x74211000 	C:\Windows\SYSTEM32\DEVOBJ.dll
0x777e0000 - 0x7786b000 	C:\Windows\system32\SHCORE.DLL
0x77070000 - 0x77096000 	C:\Windows\system32\IMM32.DLL
0x772f0000 - 0x77402000 	C:\Windows\system32\MSCTF.dll
0x73b40000 - 0x73d46000 	C:\Windows\WinSxS\x86_microsoft.windows.common-controls_6595b64144ccf1df_6.0.9600.18006_none_a9ec6aab013aafee\COMCTL32.dll
0x78800000 - 0x788bf000 	C:\Program Files\Java\jdk1.8.0_73\jre\bin\msvcr100.dll
0x6d140000 - 0x6d508000 	C:\Program Files\Java\jdk1.8.0_73\jre\bin\client\jvm.dll
0x702a0000 - 0x702a8000 	C:\Windows\SYSTEM32\WSOCK32.dll
0x76c60000 - 0x76c66000 	C:\Windows\system32\PSAPI.DLL
0x75760000 - 0x757af000 	C:\Windows\system32\WS2_32.dll
0x755f0000 - 0x755f7000 	C:\Windows\system32\NSI.dll
0x6ff50000 - 0x6ff5c000 	C:\Program Files\Java\jdk1.8.0_73\jre\bin\verify.dll
0x6f9c0000 - 0x6f9e1000 	C:\Program Files\Java\jdk1.8.0_73\jre\bin\java.dll
0x6f9a0000 - 0x6f9b3000 	C:\Program Files\Java\jdk1.8.0_73\jre\bin\zip.dll

VM Arguments:
jvm_args: -Djava.awt.headless=true -Xmx1024M -Dfile.encoding=windows-1251 -Duser.country=RU -Duser.language=ru -Duser.variant 
java_command: com.android.dx.command.Main --dex --force-jumbo --num-threads=4 --multi-dex --output C:\Users\Admin\Desktop\hobby\app\build\intermediates\transforms\dex\debug\folders\1000\5\slice_2 C:\Users\Admin\Desktop\hobby\app\build\intermediates\transforms\instantRunSlicer\debug\folders\1\5\slice_2
java_class_path (initial): C:\Users\Admin\AppData\Local\Android\sdk\build-tools\23.0.2\lib\dx.jar
Launcher Type: SUN_STANDARD

Environment Variables:
JAVA_HOME=c:\Program Files\Java\jdk1.8.0_73\
PATH=C:\ProgramData\Oracle\Java\javapath;C:\Windows\system32;C:\Windows;C:\Windows\System32\Wbem;C:\Windows\System32\WindowsPowerShell\v1.0\;C:\Program Files\TortoiseGit\bin;C:\Program Files\QuickTime\QTSystem\;c:\Python27\;c:\Python27\Scripts\;c:\Program Files\Java\jdk1.8.0_73\bin\;c:\Program Files\Java\jdk1.8.0_73\lib\;c:\openssl\bin\;C:\Program Files\Git\cmd;C:\Program Files\nodejs\;c:\Users\Admin\AppData\Local\Android\sdk\platform-tools\;C:\Program Files\Skype\Phone\;C:\Program Files\PuTTY\;C:\Program Files\Common Files\Autodesk Shared\;C:\Users\Admin\AppData\Roaming\npm
USERNAME=Admin
OS=Windows_NT
PROCESSOR_IDENTIFIER=x86 Family 6 Model 37 Stepping 2, GenuineIntel



---------------  S Y S T E M  ---------------

OS: Windows 8.1 Build 9600 (6.3.9600.17415)

CPU:total 4 (2 cores per cpu, 2 threads per core) family 6 model 37 stepping 2, cmov, cx8, fxsr, mmx, sse, sse2, sse3, ssse3, sse4.1, sse4.2, popcnt, ht, tsc, tscinvbit

Memory: 4k page, physical 2546360k(129128k free), swap 5692088k(5804k free)

vm_info: Java HotSpot(TM) Client VM (25.73-b02) for windows-x86 JRE (1.8.0_73-b02), built on Jan 29 2016 17:05:52 by "java_re" with MS VC++ 10.0 (VS2010)

time: Wed Oct 04 01:23:08 2017
elapsed time: 6 seconds (0d 0h 0m 6s)

