#
# There is insufficient memory for the Java Runtime Environment to continue.
# Native memory allocation (malloc) failed to allocate 4092 bytes for AllocateHeap
# Possible reasons:
#   The system is out of physical RAM or swap space
#   In 32 bit mode, the process size limit was hit
# Possible solutions:
#   Reduce memory load on the system
#   Increase physical memory or swap space
#   Check if swap backing store is full
#   Use 64 bit Java on a 64 bit OS
#   Decrease Java heap size (-Xmx/-Xms)
#   Decrease number of Java threads
#   Decrease Java thread stack sizes (-Xss)
#   Set larger code cache with -XX:ReservedCodeCacheSize=
# This output file may be truncated or incomplete.
#
#  Out of Memory Error (memory/allocation.inline.hpp:61), pid=6824, tid=6660
#
# JRE version: Java(TM) SE Runtime Environment (8.0_73-b02) (build 1.8.0_73-b02)
# Java VM: Java HotSpot(TM) Client VM (25.73-b02 mixed mode windows-x86 )
# Failed to write core dump. Minidumps are not enabled by default on client versions of Windows
#

---------------  T H R E A D  ---------------

Current thread (0x01c9c400):  VMThread [stack: 0x01b20000,0x01b70000] [id=6660]

Stack: [0x01b20000,0x01b70000],  sp=0x01b6dfa4,  free space=311k
Native frames: (J=compiled Java code, j=interpreted, Vv=VM code, C=native code)
V  [jvm.dll+0x1a7f9b]
V  [jvm.dll+0x1bef80]
V  [jvm.dll+0x1c0648]
C  [msvcr100.dll+0x5c556]
C  [msvcr100.dll+0x5c600]
C  [KERNEL32.DLL+0x4198]
C  [ntdll.dll+0x52cb1]
C  [ntdll.dll+0x52c7f]

VM_Operation (0x44a8e4b8): GenCollectForAllocation, mode: safepoint, requested by thread 0x446f8800


---------------  P R O C E S S  ---------------

Java Threads: ( => current thread )
  0x446f8800 JavaThread "pool-1-thread-1" [_thread_blocked, id=7300, stack(0x44a40000,0x44a90000)]
  0x4461e800 JavaThread "Service Thread" daemon [_thread_blocked, id=6244, stack(0x449a0000,0x449f0000)]
  0x445fcc00 JavaThread "C1 CompilerThread0" daemon [_thread_blocked, id=2064, stack(0x44950000,0x449a0000)]
  0x445fbc00 JavaThread "Attach Listener" daemon [_thread_blocked, id=2044, stack(0x44900000,0x44950000)]
  0x445fa400 JavaThread "Signal Dispatcher" daemon [_thread_blocked, id=7516, stack(0x448b0000,0x44900000)]
  0x445d6c00 JavaThread "Finalizer" daemon [_thread_blocked, id=6920, stack(0x03d80000,0x03dd0000)]
  0x445d2400 JavaThread "Reference Handler" daemon [_thread_blocked, id=6648, stack(0x01d20000,0x01d70000)]
  0x01d7bc00 JavaThread "main" [_thread_blocked, id=7664, stack(0x01ad0000,0x01b20000)]

Other Threads:
=>0x01c9c400 VMThread [stack: 0x01b20000,0x01b70000] [id=6660]
  0x44623800 WatcherThread [stack: 0x449f0000,0x44a40000] [id=4372]

VM state:at safepoint (normal execution)

VM Mutex/Monitor currently owned by a thread:  ([mutex/lock_event])
[0x01d7a4b0] Threads_lock - owner thread: 0x01c9c400
[0x01d7ad28] Heap_lock - owner thread: 0x446f8800

Heap:
 def new generation   total 4928K, used 4926K [0x03e00000, 0x04350000, 0x19350000)
  eden space 4416K,  99% used [0x03e00000, 0x0424fa48, 0x04250000)
  from space 512K,  99% used [0x04250000, 0x042cfff8, 0x042d0000)
  to   space 512K, 100% used [0x042d0000, 0x04350000, 0x04350000)
 tenured generation   total 11988K, used 11922K [0x19350000, 0x19f05000, 0x43e00000)
   the space 11988K,  99% used [0x19350000, 0x19ef4978, 0x19ef4a00, 0x19f05000)
 Metaspace       used 3347K, capacity 3494K, committed 3520K, reserved 4480K

Card table byte_map: [0x43e00000,0x44010000] byte_map_base: 0x43de1000

Polling page: 0x01a90000

CodeCache: size=32768Kb used=2170Kb max_used=2170Kb free=30597Kb
 bounds [0x01d80000, 0x01fa0000, 0x03d80000]
 total_blobs=969 nmethods=825 adapters=74
 compilation: enabled

Compilation events (10 events):
Event: 5.509 Thread 0x445fcc00  822             com.android.dx.dex.file.StringDataItem::<init> (15 bytes)
Event: 5.510 Thread 0x445fcc00 nmethod 822 0x01f9df08 code [0x01f9e010, 0x01f9e10c]
Event: 5.510 Thread 0x445fcc00  823             com.android.dx.dex.file.StringDataItem::writeSize (17 bytes)
Event: 5.510 Thread 0x445fcc00 nmethod 823 0x01f9e2c8 code [0x01f9e3c0, 0x01f9e470]
Event: 5.510 Thread 0x445fcc00  824             com.android.dx.rop.cst.CstString::getUtf16Size (8 bytes)
Event: 5.510 Thread 0x445fcc00 nmethod 824 0x01f9e5c8 code [0x01f9e6c0, 0x01f9e750]
Event: 5.510 Thread 0x445fcc00  825             com.android.dx.rop.cst.CstString::getUtf8Size (8 bytes)
Event: 5.510 Thread 0x445fcc00 nmethod 825 0x01f9e808 code [0x01f9e900, 0x01f9e990]
Event: 5.510 Thread 0x445fcc00  826             com.android.dx.dex.file.StringDataItem::addContents (1 bytes)
Event: 5.510 Thread 0x445fcc00 nmethod 826 0x01f9ea08 code [0x01f9eb00, 0x01f9eb80]

GC Heap History (10 events):
Event: 3.178 GC heap after
Heap after GC invocations=9 (full 0):
 def new generation   total 4928K, used 512K [0x03e00000, 0x04350000, 0x19350000)
  eden space 4416K,   0% used [0x03e00000, 0x03e00000, 0x04250000)
  from space 512K, 100% used [0x042d0000, 0x04350000, 0x04350000)
  to   space 512K,   0% used [0x04250000, 0x04250000, 0x042d0000)
 tenured generation   total 10944K, used 7335K [0x19350000, 0x19e00000, 0x43e00000)
   the space 10944K,  67% used [0x19350000, 0x19a79e78, 0x19a7a000, 0x19e00000)
 Metaspace       used 3281K, capacity 3462K, committed 3520K, reserved 4480K
}
Event: 3.303 GC heap before
{Heap before GC invocations=9 (full 0):
 def new generation   total 4928K, used 4928K [0x03e00000, 0x04350000, 0x19350000)
  eden space 4416K, 100% used [0x03e00000, 0x04250000, 0x04250000)
  from space 512K, 100% used [0x042d0000, 0x04350000, 0x04350000)
  to   space 512K,   0% used [0x04250000, 0x04250000, 0x042d0000)
 tenured generation   total 10944K, used 7335K [0x19350000, 0x19e00000, 0x43e00000)
   the space 10944K,  67% used [0x19350000, 0x19a79e78, 0x19a7a000, 0x19e00000)
 Metaspace       used 3281K, capacity 3462K, committed 3520K, reserved 4480K
Event: 3.311 GC heap after
Heap after GC invocations=10 (full 0):
 def new generation   total 4928K, used 512K [0x03e00000, 0x04350000, 0x19350000)
  eden space 4416K,   0% used [0x03e00000, 0x03e00000, 0x04250000)
  from space 512K, 100% used [0x04250000, 0x042d0000, 0x042d0000)
  to   space 512K,   0% used [0x042d0000, 0x042d0000, 0x04350000)
 tenured generation   total 10944K, used 7865K [0x19350000, 0x19e00000, 0x43e00000)
   the space 10944K,  71% used [0x19350000, 0x19afe548, 0x19afe600, 0x19e00000)
 Metaspace       used 3281K, capacity 3462K, committed 3520K, reserved 4480K
}
Event: 3.734 GC heap before
{Heap before GC invocations=10 (full 0):
 def new generation   total 4928K, used 4928K [0x03e00000, 0x04350000, 0x19350000)
  eden space 4416K, 100% used [0x03e00000, 0x04250000, 0x04250000)
  from space 512K, 100% used [0x04250000, 0x042d0000, 0x042d0000)
  to   space 512K,   0% used [0x042d0000, 0x042d0000, 0x04350000)
 tenured generation   total 10944K, used 7865K [0x19350000, 0x19e00000, 0x43e00000)
   the space 10944K,  71% used [0x19350000, 0x19afe548, 0x19afe600, 0x19e00000)
 Metaspace       used 3281K, capacity 3462K, committed 3520K, reserved 4480K
Event: 3.741 GC heap after
Heap after GC invocations=11 (full 0):
 def new generation   total 4928K, used 512K [0x03e00000, 0x04350000, 0x19350000)
  eden space 4416K,   0% used [0x03e00000, 0x03e00000, 0x04250000)
  from space 512K, 100% used [0x042d0000, 0x04350000, 0x04350000)
  to   space 512K,   0% used [0x04250000, 0x04250000, 0x042d0000)
 tenured generation   total 10944K, used 8482K [0x19350000, 0x19e00000, 0x43e00000)
   the space 10944K,  77% used [0x19350000, 0x19b98820, 0x19b98a00, 0x19e00000)
 Metaspace       used 3281K, capacity 3462K, committed 3520K, reserved 4480K
}
Event: 3.774 GC heap before
{Heap before GC invocations=11 (full 0):
 def new generation   total 4928K, used 4921K [0x03e00000, 0x04350000, 0x19350000)
  eden space 4416K,  99% used [0x03e00000, 0x0424e6d8, 0x04250000)
  from space 512K, 100% used [0x042d0000, 0x04350000, 0x04350000)
  to   space 512K,   0% used [0x04250000, 0x04250000, 0x042d0000)
 tenured generation   total 10944K, used 8482K [0x19350000, 0x19e00000, 0x43e00000)
   the space 10944K,  77% used [0x19350000, 0x19b98820, 0x19b98a00, 0x19e00000)
 Metaspace       used 3291K, capacity 3462K, committed 3520K, reserved 4480K
Event: 3.788 GC heap after
Heap after GC invocations=12 (full 0):
 def new generation   total 4928K, used 512K [0x03e00000, 0x04350000, 0x19350000)
  eden space 4416K,   0% used [0x03e00000, 0x03e00000, 0x04250000)
  from space 512K, 100% used [0x04250000, 0x042d0000, 0x042d0000)
  to   space 512K,   0% used [0x042d0000, 0x042d0000, 0x04350000)
 tenured generation   total 10944K, used 9412K [0x19350000, 0x19e00000, 0x43e00000)
   the space 10944K,  86% used [0x19350000, 0x19c81318, 0x19c81400, 0x19e00000)
 Metaspace       used 3291K, capacity 3462K, committed 3520K, reserved 4480K
}
Event: 3.818 GC heap before
{Heap before GC invocations=12 (full 0):
 def new generation   total 4928K, used 4928K [0x03e00000, 0x04350000, 0x19350000)
  eden space 4416K, 100% used [0x03e00000, 0x04250000, 0x04250000)
  from space 512K, 100% used [0x04250000, 0x042d0000, 0x042d0000)
  to   space 512K,   0% used [0x042d0000, 0x042d0000, 0x04350000)
 tenured generation   total 10944K, used 9412K [0x19350000, 0x19e00000, 0x43e00000)
   the space 10944K,  86% used [0x19350000, 0x19c81318, 0x19c81400, 0x19e00000)
 Metaspace       used 3295K, capacity 3462K, committed 3520K, reserved 4480K
Event: 3.830 GC heap after
Heap after GC invocations=13 (full 0):
 def new generation   total 4928K, used 512K [0x03e00000, 0x04350000, 0x19350000)
  eden space 4416K,   0% used [0x03e00000, 0x03e00000, 0x04250000)
  from space 512K, 100% used [0x042d0000, 0x04350000, 0x04350000)
  to   space 512K,   0% used [0x04250000, 0x04250000, 0x042d0000)
 tenured generation   total 10944K, used 10866K [0x19350000, 0x19e00000, 0x43e00000)
   the space 10944K,  99% used [0x19350000, 0x19deca38, 0x19decc00, 0x19e00000)
 Metaspace       used 3295K, capacity 3462K, committed 3520K, reserved 4480K
}
Event: 5.617 GC heap before
{Heap before GC invocations=13 (full 0):
 def new generation   total 4928K, used 4926K [0x03e00000, 0x04350000, 0x19350000)
  eden space 4416K,  99% used [0x03e00000, 0x0424fa48, 0x04250000)
  from space 512K, 100% used [0x042d0000, 0x04350000, 0x04350000)
  to   space 512K,   0% used [0x04250000, 0x04250000, 0x042d0000)
 tenured generation   total 10944K, used 10866K [0x19350000, 0x19e00000, 0x43e00000)
   the space 10944K,  99% used [0x19350000, 0x19deca38, 0x19decc00, 0x19e00000)
 Metaspace       used 3347K, capacity 3494K, committed 3520K, reserved 4480K

Deoptimization events (0 events):
No events

Internal exceptions (2 events):
Event: 0.147 Thread 0x01d7bc00 Exception <a 'java/lang/NoSuchMethodError': Method sun.misc.Unsafe.defineClass(Ljava/lang/String;[BII)Ljava/lang/Class; name or signature does not match> (0x03e10770) thrown at [D:\re\workspace\8-2-build-windows-i586-cygwin\jdk8u73\6086\hotspot\src\share\v<»í÷ËÂ?
Event: 0.147 Thread 0x01d7bc00 Exception <a 'java/lang/NoSuchMethodError': Method sun.misc.Unsafe.prefetchRead(Ljava/lang/Object;J)V name or signature does not match> (0x03e10a40) thrown at [D:\re\workspace\8-2-build-windows-i586-cygwin\jdk8u73\6086\hotspot\src\share\vm\prims\jni.cpp, l

Events (10 events):
Event: 5.517 loading class com/android/dx/dex/code/DalvInsnList done
Event: 5.601 loading class com/android/dx/dex/code/PositionList
Event: 5.601 loading class com/android/dx/dex/code/PositionList done
Event: 5.604 loading class com/android/dx/dex/code/PositionList$Entry
Event: 5.604 loading class com/android/dx/dex/code/PositionList$Entry done
Event: 5.608 loading class com/android/dx/dex/code/LocalList
Event: 5.611 loading class com/android/dx/dex/code/LocalList done
Event: 5.616 loading class com/android/dx/dex/code/LocalList$MakeState
Event: 5.616 loading class com/android/dx/dex/code/LocalList$MakeState done
Event: 5.617 Executing VM operation: GenCollectForAllocation


Dynamic libraries:
0x008c0000 - 0x008f3000 	C:\Program Files\Java\jdk1.8.0_73\bin\java.exe
0x77150000 - 0x772ba000 	C:\Windows\SYSTEM32\ntdll.dll
0x74fb0000 - 0x750b0000 	C:\Windows\system32\KERNEL32.DLL
0x74c80000 - 0x74d59000 	C:\Windows\system32\KERNELBASE.dll
0x738c0000 - 0x73960000 	C:\Windows\system32\apphelp.dll
0x58760000 - 0x589c6000 	C:\Windows\AppPatch\AcGenral.DLL
0x74e60000 - 0x74f23000 	C:\Windows\system32\msvcrt.dll
0x752a0000 - 0x752e1000 	C:\Windows\SYSTEM32\sechost.dll
0x749b0000 - 0x749d3000 	C:\Windows\system32\SspiCli.dll
0x76a10000 - 0x76a55000 	C:\Windows\system32\SHLWAPI.dll
0x739a0000 - 0x73a8e000 	C:\Windows\SYSTEM32\UxTheme.dll
0x750b0000 - 0x75205000 	C:\Windows\system32\USER32.dll
0x76a60000 - 0x76b72000 	C:\Windows\system32\GDI32.dll
0x73260000 - 0x73283000 	C:\Windows\SYSTEM32\WINMM.dll
0x70400000 - 0x70413000 	C:\Windows\SYSTEM32\samcli.dll
0x754b0000 - 0x755d9000 	C:\Windows\system32\ole32.dll
0x75380000 - 0x75417000 	C:\Windows\system32\OLEAUT32.dll
0x67cd0000 - 0x67ce7000 	C:\Windows\SYSTEM32\MSACM32.dll
0x73000000 - 0x73008000 	C:\Windows\SYSTEM32\VERSION.dll
0x75680000 - 0x7693a000 	C:\Windows\system32\SHELL32.dll
0x74170000 - 0x7418b000 	C:\Windows\SYSTEM32\USERENV.dll
0x73240000 - 0x7325a000 	C:\Windows\SYSTEM32\dwmapi.dll
0x71e90000 - 0x71fdc000 	C:\Windows\SYSTEM32\urlmon.dll
0x74f30000 - 0x74fac000 	C:\Windows\system32\ADVAPI32.dll
0x6c2f0000 - 0x6c355000 	C:\Windows\SYSTEM32\WINSPOOL.DRV
0x6ef60000 - 0x6ef76000 	C:\Windows\SYSTEM32\MPR.dll
0x76940000 - 0x76a10000 	C:\Windows\system32\RPCRT4.dll
0x76b80000 - 0x76cfd000 	C:\Windows\SYSTEM32\combase.dll
0x72e80000 - 0x72ea3000 	C:\Windows\SYSTEM32\WINMMBASE.dll
0x74930000 - 0x7493f000 	C:\Windows\SYSTEM32\profapi.dll
0x72250000 - 0x72484000 	C:\Windows\SYSTEM32\iertutil.dll
0x71aa0000 - 0x71cfd000 	C:\Windows\SYSTEM32\WININET.dll
0x74bb0000 - 0x74bec000 	C:\Windows\SYSTEM32\cfgmgr32.dll
0x73ad0000 - 0x73af1000 	C:\Windows\SYSTEM32\DEVOBJ.dll
0x75210000 - 0x7529b000 	C:\Windows\system32\SHCORE.DLL
0x752f0000 - 0x75316000 	C:\Windows\system32\IMM32.DLL
0x76d00000 - 0x76e12000 	C:\Windows\system32\MSCTF.dll
0x73030000 - 0x73236000 	C:\Windows\WinSxS\x86_microsoft.windows.common-controls_6595b64144ccf1df_6.0.9600.18006_none_a9ec6aab013aafee\COMCTL32.dll
0x68bd0000 - 0x68c8f000 	C:\Program Files\Java\jdk1.8.0_73\jre\bin\msvcr100.dll
0x77910000 - 0x77cd8000 	C:\Program Files\Java\jdk1.8.0_73\jre\bin\client\jvm.dll
0x709d0000 - 0x709d8000 	C:\Windows\SYSTEM32\WSOCK32.dll
0x74e50000 - 0x74e56000 	C:\Windows\system32\PSAPI.DLL
0x74da0000 - 0x74def000 	C:\Windows\system32\WS2_32.dll
0x74d60000 - 0x74d67000 	C:\Windows\system32\NSI.dll
0x72110000 - 0x7211c000 	C:\Program Files\Java\jdk1.8.0_73\jre\bin\verify.dll
0x72000000 - 0x72021000 	C:\Program Files\Java\jdk1.8.0_73\jre\bin\java.dll
0x71fe0000 - 0x71ff3000 	C:\Program Files\Java\jdk1.8.0_73\jre\bin\zip.dll

VM Arguments:
jvm_args: -Djava.awt.headless=true -Xmx1024M -Dfile.encoding=windows-1251 -Duser.country=US -Duser.language=en -Duser.variant 
java_command: com.android.dx.command.Main --dex --force-jumbo --num-threads=4 --multi-dex --output C:\Users\Admin\Desktop\hobby\app\build\intermediates\transforms\dex\debug\folders\1000\5\slice_1 C:\Users\Admin\Desktop\hobby\app\build\intermediates\transforms\instantRunSlicer\debug\folders\1\5\slice_1
java_class_path (initial): C:\Users\Admin\AppData\Local\Android\sdk\build-tools\24.0.2\lib\dx.jar
Launcher Type: SUN_STANDARD

Environment Variables:
JAVA_HOME=c:\Program Files\Java\jdk1.8.0_73\
PATH=C:\Program Files\Borland\Delphi7\Bin;C:\Program Files\Borland\Delphi7\Projects\Bpl\;C:\ProgramData\Oracle\Java\javapath;C:\Windows\system32;C:\Windows;C:\Windows\System32\Wbem;C:\Windows\System32\WindowsPowerShell\v1.0\;C:\Program Files\TortoiseGit\bin;C:\Program Files\QuickTime\QTSystem\;c:\Python27\;c:\Python27\Scripts\;c:\Program Files\Java\jdk1.8.0_73\bin\;c:\Program Files\Java\jdk1.8.0_73\lib\;c:\openssl\bin\;C:\Program Files\Git\cmd;C:\Program Files\Skype\Phone\
USERNAME=Admin
OS=Windows_NT
PROCESSOR_IDENTIFIER=x86 Family 6 Model 37 Stepping 2, GenuineIntel



---------------  S Y S T E M  ---------------

OS: Windows 8.1 Build 9600 (6.3.9600.17415)

CPU:total 4 (2 cores per cpu, 2 threads per core) family 6 model 37 stepping 2, cmov, cx8, fxsr, mmx, sse, sse2, sse3, ssse3, sse4.1, sse4.2, popcnt, ht, tsc, tscinvbit

Memory: 4k page, physical 2546360k(128716k free), swap 5692088k(5088k free)

vm_info: Java HotSpot(TM) Client VM (25.73-b02) for windows-x86 JRE (1.8.0_73-b02), built on Jan 29 2016 17:05:52 by "java_re" with MS VC++ 10.0 (VS2010)

time: Mon Mar 20 22:01:46 2017
elapsed time: 5 seconds (0d 0h 0m 5s)

